# stats: dump at 1573708021
stats: users 0 2
stats: {freemem,"tsung_controller@ip-172-31-28-213"} 1 3519.71484375 0 3519.71484375 3519.71484375 0 0
stats: {load,"tsung_controller@ip-172-31-28-213"} 1 0.0 0 0.0 0.0 0 0
stats: {cpu,"tsung_controller@ip-172-31-28-213"} 1 3.8301341436300302 0 3.8301341436300302 3.8301341436300302 0 0
stats: session 7 59.31971428571428 7.409929086113064 75.499 52.165 0 0
stats: users_count 7 7
stats: finish_users_count 7 7
stats: request 7 56.494857142857136 5.458038512887502 67.081 50.31 0 0
stats: connect 7 10.070000000000002 3.9307232704136563 19.68 7.954 0 0
stats: page 7 56.494857142857136 5.458038512887502 67.081 50.31 0 0
stats: 200 7 7
stats: size_rcv 82319 82319
stats: size_sent 980 980
stats: connected 0 0
# stats: dump at 1573708028
stats: users 0 2
stats: {freemem,"tsung_controller@ip-172-31-28-213"} 1 3475.6328125 0.0 3519.71484375 3475.6328125 3519.71484375 1
stats: {load,"tsung_controller@ip-172-31-28-213"} 1 0.078125 0.0 0.078125 0.0 0.0 1
stats: {recvpackets,"tsung_controller@ip-172-31-28-213"} 1 288 0 288 288 0 0
stats: {sentpackets,"tsung_controller@ip-172-31-28-213"} 1 242 0 242 242 0 0
stats: {cpu,"tsung_controller@ip-172-31-28-213"} 1 5.079681274900398 0.0 5.079681274900398 3.8301341436300302 3.8301341436300302 1
stats: session 2 62.316 3.048999999999994 75.499 52.165 59.31971428571428 7
stats: users_count 2 9
stats: finish_users_count 2 9
stats: request 2 60.510999999999996 3.1320000000000032 67.081 50.31 56.494857142857136 7
stats: connect 2 12.174 2.3520000000000003 19.68 7.954 10.070000000000002 7
stats: page 2 60.510999999999996 3.1320000000000032 67.081 50.31 56.494857142857136 7
stats: 200 2 9
stats: size_rcv 23490 105809
stats: size_sent 280 1260
stats: connected 0 0
EndMonitor:{1573,708028,968641}
