# stats: dump at 1573709434
stats: users 0 1
stats: {freemem,"tsung_controller@ip-172-31-28-213"} 1 3520.12109375 0 3520.12109375 3520.12109375 0 0
stats: {load,"tsung_controller@ip-172-31-28-213"} 1 0.0 0 0.0 0.0 0 0
stats: {cpu,"tsung_controller@ip-172-31-28-213"} 1 1.8694811040665047 0 1.8694811040665047 1.8694811040665047 0 0
stats: session 5 14.415200000000002 9.715413761647005 33.43 7.79 0 0
stats: users_count 5 5
stats: finish_users_count 5 5
stats: request 5 11.4178 7.421121246819783 25.713 5.925 0 0
stats: connect 5 5.594600000000001 7.438450930133236 20.47 1.739 0 0
stats: page 5 11.4178 7.421121246819783 25.713 5.925 0 0
stats: 200 5 5
stats: size_rcv 4075 4075
stats: size_sent 915 915
stats: connected 0 0
# stats: dump at 1573709444
stats: users 0 1
stats: {freemem,"tsung_controller@ip-172-31-28-213"} 1 3521.12109375 0.0 3521.12109375 3520.12109375 3520.12109375 1
stats: {load,"tsung_controller@ip-172-31-28-213"} 1 0.0 0.0 0.0 0.0 0.0 1
stats: {recvpackets,"tsung_controller@ip-172-31-28-213"} 1 827 0 827 827 0 0
stats: {sentpackets,"tsung_controller@ip-172-31-28-213"} 1 652 0 652 652 0 0
stats: {cpu,"tsung_controller@ip-172-31-28-213"} 1 2.997002997002997 0.0 2.997002997002997 1.8694811040665047 1.8694811040665047 1
stats: session 10 8.9081 0.2846188503946989 33.43 7.79 14.415200000000002 5
stats: users_count 10 15
stats: finish_users_count 10 15
stats: request 10 7.0821 0.2811133045588559 25.713 5.925 11.4178 5
stats: connect 10 1.8917000000000002 0.15731563812920826 20.47 1.732 5.594600000000001 5
stats: page 10 7.0821 0.2811133045588559 25.713 5.925 11.4178 5
stats: 200 10 15
stats: size_rcv 8150 12225
stats: size_sent 1830 2745
stats: connected 0 0
# stats: dump at 1573709454
stats: users 0 2
stats: {freemem,"tsung_controller@ip-172-31-28-213"} 1 3520.359375 0.0 3521.12109375 3520.12109375 3520.62109375 2
stats: {load,"tsung_controller@ip-172-31-28-213"} 1 0.1484375 0.0 0.1484375 0.0 0.0 2
stats: {recvpackets,"tsung_controller@ip-172-31-28-213"} 1 282.0 0.0 827 282 827.0 1
stats: {sentpackets,"tsung_controller@ip-172-31-28-213"} 1 241.0 0.0 652 241 652.0 1
stats: {cpu,"tsung_controller@ip-172-31-28-213"} 1 1.996007984031936 0.0 2.997002997002997 1.8694811040665047 2.433242050534751 2
stats: session 10 140.40240000000003 273.4472715849255 846.98 7.484 10.743799999999998 15
stats: users_count 10 25
stats: finish_users_count 10 25
stats: request 8 171.61487499999998 296.6609455782129 845.167 5.925 8.527333333333333 15
stats: connect 8 165.82487500000005 296.41161180208405 839.974 1.732 3.126 15
stats: page 8 171.61487499999998 296.6609455782129 845.167 5.925 8.527333333333333 15
stats: 200 8 23
stats: size_rcv 6520 18745
stats: size_sent 1464 4209
stats: connected 0 0
# stats: dump at 1573709464
stats: users 0 2
stats: {freemem,"tsung_controller@ip-172-31-28-213"} 1 3519.6953125 0.0 3521.12109375 3519.6953125 3520.5338541666665 3
stats: {load,"tsung_controller@ip-172-31-28-213"} 1 0.12109375 0.0 0.1484375 0.0 0.049479166666666664 3
stats: {recvpackets,"tsung_controller@ip-172-31-28-213"} 1 309.0 0.0 827 282 554.5 2
stats: {sentpackets,"tsung_controller@ip-172-31-28-213"} 1 267.0 0.0 652 241 446.5 2
stats: {cpu,"tsung_controller@ip-172-31-28-213"} 1 1.998001998001998 0.0 2.997002997002997 1.8694811040665047 2.2874973617004795 3
stats: session 11 10.508363636363637 3.3505126683085176 846.98 7.04 62.60724000000001 25
stats: users_count 11 36
stats: finish_users_count 11 36
stats: request 13 8.287769230769232 3.2278683881721304 845.167 5.046 65.2534347826087 23
stats: connect 13 2.8177692307692306 2.700332006762421 839.974 1.291 59.71691304347828 23
stats: page 13 8.287769230769232 3.2278683881721304 845.167 5.046 65.2534347826087 23
stats: 200 13 36
stats: size_rcv 10595 29340
stats: newphase 1 1
stats: size_sent 2379 6588
stats: connected 0 0
# stats: dump at 1573709474
stats: users 1 2
stats: {freemem,"tsung_controller@ip-172-31-28-213"} 1 3519.7109375 0.0 3521.12109375 3519.6953125 3520.32421875 4
stats: {load,"tsung_controller@ip-172-31-28-213"} 1 0.1015625 0.0 0.1484375 0.0 0.0673828125 4
stats: {recvpackets,"tsung_controller@ip-172-31-28-213"} 1 84.0 0.0 827 84 472.6666666666667 3
stats: {sentpackets,"tsung_controller@ip-172-31-28-213"} 1 104.0 0.0 652 104 386.6666666666667 3
stats: {cpu,"tsung_controller@ip-172-31-28-213"} 1 0.4985044865403789 0.0 2.997002997002997 0.4985044865403789 2.215123520775859 4
stats: session 19 9.856105263157893 1.7570661220741581 846.98 7.04 46.6881388888889 36
stats: users_count 20 56
stats: finish_users_count 19 55
stats: request 19 8.013526315789473 1.770387449964467 845.167 5.046 44.6825 36
stats: connect 19 2.3909473684210525 1.2296020097954763 839.974 1.291 39.170000000000016 36
stats: page 19 8.013526315789473 1.770387449964467 845.167 5.046 44.6825 36
stats: 200 19 55
stats: size_rcv 15485 44825
stats: newphase 0 1
stats: size_sent 3477 10065
stats: connected 0 0
# stats: dump at 1573709484
stats: users 0 2
stats: {freemem,"tsung_controller@ip-172-31-28-213"} 1 3519.72265625 0.0 3521.12109375 3519.6953125 3520.2015625 5
stats: {load,"tsung_controller@ip-172-31-28-213"} 1 0.08984375 0.0 0.1484375 0.0 0.07421875 5
stats: {recvpackets,"tsung_controller@ip-172-31-28-213"} 1 148.0 0.0 827 84 375.5 4
stats: {sentpackets,"tsung_controller@ip-172-31-28-213"} 1 182.0 0.0 652 104 316.0 4
stats: {cpu,"tsung_controller@ip-172-31-28-213"} 1 0.6993006993006993 0.0 2.997002997002997 0.4985044865403789 1.871799713928763 5
stats: session 24 10.050333333333336 3.7251422866188015 846.98 7.04 33.96434545454546 55
stats: users_count 23 79
stats: finish_users_count 24 79
stats: request 23 8.273217391304348 3.7938763468713255 845.167 5.046 32.01503636363636 55
stats: connect 23 2.553913043478261 2.2916948334867517 839.974 1.291 26.464509090909104 55
stats: page 23 8.273217391304348 3.7938763468713255 845.167 5.046 32.01503636363636 55
stats: 200 23 78
stats: size_rcv 18745 63570
stats: newphase 0 1
stats: size_sent 4209 14274
stats: connected 0 0
# stats: dump at 1573709494
stats: users 0 2
stats: {freemem,"tsung_controller@ip-172-31-28-213"} 1 3519.6015625 0.0 3521.12109375 3519.6015625 3520.1217447916665 6
stats: {load,"tsung_controller@ip-172-31-28-213"} 1 0.0703125 0.0 0.1484375 0.0 0.07682291666666667 6
stats: {recvpackets,"tsung_controller@ip-172-31-28-213"} 1 393.0 0.0 827 84 330.0 5
stats: {sentpackets,"tsung_controller@ip-172-31-28-213"} 1 370.0 0.0 652 104 289.2 5
stats: {cpu,"tsung_controller@ip-172-31-28-213"} 1 2.59222333000997 0.0 2.997002997002997 0.4985044865403789 1.6763832114907524 6
stats: session 26 8.832961538461541 1.4530050156292602 846.98 7.001 26.699329113924055 79
stats: users_count 26 105
stats: finish_users_count 26 105
stats: request 26 6.989615384615383 1.475177383777784 845.167 5.005 25.01424358974359 78
stats: connect 26 2.0115769230769227 1.3549828035547145 839.974 1.248 19.413948717948728 78
stats: page 26 6.989615384615383 1.475177383777784 845.167 5.005 25.01424358974359 78
stats: 200 26 104
stats: size_rcv 21190 84760
stats: newphase 1 2
stats: size_sent 4758 19032
stats: connected 0 0
# stats: dump at 1573709504
stats: users 1 2
stats: {freemem,"tsung_controller@ip-172-31-28-213"} 1 3519.609375 0.0 3521.12109375 3519.6015625 3520.047433035714 7
stats: {load,"tsung_controller@ip-172-31-28-213"} 1 0.05859375 0.0 0.1484375 0.0 0.07589285714285714 7
stats: {recvpackets,"tsung_controller@ip-172-31-28-213"} 1 203.0 0.0 827 84 340.5 6
stats: {sentpackets,"tsung_controller@ip-172-31-28-213"} 1 249.0 0.0 652 104 302.6666666666667 6
stats: {cpu,"tsung_controller@ip-172-31-28-213"} 1 0.8982035928143712 0.0 2.997002997002997 0.4985044865403789 1.807217514136355 7
stats: session 43 10.27458139534883 1.7828640041596802 846.98 7.001 22.275276190476195 105
stats: users_count 44 149
stats: finish_users_count 43 148
stats: request 44 8.35984090909091 1.7778258804094735 845.167 5.005 20.508086538461537 104
stats: connect 44 1.9022727272727273 0.6738047789718393 839.974 1.248 15.063355769230775 104
stats: page 44 8.35984090909091 1.7778258804094735 845.167 5.005 20.508086538461537 104
stats: 200 44 148
stats: size_rcv 35860 120620
stats: newphase 0 2
stats: size_sent 8052 27084
stats: connected 0 0
# stats: dump at 1573709514
stats: users 0 2
stats: {freemem,"tsung_controller@ip-172-31-28-213"} 1 3519.484375 0.0 3521.12109375 3519.484375 3519.99267578125 8
stats: {load,"tsung_controller@ip-172-31-28-213"} 1 0.05078125 0.0 0.1484375 0.0 0.07373046875 8
stats: {recvpackets,"tsung_controller@ip-172-31-28-213"} 1 506.0 0.0 827 84 320.85714285714283 7
stats: {sentpackets,"tsung_controller@ip-172-31-28-213"} 1 552.0 0.0 652 104 295.0 7
stats: {cpu,"tsung_controller@ip-172-31-28-213"} 1 2.68389662027833 0.0 2.997002997002997 0.4985044865403789 1.693590773971107 8
stats: session 40 8.589250000000002 0.5072523903344373 846.98 7.001 18.788587837837838 148
stats: users_count 39 188
stats: finish_users_count 40 188
stats: request 40 6.698549999999999 0.5526989212039409 845.167 5.005 16.896445945945946 148
stats: connect 40 1.648825 0.18061559837123703 839.974 1.248 11.150601351351355 148
stats: page 40 6.698549999999999 0.5526989212039409 845.167 5.005 16.896445945945946 148
stats: 200 40 188
stats: size_rcv 32600 153220
stats: newphase 0 2
stats: size_sent 7320 34404
stats: connected 0 0
# stats: dump at 1573709524
stats: users 0 4
stats: {freemem,"tsung_controller@ip-172-31-28-213"} 1 3519.49609375 0.0 3521.12109375 3519.484375 3519.9361979166665 9
stats: {load,"tsung_controller@ip-172-31-28-213"} 1 0.0390625 0.0 0.1484375 0.0 0.07118055555555555 9
stats: {recvpackets,"tsung_controller@ip-172-31-28-213"} 1 273.0 0.0 827 84 344.0 8
stats: {sentpackets,"tsung_controller@ip-172-31-28-213"} 1 341.0 0.0 652 104 327.125 8
stats: {cpu,"tsung_controller@ip-172-31-28-213"} 1 1.0967098703888334 0.0 2.997002997002997 0.4985044865403789 1.8036247568941317 9
stats: session 68 9.378382352941175 2.2114903015401697 846.98 6.996 16.61851595744681 188
stats: users_count 68 256
stats: finish_users_count 68 256
stats: request 65 7.496215384615386 2.2778602543230906 845.167 4.998 14.72668085106383 188
stats: connect 65 1.9307384615384615 1.0987246491612703 839.974 1.233 9.128946808510642 188
stats: page 65 7.496215384615386 2.2778602543230906 845.167 4.998 14.72668085106383 188
stats: 200 65 253
stats: size_rcv 52975 206195
stats: newphase 1 3
stats: size_sent 11895 46299
stats: connected 0 0
# stats: dump at 1573709534
stats: users 0 10
stats: {freemem,"tsung_controller@ip-172-31-28-213"} 1 3519.44921875 0.0 3521.12109375 3519.44921875 3519.8921875 10
stats: {load,"tsung_controller@ip-172-31-28-213"} 1 0.0390625 0.0 0.1484375 0.0 0.06796875 10
stats: {recvpackets,"tsung_controller@ip-172-31-28-213"} 1 531.0 0.0 827 84 336.1111111111111 9
stats: {sentpackets,"tsung_controller@ip-172-31-28-213"} 1 639.0 0.0 652 104 328.6666666666667 9
stats: {cpu,"tsung_controller@ip-172-31-28-213"} 1 2.2794846382556986 0.0 2.997002997002997 0.4985044865403789 1.7329332682436018 10
stats: session 93 59.87423655913979 165.49848572164979 846.98 6.996 14.695355468750002 256
stats: users_count 93 349
stats: finish_users_count 93 349
stats: request 95 56.92450526315788 163.92310516380755 845.167 4.998 12.869051383399208 253
stats: connect 95 48.676578947368434 156.39083535698092 839.974 1.233 7.2796047430830075 253
stats: page 95 56.92450526315788 163.92310516380755 845.167 4.998 12.869051383399208 253
stats: 200 95 348
stats: size_rcv 77425 283620
stats: newphase 0 3
stats: size_sent 17385 63684
stats: connected 0 0
# stats: dump at 1573709544
stats: users 1 10
stats: {freemem,"tsung_controller@ip-172-31-28-213"} 1 3519.32421875 0.0 3521.12109375 3519.32421875 3519.8519176136365 11
stats: {load,"tsung_controller@ip-172-31-28-213"} 1 0.03125 0.0 0.1484375 0.0 0.06534090909090909 11
stats: {recvpackets,"tsung_controller@ip-172-31-28-213"} 1 837.0 0.0 837 84 355.6 10
stats: {sentpackets,"tsung_controller@ip-172-31-28-213"} 1 1003.0 0.0 1003 104 359.7 10
stats: {cpu,"tsung_controller@ip-172-31-28-213"} 1 4.621435594886923 0.0 4.621435594886923 0.4985044865403789 1.7826197564265198 11
stats: session 72 10.574597222222227 2.5980870027543674 846.98 6.996 26.734426934097424 349
stats: users_count 73 422
stats: finish_users_count 72 421
stats: request 72 8.545236111111102 2.4764715630478937 845.167 4.998 24.895683908045974 348
stats: connect 72 2.7917916666666676 2.009696031033742 839.974 1.233 18.580502873563226 348
stats: page 72 8.545236111111102 2.4764715630478937 845.167 4.998 24.895683908045974 348
stats: 200 72 420
stats: size_rcv 58680 342300
stats: newphase 0 3
stats: size_sent 13176 76860
stats: connected 0 0
# stats: dump at 1573709551
stats: users 0 10
stats: {freemem,"tsung_controller@ip-172-31-28-213"} 1 3519.08203125 0.0 3521.12109375 3519.08203125 3519.8079427083335 12
stats: {load,"tsung_controller@ip-172-31-28-213"} 1 0.01953125 0.0 0.1484375 0.0 0.0625 12
stats: {recvpackets,"tsung_controller@ip-172-31-28-213"} 1 682.0 0.0 837 84 399.3636363636364 11
stats: {sentpackets,"tsung_controller@ip-172-31-28-213"} 1 797.0 0.0 1003 104 418.1818181818182 11
stats: {cpu,"tsung_controller@ip-172-31-28-213"} 1 3.6345776031434185 0.0 4.621435594886923 0.4985044865403789 2.0191877429648866 12
stats: session 18 8.968388888888889 1.1570625710003224 846.98 6.996 23.97075059382423 421
stats: users_count 17 439
stats: finish_users_count 18 439
stats: request 19 7.058894736842103 1.14216359298053 845.167 4.998 22.092749999999995 420
stats: connect 19 1.9303684210526313 0.9116480859887661 839.974 1.233 15.873866666666673 420
stats: page 19 7.058894736842103 1.14216359298053 845.167 4.998 22.092749999999995 420
stats: 200 19 439
stats: size_rcv 15485 357785
stats: newphase 0 3
stats: size_sent 3477 80337
stats: connected 0 0
EndMonitor:{1573,709551,518655}
