# stats: dump at 1573709108
stats: users 0 1
stats: {freemem,"tsung_controller@ip-172-31-28-213"} 1 3520.9453125 0 3520.9453125 3520.9453125 0 0
stats: {load,"tsung_controller@ip-172-31-28-213"} 1 0.078125 0 0.078125 0.078125 0 0
stats: {cpu,"tsung_controller@ip-172-31-28-213"} 1 2.022077612347109 0 2.022077612347109 2.022077612347109 0 0
stats: session 9 15.508444444444443 10.268016503374945 41.028 8.694 0 0
stats: users_count 9 9
stats: finish_users_count 9 9
stats: request 9 12.898777777777777 8.493590966497788 32.687 6.783 0 0
stats: connect 9 6.749777777777777 7.412558259509146 25.217 1.74 0 0
stats: page 9 12.898777777777777 8.493590966497788 32.687 6.783 0 0
stats: 200 9 9
stats: size_rcv 7335 7335
stats: size_sent 1647 1647
stats: connected 0 0
# stats: dump at 1573709113
stats: users 0 1
stats: {freemem,"tsung_controller@ip-172-31-28-213"} 1 3522.65234375 0.0 3522.65234375 3520.9453125 3520.9453125 1
stats: {load,"tsung_controller@ip-172-31-28-213"} 1 0.21875 0.0 0.21875 0.078125 0.078125 1
stats: {recvpackets,"tsung_controller@ip-172-31-28-213"} 1 358 0 358 358 0 0
stats: {sentpackets,"tsung_controller@ip-172-31-28-213"} 1 306 0 306 306 0 0
stats: {cpu,"tsung_controller@ip-172-31-28-213"} 1 1.097804391217565 0.0 2.022077612347109 1.097804391217565 2.022077612347109 1
stats: session 1 8.747 0.0 41.028 8.694 15.508444444444443 9
stats: users_count 1 10
stats: finish_users_count 1 10
stats: request 1 6.896 0.0 32.687 6.783 12.898777777777777 9
stats: connect 1 1.881 0.0 25.217 1.74 6.749777777777777 9
stats: page 1 6.896 0.0 32.687 6.783 12.898777777777777 9
stats: 200 1 10
stats: size_rcv 815 8150
stats: size_sent 183 1830
stats: connected 0 0
EndMonitor:{1573,709113,923697}
