
=INFO REPORT==== 14-Nov-2019::05:24:57 ===
    ts_config_server:(5:<0.102.0>) Config server started, logdir is "/home/ec2-user/.tsung/log/20191114-0524"
 
=INFO REPORT==== 14-Nov-2019::05:24:57 ===
              ts_mon:(5:<0.83.0>) starting monitor, global 

=INFO REPORT==== 14-Nov-2019::05:24:57 ===
           ts_config:(5:<0.102.0>) Reading config file: simple.xml

=INFO REPORT==== 14-Nov-2019::05:24:58 ===
      ts_config_http:(4:<0.102.0>) Get user agent: 100 "Mozilla/5.0 (Windows; U; Windows NT 5.2; fr-FR; rv:1.7.8) Gecko/20050511 Firefox/1.0.4" 

=INFO REPORT==== 14-Nov-2019::05:24:58 ===
           ts_config:(5:<0.102.0>) Session name for id 1 is "http-example"

=INFO REPORT==== 14-Nov-2019::05:24:58 ===
    ts_config_server:(4:<0.102.0>) SYSINFO:Tsung version: 1.7.0

=INFO REPORT==== 14-Nov-2019::05:24:58 ===
    ts_config_server:(4:<0.102.0>) SYSINFO:Erlang version: Erlang/OTP 20 [erts-9.1] [source] [64-bit] [smp:1:1] [ds:1:1:10] [async-threads:8] [hipe] [kernel-poll:true]


=INFO REPORT==== 14-Nov-2019::05:24:58 ===
    ts_config_server:(4:<0.102.0>) SYSINFO:System architecture x86_64-unknown-linux-gnu

=INFO REPORT==== 14-Nov-2019::05:24:58 ===
    ts_config_server:(4:<0.102.0>) SYSINFO:Current path: /usr/local/lib/tsung/tsung-1.7.0/ebin/tsung.beam

=INFO REPORT==== 14-Nov-2019::05:24:58 ===
              ts_mon:(5:<0.103.0>) Activate clients with text backend

=INFO REPORT==== 14-Nov-2019::05:24:58 ===
              ts_mon:(5:<0.103.0>) Starting tsung clients on hosts: [localhost]

=INFO REPORT==== 14-Nov-2019::05:24:58 ===
    ts_config_server:(5:<0.102.0>) Start a launcher on the controller beam localhost

=INFO REPORT==== 14-Nov-2019::05:24:58 ===
  ts_launcher_static:(5:<0.154.0>) Launch msg receive ("localhost")

=INFO REPORT==== 14-Nov-2019::05:24:58 ===
         ts_launcher:(5:<0.155.0>) Launch msg receive ("localhost")

=INFO REPORT==== 14-Nov-2019::05:24:58 ===
    ts_config_server:(5:<0.102.0>) New arrival phase 1 for client "localhost" (last ? true): will start 10 users

=INFO REPORT==== 14-Nov-2019::05:24:58 ===
         ts_launcher:(5:<0.155.0>) Expected duration of first phase: 10.0 sec (10 users) 

=INFO REPORT==== 14-Nov-2019::05:24:58 ===
         ts_launcher:(5:<0.155.0>) Activate launcher (10 users) in 2640 msec 

=INFO REPORT==== 14-Nov-2019::05:25:08 ===
         ts_launcher:(5:<0.155.0>) This was the last phase, wait for connected users to finish their session

=INFO REPORT==== 14-Nov-2019::05:25:13 ===
     ts_launcher_mgr:(5:<0.149.0>) No more active users 'tsung_controller@ip-172-31-28-213' "3575"

=INFO REPORT==== 14-Nov-2019::05:25:13 ===
              ts_mon:(5:<0.103.0>) stopping monitor (normal)
