Started GET "/" for ::1 at 2019-10-23 19:13:56 -0700
  [1m[35m (4.8ms)[0m  [1m[34mSELECT sqlite_version(*)[0m
Processing by Rails::WelcomeController#index as HTML
  Rendering /Library/Ruby/Gems/2.6.0/gems/railties-6.0.0/lib/rails/templates/rails/welcome/index.html.erb
  Rendered /Library/Ruby/Gems/2.6.0/gems/railties-6.0.0/lib/rails/templates/rails/welcome/index.html.erb (Duration: 11.8ms | Allocations: 479)
Completed 200 OK in 41ms (Views: 19.6ms | ActiveRecord: 0.0ms | Allocations: 2736)


Started GET "/" for ::1 at 2019-10-23 19:25:30 -0700
  [1m[35m (0.3ms)[0m  [1m[34mSELECT sqlite_version(*)[0m
Processing by Rails::WelcomeController#index as HTML
  Rendering /Library/Ruby/Gems/2.6.0/gems/railties-6.0.0/lib/rails/templates/rails/welcome/index.html.erb
  Rendered /Library/Ruby/Gems/2.6.0/gems/railties-6.0.0/lib/rails/templates/rails/welcome/index.html.erb (Duration: 8.0ms | Allocations: 191)
Completed 200 OK in 28ms (Views: 11.8ms | ActiveRecord: 0.0ms | Allocations: 796)


Started GET "/" for ::1 at 2019-10-23 19:25:31 -0700
Processing by Rails::WelcomeController#index as HTML
  Rendering /Library/Ruby/Gems/2.6.0/gems/railties-6.0.0/lib/rails/templates/rails/welcome/index.html.erb
  Rendered /Library/Ruby/Gems/2.6.0/gems/railties-6.0.0/lib/rails/templates/rails/welcome/index.html.erb (Duration: 0.8ms | Allocations: 8)
Completed 200 OK in 3ms (Views: 1.9ms | ActiveRecord: 0.0ms | Allocations: 305)


Started GET "/" for ::1 at 2019-10-23 19:25:32 -0700
Processing by Rails::WelcomeController#index as HTML
  Rendering /Library/Ruby/Gems/2.6.0/gems/railties-6.0.0/lib/rails/templates/rails/welcome/index.html.erb
  Rendered /Library/Ruby/Gems/2.6.0/gems/railties-6.0.0/lib/rails/templates/rails/welcome/index.html.erb (Duration: 0.3ms | Allocations: 7)
Completed 200 OK in 1ms (Views: 0.6ms | ActiveRecord: 0.0ms | Allocations: 301)


Started GET "/" for ::1 at 2019-10-23 19:25:32 -0700
Processing by Rails::WelcomeController#index as HTML
  Rendering /Library/Ruby/Gems/2.6.0/gems/railties-6.0.0/lib/rails/templates/rails/welcome/index.html.erb
  Rendered /Library/Ruby/Gems/2.6.0/gems/railties-6.0.0/lib/rails/templates/rails/welcome/index.html.erb (Duration: 0.3ms | Allocations: 7)
Completed 200 OK in 2ms (Views: 0.7ms | ActiveRecord: 0.0ms | Allocations: 301)


Started GET "/" for ::1 at 2019-10-23 19:35:04 -0700
  [1m[35m (0.9ms)[0m  [1m[34mSELECT sqlite_version(*)[0m
Processing by ApplicationController#hello as HTML
  Rendering html template
  Rendered html template (Duration: 0.0ms | Allocations: 5)
Completed 200 OK in 12ms (Views: 6.0ms | ActiveRecord: 0.0ms | Allocations: 1180)


  [1m[35m (7.4ms)[0m  [1m[34mSELECT sqlite_version(*)[0m
  [1m[35m (2.2ms)[0m  [1m[35mCREATE TABLE "schema_migrations" ("version" varchar NOT NULL PRIMARY KEY)[0m
  [1m[35m (2.2ms)[0m  [1m[35mCREATE TABLE "ar_internal_metadata" ("key" varchar NOT NULL PRIMARY KEY, "value" varchar, "created_at" datetime(6) NOT NULL, "updated_at" datetime(6) NOT NULL)[0m
  [1m[35m (0.2ms)[0m  [1m[34mSELECT "schema_migrations"."version" FROM "schema_migrations" ORDER BY "schema_migrations"."version" ASC[0m
Migrating to CreateUsers (20191025152435)
  [1m[35m (0.1ms)[0m  [1m[36mbegin transaction[0m
  [1m[35m (0.8ms)[0m  [1m[35mCREATE TABLE "users" ("id" integer PRIMARY KEY AUTOINCREMENT NOT NULL, "name" varchar, "bio" varchar, "created_at" datetime(6) NOT NULL, "updated_at" datetime(6) NOT NULL)[0m
  [1m[36mprimary::SchemaMigration Create (0.2ms)[0m  [1m[32mINSERT INTO "schema_migrations" ("version") VALUES (?)[0m  [["version", "20191025152435"]]
  [1m[35m (1.0ms)[0m  [1m[36mcommit transaction[0m
  [1m[36mActiveRecord::InternalMetadata Load (0.3ms)[0m  [1m[34mSELECT "ar_internal_metadata".* FROM "ar_internal_metadata" WHERE "ar_internal_metadata"."key" = ? LIMIT ?[0m  [["key", "environment"], ["LIMIT", 1]]
  [1m[35m (0.1ms)[0m  [1m[36mbegin transaction[0m
  [1m[36mActiveRecord::InternalMetadata Create (0.6ms)[0m  [1m[32mINSERT INTO "ar_internal_metadata" ("key", "value", "created_at", "updated_at") VALUES (?, ?, ?, ?)[0m  [["key", "environment"], ["value", "development"], ["created_at", "2019-10-25 15:25:27.539310"], ["updated_at", "2019-10-25 15:25:27.539310"]]
  [1m[35m (0.8ms)[0m  [1m[36mcommit transaction[0m
  [1m[35m (0.0ms)[0m  [1m[34mSELECT sqlite_version(*)[0m
  [1m[35m (0.1ms)[0m  [1m[34mSELECT "schema_migrations"."version" FROM "schema_migrations" ORDER BY "schema_migrations"."version" ASC[0m
Started GET "/" for ::1 at 2019-10-25 08:26:20 -0700
  [1m[35m (3.0ms)[0m  [1m[34mSELECT sqlite_version(*)[0m
  [1m[35m (0.5ms)[0m  [1m[34mSELECT "schema_migrations"."version" FROM "schema_migrations" ORDER BY "schema_migrations"."version" ASC[0m
Processing by ApplicationController#hello as HTML
  Rendering html template
  Rendered html template (Duration: 0.3ms | Allocations: 5)
Completed 200 OK in 32ms (Views: 20.2ms | ActiveRecord: 0.0ms | Allocations: 1093)


Started GET "/users" for ::1 at 2019-10-25 08:26:31 -0700
Processing by UsersController#index as HTML
  Rendering users/index.html.erb within layouts/application
  [1m[36mUser Load (0.7ms)[0m  [1m[34mSELECT "users".* FROM "users"[0m
  ↳ app/views/users/index.html.erb:15
  Rendered users/index.html.erb within layouts/application (Duration: 7.2ms | Allocations: 1402)
[Webpacker] Compiling…
[Webpacker] Compiled all packs in /Users/sai/Dropbox/School/COM SCI 188/radius-on-rails/public/packs
Completed 200 OK in 5736ms (Views: 5725.1ms | ActiveRecord: 1.3ms | Allocations: 1377247)


Started GET "/users" for ::1 at 2019-10-25 08:27:20 -0700
  [1m[35m (0.1ms)[0m  [1m[34mSELECT sqlite_version(*)[0m
Processing by UsersController#index as HTML
  Rendering users/index.html.erb within layouts/application
  [1m[36mUser Load (0.5ms)[0m  [1m[34mSELECT "users".* FROM "users"[0m
  ↳ app/views/users/index.html.erb:15
  Rendered users/index.html.erb within layouts/application (Duration: 2.7ms | Allocations: 1061)
Completed 200 OK in 17ms (Views: 13.0ms | ActiveRecord: 0.9ms | Allocations: 7997)


Started GET "/" for ::1 at 2019-10-25 08:27:23 -0700
Processing by UsersController#index as HTML
  Rendering users/index.html.erb within layouts/application
  [1m[36mUser Load (0.2ms)[0m  [1m[34mSELECT "users".* FROM "users"[0m
  ↳ app/views/users/index.html.erb:15
  Rendered users/index.html.erb within layouts/application (Duration: 1.9ms | Allocations: 616)
Completed 200 OK in 14ms (Views: 11.4ms | ActiveRecord: 0.2ms | Allocations: 7044)


Started GET "/users/new" for ::1 at 2019-10-25 08:27:25 -0700
Processing by UsersController#new as HTML
  Rendering users/new.html.erb within layouts/application
  Rendered users/_form.html.erb (Duration: 21.2ms | Allocations: 5076)
  Rendered users/new.html.erb within layouts/application (Duration: 24.4ms | Allocations: 5434)
Completed 200 OK in 43ms (Views: 32.1ms | ActiveRecord: 0.3ms | Allocations: 15057)


Started POST "/users" for ::1 at 2019-10-25 08:28:49 -0700
Processing by UsersController#create as HTML
  Parameters: {"authenticity_token"=>"zv/C6+5PL0347N0G2X/eWp4BX3kSJQibEBHDzEwzjQKWijqFqRHs1Iq2WqiPZzrjT9/w8PiSY8nbJxqDoq2rOQ==", "user"=>{"name"=>"Sai", "bio"=>"I like cheese."}, "commit"=>"Create User"}
  [1m[35m (0.1ms)[0m  [1m[36mbegin transaction[0m
  ↳ app/controllers/users_controller.rb:30:in `block in create'
  [1m[36mUser Create (0.9ms)[0m  [1m[32mINSERT INTO "users" ("name", "bio", "created_at", "updated_at") VALUES (?, ?, ?, ?)[0m  [["name", "Sai"], ["bio", "I like cheese."], ["created_at", "2019-10-25 15:28:49.449309"], ["updated_at", "2019-10-25 15:28:49.449309"]]
  ↳ app/controllers/users_controller.rb:30:in `block in create'
  [1m[35m (0.9ms)[0m  [1m[36mcommit transaction[0m
  ↳ app/controllers/users_controller.rb:30:in `block in create'
Redirected to http://localhost:3000/users/1
Completed 302 Found in 10ms (ActiveRecord: 1.9ms | Allocations: 2726)


Started GET "/users/1" for ::1 at 2019-10-25 08:28:49 -0700
Processing by UsersController#show as HTML
  Parameters: {"id"=>"1"}
  [1m[36mUser Load (0.2ms)[0m  [1m[34mSELECT "users".* FROM "users" WHERE "users"."id" = ? LIMIT ?[0m  [["id", 1], ["LIMIT", 1]]
  ↳ app/controllers/users_controller.rb:67:in `set_user'
  Rendering users/show.html.erb within layouts/application
  Rendered users/show.html.erb within layouts/application (Duration: 1.2ms | Allocations: 277)
Completed 200 OK in 21ms (Views: 16.9ms | ActiveRecord: 0.2ms | Allocations: 7782)


Started GET "/users" for ::1 at 2019-10-25 08:28:52 -0700
Processing by UsersController#index as HTML
  Rendering users/index.html.erb within layouts/application
  [1m[36mUser Load (0.2ms)[0m  [1m[34mSELECT "users".* FROM "users"[0m
  ↳ app/views/users/index.html.erb:15
  Rendered users/index.html.erb within layouts/application (Duration: 2.5ms | Allocations: 739)
Completed 200 OK in 54ms (Views: 53.0ms | ActiveRecord: 0.2ms | Allocations: 7171)


Started GET "/users/new" for ::1 at 2019-10-25 08:28:55 -0700
Processing by UsersController#new as HTML
  Rendering users/new.html.erb within layouts/application
  Rendered users/_form.html.erb (Duration: 1.2ms | Allocations: 706)
  Rendered users/new.html.erb within layouts/application (Duration: 1.5ms | Allocations: 791)
Completed 200 OK in 13ms (Views: 12.0ms | ActiveRecord: 0.0ms | Allocations: 7227)


Started POST "/users" for ::1 at 2019-10-25 08:29:06 -0700
Processing by UsersController#create as HTML
  Parameters: {"authenticity_token"=>"UqCTDzFIJmR6WLunn0mDR0uD9WModKK9DmH+OgAAyQ8K1Wthdhbl/QgCPAnJUWf+ml1a6sLDye/FVyd17p7vNA==", "user"=>{"name"=>"Kevin", "bio"=>"I like cheeses."}, "commit"=>"Create User"}
  [1m[35m (0.2ms)[0m  [1m[36mbegin transaction[0m
  ↳ app/controllers/users_controller.rb:30:in `block in create'
  [1m[36mUser Create (0.5ms)[0m  [1m[32mINSERT INTO "users" ("name", "bio", "created_at", "updated_at") VALUES (?, ?, ?, ?)[0m  [["name", "Kevin"], ["bio", "I like cheeses."], ["created_at", "2019-10-25 15:29:06.532856"], ["updated_at", "2019-10-25 15:29:06.532856"]]
  ↳ app/controllers/users_controller.rb:30:in `block in create'
  [1m[35m (1.3ms)[0m  [1m[36mcommit transaction[0m
  ↳ app/controllers/users_controller.rb:30:in `block in create'
Redirected to http://localhost:3000/users/2
Completed 302 Found in 10ms (ActiveRecord: 2.0ms | Allocations: 2494)


Started GET "/users/2" for ::1 at 2019-10-25 08:29:06 -0700
Processing by UsersController#show as HTML
  Parameters: {"id"=>"2"}
  [1m[36mUser Load (0.3ms)[0m  [1m[34mSELECT "users".* FROM "users" WHERE "users"."id" = ? LIMIT ?[0m  [["id", 2], ["LIMIT", 1]]
  ↳ app/controllers/users_controller.rb:67:in `set_user'
  Rendering users/show.html.erb within layouts/application
  Rendered users/show.html.erb within layouts/application (Duration: 0.4ms | Allocations: 95)
Completed 200 OK in 12ms (Views: 10.2ms | ActiveRecord: 0.3ms | Allocations: 7038)


Started GET "/users" for ::1 at 2019-10-25 08:29:07 -0700
Processing by UsersController#index as HTML
  Rendering users/index.html.erb within layouts/application
  [1m[36mUser Load (0.2ms)[0m  [1m[34mSELECT "users".* FROM "users"[0m
  ↳ app/views/users/index.html.erb:15
  Rendered users/index.html.erb within layouts/application (Duration: 1.7ms | Allocations: 855)
Completed 200 OK in 13ms (Views: 12.0ms | ActiveRecord: 0.2ms | Allocations: 7270)


Started GET "/" for ::1 at 2019-10-25 08:30:31 -0700
  [1m[35m (0.6ms)[0m  [1m[34mSELECT sqlite_version(*)[0m
  [1m[35m (5.2ms)[0m  [1m[34mSELECT "schema_migrations"."version" FROM "schema_migrations" ORDER BY "schema_migrations"."version" ASC[0m
Processing by UsersController#index as HTML
  Rendering users/index.html.erb within layouts/application
  [1m[36mUser Load (0.4ms)[0m  [1m[34mSELECT "users".* FROM "users"[0m
  ↳ app/views/users/index.html.erb:15
  Rendered users/index.html.erb within layouts/application (Duration: 21.4ms | Allocations: 4769)
Completed 200 OK in 1349ms (Views: 1333.7ms | ActiveRecord: 1.2ms | Allocations: 1360701)


Started GET "/users/1" for ::1 at 2019-10-25 08:31:35 -0700
Processing by UsersController#show as HTML
  Parameters: {"id"=>"1"}
  [1m[36mUser Load (0.2ms)[0m  [1m[34mSELECT "users".* FROM "users" WHERE "users"."id" = ? LIMIT ?[0m  [["id", 1], ["LIMIT", 1]]
  ↳ app/controllers/users_controller.rb:67:in `set_user'
  Rendering users/show.html.erb within layouts/application
  Rendered users/show.html.erb within layouts/application (Duration: 1.9ms | Allocations: 283)
Completed 200 OK in 31ms (Views: 15.4ms | ActiveRecord: 0.2ms | Allocations: 10870)


Started GET "/" for ::1 at 2019-10-25 09:17:53 -0700
  [1m[35m (0.6ms)[0m  [1m[34mSELECT sqlite_version(*)[0m
Processing by UsersController#index as HTML
  Rendering users/index.html.erb within layouts/application
  [1m[36mUser Load (4.8ms)[0m  [1m[34mSELECT "users".* FROM "users"[0m
  ↳ app/views/users/index.html.erb:15
  Rendered users/index.html.erb within layouts/application (Duration: 23.3ms | Allocations: 880)
Completed 200 OK in 225ms (Views: 213.8ms | ActiveRecord: 4.8ms | Allocations: 7313)


  [1m[35m (6.9ms)[0m  [1m[34mSELECT sqlite_version(*)[0m
  [1m[35m (0.9ms)[0m  [1m[34mSELECT "schema_migrations"."version" FROM "schema_migrations" ORDER BY "schema_migrations"."version" ASC[0m
  [1m[35m (0.2ms)[0m  [1m[34mSELECT "schema_migrations"."version" FROM "schema_migrations" ORDER BY "schema_migrations"."version" ASC[0m
  [1m[35m (0.1ms)[0m  [1m[34mSELECT "schema_migrations"."version" FROM "schema_migrations" ORDER BY "schema_migrations"."version" ASC[0m
  [1m[35m (0.1ms)[0m  [1m[34mSELECT "schema_migrations"."version" FROM "schema_migrations" ORDER BY "schema_migrations"."version" ASC[0m
Migrating to CreateUsers (20191025152435)
  [1m[35m (0.1ms)[0m  [1m[36mbegin transaction[0m
  [1m[35m (1.3ms)[0m  [1m[35mDROP TABLE "users"[0m
  [1m[36mprimary::SchemaMigration Destroy (0.5ms)[0m  [1m[31mDELETE FROM "schema_migrations" WHERE "schema_migrations"."version" = ?[0m  [["version", "20191025152435"]]
  [1m[35m (1.1ms)[0m  [1m[36mcommit transaction[0m
  [1m[35m (0.1ms)[0m  [1m[34mSELECT sqlite_version(*)[0m
  [1m[35m (0.1ms)[0m  [1m[34mSELECT "schema_migrations"."version" FROM "schema_migrations" ORDER BY "schema_migrations"."version" ASC[0m
  [1m[35m (1.3ms)[0m  [1m[34mSELECT sqlite_version(*)[0m
  [1m[35m (0.6ms)[0m  [1m[34mSELECT "schema_migrations"."version" FROM "schema_migrations" ORDER BY "schema_migrations"."version" ASC[0m
Migrating to CreateUsers (20191025152435)
  [1m[35m (0.2ms)[0m  [1m[36mbegin transaction[0m
  [1m[35m (1.0ms)[0m  [1m[35mCREATE TABLE "users" ("id" integer PRIMARY KEY AUTOINCREMENT NOT NULL, "lat" decimal(10,6), "lon" decimal(10,6), "name" varchar, "bio" varchar, "created_at" datetime(6) NOT NULL, "updated_at" datetime(6) NOT NULL)[0m
  [1m[35m (0.3ms)[0m  [1m[35mCREATE  INDEX "index_users_on_lat_and_lon" ON "users" ("lat", "lon")[0m
  [1m[36mprimary::SchemaMigration Create (0.8ms)[0m  [1m[32mINSERT INTO "schema_migrations" ("version") VALUES (?)[0m  [["version", "20191025152435"]]
  [1m[35m (1.2ms)[0m  [1m[36mcommit transaction[0m
  [1m[36mActiveRecord::InternalMetadata Load (0.9ms)[0m  [1m[34mSELECT "ar_internal_metadata".* FROM "ar_internal_metadata" WHERE "ar_internal_metadata"."key" = ? LIMIT ?[0m  [["key", "environment"], ["LIMIT", 1]]
  [1m[35m (0.1ms)[0m  [1m[34mSELECT sqlite_version(*)[0m
  [1m[35m (0.1ms)[0m  [1m[34mSELECT "schema_migrations"."version" FROM "schema_migrations" ORDER BY "schema_migrations"."version" ASC[0m
Started GET "/" for ::1 at 2019-10-25 12:05:17 -0700
  [1m[35m (0.3ms)[0m  [1m[34mSELECT sqlite_version(*)[0m
  [1m[35m (0.2ms)[0m  [1m[34mSELECT "schema_migrations"."version" FROM "schema_migrations" ORDER BY "schema_migrations"."version" ASC[0m
Processing by UsersController#index as HTML
  Rendering users/index.html.erb within layouts/application
  [1m[36mUser Load (0.2ms)[0m  [1m[34mSELECT "users".* FROM "users"[0m
  ↳ app/views/users/index.html.erb:15
  Rendered users/index.html.erb within layouts/application (Duration: 3.3ms | Allocations: 810)
Completed 200 OK in 56ms (Views: 45.1ms | ActiveRecord: 0.2ms | Allocations: 7739)


  [1m[35m (7.8ms)[0m  [1m[34mSELECT sqlite_version(*)[0m
  [1m[35m (0.1ms)[0m  [1m[36mbegin transaction[0m
  [1m[36mUser Create (2.0ms)[0m  [1m[32mINSERT INTO "users" ("lat", "lon", "name", "bio", "created_at", "updated_at") VALUES (?, ?, ?, ?, ?, ?)[0m  [["lat", 34.067142], ["lon", -118.451345], ["name", "Sai"], ["bio", "I like cheese."], ["created_at", "2019-10-25 19:14:17.215324"], ["updated_at", "2019-10-25 19:14:17.215324"]]
  [1m[35m (1.0ms)[0m  [1m[36mcommit transaction[0m
  [1m[35m (0.0ms)[0m  [1m[36mbegin transaction[0m
  [1m[36mUser Create (0.4ms)[0m  [1m[32mINSERT INTO "users" ("lat", "lon", "name", "bio", "created_at", "updated_at") VALUES (?, ?, ?, ?, ?, ?)[0m  [["lat", 35.067142], ["lon", -110.451345], ["name", "Kevin"], ["bio", "I like cheese."], ["created_at", "2019-10-25 19:14:27.246244"], ["updated_at", "2019-10-25 19:14:27.246244"]]
  [1m[35m (0.8ms)[0m  [1m[36mcommit transaction[0m
  [1m[35m (0.2ms)[0m  [1m[36mbegin transaction[0m
  [1m[36mUser Create (0.5ms)[0m  [1m[32mINSERT INTO "users" ("lat", "lon", "name", "bio", "created_at", "updated_at") VALUES (?, ?, ?, ?, ?, ?)[0m  [["lat", 38.067142], ["lon", -120.451345], ["name", "Lucas"], ["bio", "I like cheese."], ["created_at", "2019-10-25 19:14:31.471219"], ["updated_at", "2019-10-25 19:14:31.471219"]]
  [1m[35m (0.8ms)[0m  [1m[36mcommit transaction[0m
  [1m[35m (0.1ms)[0m  [1m[36mbegin transaction[0m
  [1m[36mUser Create (0.5ms)[0m  [1m[32mINSERT INTO "users" ("lat", "lon", "name", "bio", "created_at", "updated_at") VALUES (?, ?, ?, ?, ?, ?)[0m  [["lat", 40.067142], ["lon", -102.451345], ["name", "Elena"], ["bio", "I like cheese."], ["created_at", "2019-10-25 19:14:35.113933"], ["updated_at", "2019-10-25 19:14:35.113933"]]
  [1m[35m (2.6ms)[0m  [1m[36mcommit transaction[0m
  [1m[35m (0.1ms)[0m  [1m[36mbegin transaction[0m
  [1m[36mUser Create (0.4ms)[0m  [1m[32mINSERT INTO "users" ("lat", "lon", "name", "bio", "created_at", "updated_at") VALUES (?, ?, ?, ?, ?, ?)[0m  [["lat", 45.067142], ["lon", -18.451345], ["name", "Sriram"], ["bio", "I like cheese."], ["created_at", "2019-10-25 19:14:38.939334"], ["updated_at", "2019-10-25 19:14:38.939334"]]
  [1m[35m (3.0ms)[0m  [1m[36mcommit transaction[0m
  [1m[36mUser Load (0.5ms)[0m  [1m[34mSELECT "users".* FROM "users" LIMIT ?[0m  [["LIMIT", 11]]
Started GET "/" for ::1 at 2019-10-25 12:14:58 -0700
  [1m[35m (0.1ms)[0m  [1m[34mSELECT sqlite_version(*)[0m
Processing by UsersController#index as HTML
Completed 500 Internal Server Error in 18ms (ActiveRecord: 0.0ms | Allocations: 3854)


  
NoMethodError (undefined method `acts_as_mappable' for #<Class:0x00007f995ca389f8>):
  
app/models/user.rb:2:in `<class:User>'
app/models/user.rb:1:in `<main>'
app/controllers/users_controller.rb:7:in `index'
Started GET "/" for ::1 at 2019-10-25 12:15:42 -0700
  [1m[35m (6.6ms)[0m  [1m[34mSELECT sqlite_version(*)[0m
  [1m[35m (0.8ms)[0m  [1m[34mSELECT "schema_migrations"."version" FROM "schema_migrations" ORDER BY "schema_migrations"."version" ASC[0m
Processing by UsersController#index as HTML
  Rendering users/index.html.erb within layouts/application
  [1m[36mUser Load (0.4ms)[0m  [1m[34mSELECT "users".* FROM "users"[0m
  ↳ app/views/users/index.html.erb:15
  Rendered users/index.html.erb within layouts/application (Duration: 11.4ms | Allocations: 6439)
Completed 200 OK in 1058ms (Views: 1042.6ms | ActiveRecord: 1.1ms | Allocations: 1363684)


Started GET "/users/1" for ::1 at 2019-10-25 12:15:48 -0700
Processing by UsersController#show as HTML
  Parameters: {"id"=>"1"}
  [1m[36mUser Load (0.3ms)[0m  [1m[34mSELECT "users".* FROM "users" WHERE "users"."id" = ? LIMIT ?[0m  [["id", 1], ["LIMIT", 1]]
  ↳ app/controllers/users_controller.rb:67:in `set_user'
  Rendering users/show.html.erb within layouts/application
  Rendered users/show.html.erb within layouts/application (Duration: 1.9ms | Allocations: 283)
Completed 200 OK in 16ms (Views: 10.1ms | ActiveRecord: 0.3ms | Allocations: 7815)


Started GET "/users/2/edit" for ::1 at 2019-10-25 12:15:50 -0700
Processing by UsersController#edit as HTML
  Parameters: {"id"=>"2"}
  [1m[36mUser Load (0.1ms)[0m  [1m[34mSELECT "users".* FROM "users" WHERE "users"."id" = ? LIMIT ?[0m  [["id", 2], ["LIMIT", 1]]
  ↳ app/controllers/users_controller.rb:67:in `set_user'
  Rendering users/edit.html.erb within layouts/application
  Rendered users/_form.html.erb (Duration: 29.5ms | Allocations: 2632)
  Rendered users/edit.html.erb within layouts/application (Duration: 32.3ms | Allocations: 3030)
Completed 200 OK in 42ms (Views: 39.4ms | ActiveRecord: 0.1ms | Allocations: 10127)


Started PATCH "/users/2" for ::1 at 2019-10-25 12:15:53 -0700
Processing by UsersController#update as HTML
  Parameters: {"authenticity_token"=>"rGmImuXT046Ck8375X9saO2BUy7UdSbGVaxzJ2l0dBy5awcOtOs2VAA7HuIRD43iCQ3cfkbX/fPQWOPpVl91rg==", "user"=>{"name"=>"Kevin", "bio"=>"I like dogs."}, "commit"=>"Update User", "id"=>"2"}
  [1m[36mUser Load (0.7ms)[0m  [1m[34mSELECT "users".* FROM "users" WHERE "users"."id" = ? LIMIT ?[0m  [["id", 2], ["LIMIT", 1]]
  ↳ app/controllers/users_controller.rb:67:in `set_user'
  [1m[35m (0.1ms)[0m  [1m[36mbegin transaction[0m
  ↳ app/controllers/users_controller.rb:44:in `block in update'
  [1m[36mUser Update (3.1ms)[0m  [1m[33mUPDATE "users" SET "bio" = ?, "updated_at" = ? WHERE "users"."id" = ?[0m  [["bio", "I like dogs."], ["updated_at", "2019-10-25 19:15:53.893893"], ["id", 2]]
  ↳ app/controllers/users_controller.rb:44:in `block in update'
  [1m[35m (1.3ms)[0m  [1m[36mcommit transaction[0m
  ↳ app/controllers/users_controller.rb:44:in `block in update'
Redirected to http://localhost:3000/users/2
Completed 302 Found in 15ms (ActiveRecord: 5.2ms | Allocations: 3394)


Started GET "/users/2" for ::1 at 2019-10-25 12:15:53 -0700
Processing by UsersController#show as HTML
  Parameters: {"id"=>"2"}
  [1m[36mUser Load (0.4ms)[0m  [1m[34mSELECT "users".* FROM "users" WHERE "users"."id" = ? LIMIT ?[0m  [["id", 2], ["LIMIT", 1]]
  ↳ app/controllers/users_controller.rb:67:in `set_user'
  Rendering users/show.html.erb within layouts/application
  Rendered users/show.html.erb within layouts/application (Duration: 0.3ms | Allocations: 97)
Completed 200 OK in 24ms (Views: 17.4ms | ActiveRecord: 0.4ms | Allocations: 7049)


Started GET "/users" for ::1 at 2019-10-25 12:15:55 -0700
Processing by UsersController#index as HTML
  Rendering users/index.html.erb within layouts/application
  [1m[36mUser Load (0.3ms)[0m  [1m[34mSELECT "users".* FROM "users"[0m
  ↳ app/views/users/index.html.erb:15
  Rendered users/index.html.erb within layouts/application (Duration: 2.9ms | Allocations: 1228)
Completed 200 OK in 11ms (Views: 9.9ms | ActiveRecord: 0.3ms | Allocations: 7676)


Started GET "/users/3/edit" for ::1 at 2019-10-25 12:15:56 -0700
Processing by UsersController#edit as HTML
  Parameters: {"id"=>"3"}
  [1m[36mUser Load (0.2ms)[0m  [1m[34mSELECT "users".* FROM "users" WHERE "users"."id" = ? LIMIT ?[0m  [["id", 3], ["LIMIT", 1]]
  ↳ app/controllers/users_controller.rb:67:in `set_user'
  Rendering users/edit.html.erb within layouts/application
  Rendered users/_form.html.erb (Duration: 2.2ms | Allocations: 745)
  Rendered users/edit.html.erb within layouts/application (Duration: 2.7ms | Allocations: 859)
Completed 200 OK in 15ms (Views: 12.1ms | ActiveRecord: 0.2ms | Allocations: 7794)


Started PATCH "/users/3" for ::1 at 2019-10-25 12:16:00 -0700
Processing by UsersController#update as HTML
  Parameters: {"authenticity_token"=>"hWxf+egRjGxXeTDnV3UO+NKPb9ln0pLMFXJEIokNuTQrGvlFAFUs6JdS4MbN0o1No5bVWyubiiZcDGObxWEJsw==", "user"=>{"name"=>"Lucas", "bio"=>"I like cats."}, "commit"=>"Update User", "id"=>"3"}
  [1m[36mUser Load (0.2ms)[0m  [1m[34mSELECT "users".* FROM "users" WHERE "users"."id" = ? LIMIT ?[0m  [["id", 3], ["LIMIT", 1]]
  ↳ app/controllers/users_controller.rb:67:in `set_user'
  [1m[35m (0.1ms)[0m  [1m[36mbegin transaction[0m
  ↳ app/controllers/users_controller.rb:44:in `block in update'
  [1m[36mUser Update (0.7ms)[0m  [1m[33mUPDATE "users" SET "bio" = ?, "updated_at" = ? WHERE "users"."id" = ?[0m  [["bio", "I like cats."], ["updated_at", "2019-10-25 19:16:00.203443"], ["id", 3]]
  ↳ app/controllers/users_controller.rb:44:in `block in update'
  [1m[35m (2.1ms)[0m  [1m[36mcommit transaction[0m
  ↳ app/controllers/users_controller.rb:44:in `block in update'
Redirected to http://localhost:3000/users/3
Completed 302 Found in 11ms (ActiveRecord: 3.0ms | Allocations: 3153)


Started GET "/users/3" for ::1 at 2019-10-25 12:16:00 -0700
Processing by UsersController#show as HTML
  Parameters: {"id"=>"3"}
  [1m[36mUser Load (0.1ms)[0m  [1m[34mSELECT "users".* FROM "users" WHERE "users"."id" = ? LIMIT ?[0m  [["id", 3], ["LIMIT", 1]]
  ↳ app/controllers/users_controller.rb:67:in `set_user'
  Rendering users/show.html.erb within layouts/application
  Rendered users/show.html.erb within layouts/application (Duration: 0.2ms | Allocations: 94)
Completed 200 OK in 14ms (Views: 12.1ms | ActiveRecord: 0.1ms | Allocations: 7039)


Started GET "/users" for ::1 at 2019-10-25 12:16:01 -0700
Processing by UsersController#index as HTML
  Rendering users/index.html.erb within layouts/application
  [1m[36mUser Load (1.6ms)[0m  [1m[34mSELECT "users".* FROM "users"[0m
  ↳ app/views/users/index.html.erb:15
  Rendered users/index.html.erb within layouts/application (Duration: 3.8ms | Allocations: 1219)
Completed 200 OK in 16ms (Views: 13.9ms | ActiveRecord: 1.6ms | Allocations: 7658)


Started GET "/users/5/edit" for ::1 at 2019-10-25 12:16:03 -0700
Processing by UsersController#edit as HTML
  Parameters: {"id"=>"5"}
  [1m[36mUser Load (0.2ms)[0m  [1m[34mSELECT "users".* FROM "users" WHERE "users"."id" = ? LIMIT ?[0m  [["id", 5], ["LIMIT", 1]]
  ↳ app/controllers/users_controller.rb:67:in `set_user'
  Rendering users/edit.html.erb within layouts/application
  Rendered users/_form.html.erb (Duration: 2.3ms | Allocations: 745)
  Rendered users/edit.html.erb within layouts/application (Duration: 3.1ms | Allocations: 859)
Completed 200 OK in 34ms (Views: 30.9ms | ActiveRecord: 0.2ms | Allocations: 7798)


Started GET "/users" for ::1 at 2019-10-25 12:16:04 -0700
Processing by UsersController#index as HTML
  Rendering users/index.html.erb within layouts/application
  [1m[36mUser Load (0.2ms)[0m  [1m[34mSELECT "users".* FROM "users"[0m
  ↳ app/views/users/index.html.erb:15
  Rendered users/index.html.erb within layouts/application (Duration: 4.2ms | Allocations: 1219)
Completed 200 OK in 19ms (Views: 18.3ms | ActiveRecord: 0.2ms | Allocations: 7655)


Started GET "/users/4/edit" for ::1 at 2019-10-25 12:16:05 -0700
Processing by UsersController#edit as HTML
  Parameters: {"id"=>"4"}
  [1m[36mUser Load (0.2ms)[0m  [1m[34mSELECT "users".* FROM "users" WHERE "users"."id" = ? LIMIT ?[0m  [["id", 4], ["LIMIT", 1]]
  ↳ app/controllers/users_controller.rb:67:in `set_user'
  Rendering users/edit.html.erb within layouts/application
  Rendered users/_form.html.erb (Duration: 3.9ms | Allocations: 745)
  Rendered users/edit.html.erb within layouts/application (Duration: 4.4ms | Allocations: 859)
Completed 200 OK in 20ms (Views: 16.5ms | ActiveRecord: 0.2ms | Allocations: 7792)


Started PATCH "/users/4" for ::1 at 2019-10-25 12:16:07 -0700
Processing by UsersController#update as HTML
  Parameters: {"authenticity_token"=>"lSpjiY19RQasTFUlwTM1MyDIxZNXd2YkBXgnY/e7fj1DWtbhNZ1anzHudkkdR9MQNW+wrZ9sGQ+h72CEW3FyQQ==", "user"=>{"name"=>"Elena", "bio"=>"I like cars."}, "commit"=>"Update User", "id"=>"4"}
  [1m[36mUser Load (0.1ms)[0m  [1m[34mSELECT "users".* FROM "users" WHERE "users"."id" = ? LIMIT ?[0m  [["id", 4], ["LIMIT", 1]]
  ↳ app/controllers/users_controller.rb:67:in `set_user'
  [1m[35m (0.0ms)[0m  [1m[36mbegin transaction[0m
  ↳ app/controllers/users_controller.rb:44:in `block in update'
  [1m[36mUser Update (0.7ms)[0m  [1m[33mUPDATE "users" SET "bio" = ?, "updated_at" = ? WHERE "users"."id" = ?[0m  [["bio", "I like cars."], ["updated_at", "2019-10-25 19:16:07.404101"], ["id", 4]]
  ↳ app/controllers/users_controller.rb:44:in `block in update'
  [1m[35m (0.6ms)[0m  [1m[36mcommit transaction[0m
  ↳ app/controllers/users_controller.rb:44:in `block in update'
Redirected to http://localhost:3000/users/4
Completed 302 Found in 5ms (ActiveRecord: 1.5ms | Allocations: 3156)


Started GET "/users/4" for ::1 at 2019-10-25 12:16:07 -0700
Processing by UsersController#show as HTML
  Parameters: {"id"=>"4"}
  [1m[36mUser Load (0.2ms)[0m  [1m[34mSELECT "users".* FROM "users" WHERE "users"."id" = ? LIMIT ?[0m  [["id", 4], ["LIMIT", 1]]
  ↳ app/controllers/users_controller.rb:67:in `set_user'
  Rendering users/show.html.erb within layouts/application
  Rendered users/show.html.erb within layouts/application (Duration: 0.3ms | Allocations: 94)
Completed 200 OK in 13ms (Views: 10.8ms | ActiveRecord: 0.2ms | Allocations: 7039)


Started GET "/users" for ::1 at 2019-10-25 12:16:08 -0700
Processing by UsersController#index as HTML
  Rendering users/index.html.erb within layouts/application
  [1m[36mUser Load (0.3ms)[0m  [1m[34mSELECT "users".* FROM "users"[0m
  ↳ app/views/users/index.html.erb:15
  Rendered users/index.html.erb within layouts/application (Duration: 3.7ms | Allocations: 1219)
Completed 200 OK in 15ms (Views: 14.1ms | ActiveRecord: 0.3ms | Allocations: 7659)


Started GET "/users/5/edit" for ::1 at 2019-10-25 12:16:11 -0700
Processing by UsersController#edit as HTML
  Parameters: {"id"=>"5"}
  [1m[36mUser Load (0.2ms)[0m  [1m[34mSELECT "users".* FROM "users" WHERE "users"."id" = ? LIMIT ?[0m  [["id", 5], ["LIMIT", 1]]
  ↳ app/controllers/users_controller.rb:67:in `set_user'
  Rendering users/edit.html.erb within layouts/application
  Rendered users/_form.html.erb (Duration: 2.2ms | Allocations: 745)
  Rendered users/edit.html.erb within layouts/application (Duration: 2.7ms | Allocations: 859)
Completed 200 OK in 15ms (Views: 12.1ms | ActiveRecord: 0.2ms | Allocations: 7789)


Started GET "/users" for ::1 at 2019-10-25 12:16:18 -0700
Processing by UsersController#index as HTML
  Rendering users/index.html.erb within layouts/application
  [1m[36mUser Load (0.2ms)[0m  [1m[34mSELECT "users".* FROM "users"[0m
  ↳ app/views/users/index.html.erb:15
  Rendered users/index.html.erb within layouts/application (Duration: 2.6ms | Allocations: 1219)
Completed 200 OK in 14ms (Views: 13.2ms | ActiveRecord: 0.2ms | Allocations: 7651)


Started GET "/users/5/edit" for ::1 at 2019-10-25 12:16:20 -0700
Processing by UsersController#edit as HTML
  Parameters: {"id"=>"5"}
  [1m[36mUser Load (0.1ms)[0m  [1m[34mSELECT "users".* FROM "users" WHERE "users"."id" = ? LIMIT ?[0m  [["id", 5], ["LIMIT", 1]]
  ↳ app/controllers/users_controller.rb:67:in `set_user'
  Rendering users/edit.html.erb within layouts/application
  Rendered users/_form.html.erb (Duration: 1.4ms | Allocations: 745)
  Rendered users/edit.html.erb within layouts/application (Duration: 1.7ms | Allocations: 859)
Completed 200 OK in 15ms (Views: 12.4ms | ActiveRecord: 0.1ms | Allocations: 7791)


Started PATCH "/users/5" for ::1 at 2019-10-25 12:16:22 -0700
Processing by UsersController#update as HTML
  Parameters: {"authenticity_token"=>"OSf3KcNb0sQEq7THjqc0BkyqNqvt3x+2+jQIw2Md8iqPXOOyblPxh/ZY7XD3EQu2Q+h4XnqKxQgRkAkmDA3NEw==", "user"=>{"name"=>"Sriram", "bio"=>"I like apples."}, "commit"=>"Update User", "id"=>"5"}
  [1m[36mUser Load (0.3ms)[0m  [1m[34mSELECT "users".* FROM "users" WHERE "users"."id" = ? LIMIT ?[0m  [["id", 5], ["LIMIT", 1]]
  ↳ app/controllers/users_controller.rb:67:in `set_user'
  [1m[35m (0.1ms)[0m  [1m[36mbegin transaction[0m
  ↳ app/controllers/users_controller.rb:44:in `block in update'
  [1m[36mUser Update (0.6ms)[0m  [1m[33mUPDATE "users" SET "bio" = ?, "updated_at" = ? WHERE "users"."id" = ?[0m  [["bio", "I like apples."], ["updated_at", "2019-10-25 19:16:22.946080"], ["id", 5]]
  ↳ app/controllers/users_controller.rb:44:in `block in update'
  [1m[35m (1.3ms)[0m  [1m[36mcommit transaction[0m
  ↳ app/controllers/users_controller.rb:44:in `block in update'
Redirected to http://localhost:3000/users/5
Completed 302 Found in 12ms (ActiveRecord: 2.3ms | Allocations: 3151)


Started GET "/users/5" for ::1 at 2019-10-25 12:16:22 -0700
Processing by UsersController#show as HTML
  Parameters: {"id"=>"5"}
  [1m[36mUser Load (0.1ms)[0m  [1m[34mSELECT "users".* FROM "users" WHERE "users"."id" = ? LIMIT ?[0m  [["id", 5], ["LIMIT", 1]]
  ↳ app/controllers/users_controller.rb:67:in `set_user'
  Rendering users/show.html.erb within layouts/application
  Rendered users/show.html.erb within layouts/application (Duration: 0.3ms | Allocations: 94)
Completed 200 OK in 11ms (Views: 9.1ms | ActiveRecord: 0.1ms | Allocations: 7049)


Started GET "/users" for ::1 at 2019-10-25 12:16:24 -0700
Processing by UsersController#index as HTML
  Rendering users/index.html.erb within layouts/application
  [1m[36mUser Load (0.2ms)[0m  [1m[34mSELECT "users".* FROM "users"[0m
  ↳ app/views/users/index.html.erb:15
  Rendered users/index.html.erb within layouts/application (Duration: 4.4ms | Allocations: 1219)
Completed 200 OK in 14ms (Views: 13.6ms | ActiveRecord: 0.2ms | Allocations: 7645)


Started GET "/users/1" for ::1 at 2019-10-25 12:16:26 -0700
Processing by UsersController#show as HTML
  Parameters: {"id"=>"1"}
  [1m[36mUser Load (0.2ms)[0m  [1m[34mSELECT "users".* FROM "users" WHERE "users"."id" = ? LIMIT ?[0m  [["id", 1], ["LIMIT", 1]]
  ↳ app/controllers/users_controller.rb:67:in `set_user'
  Rendering users/show.html.erb within layouts/application
  Rendered users/show.html.erb within layouts/application (Duration: 0.7ms | Allocations: 92)
Completed 200 OK in 11ms (Views: 8.8ms | ActiveRecord: 0.2ms | Allocations: 7030)


Started GET "/users/1" for ::1 at 2019-10-25 12:20:53 -0700
  [1m[35m (0.1ms)[0m  [1m[34mSELECT sqlite_version(*)[0m
Processing by UsersController#show as HTML
  Parameters: {"id"=>"1"}
  [1m[36mUser Load (0.1ms)[0m  [1m[34mSELECT "users".* FROM "users" WHERE "users"."id" = ? LIMIT ?[0m  [["id", 1], ["LIMIT", 1]]
  ↳ app/controllers/users_controller.rb:68:in `set_user'
Completed 500 Internal Server Error in 19ms (ActiveRecord: 0.8ms | Allocations: 7501)


  
TypeError (no implicit conversion of Symbol into Integer):
  
app/controllers/users_controller.rb:13:in `show'
Started GET "/users/1" for ::1 at 2019-10-25 12:21:05 -0700
  [1m[35m (0.1ms)[0m  [1m[34mSELECT sqlite_version(*)[0m
Processing by UsersController#show as HTML
  Parameters: {"id"=>"1"}
  [1m[36mUser Load (0.3ms)[0m  [1m[34mSELECT "users".* FROM "users" WHERE "users"."id" = ? LIMIT ?[0m  [["id", 1], ["LIMIT", 1]]
  ↳ app/controllers/users_controller.rb:68:in `set_user'
Completed 500 Internal Server Error in 13ms (ActiveRecord: 0.8ms | Allocations: 7217)


  
TypeError (no implicit conversion of Symbol into Integer):
  
app/controllers/users_controller.rb:13:in `show'
Started GET "/users/1" for ::1 at 2019-10-25 12:22:08 -0700
  [1m[35m (0.0ms)[0m  [1m[34mSELECT sqlite_version(*)[0m
Processing by UsersController#show as HTML
  Parameters: {"id"=>"1"}
  [1m[36mUser Load (0.3ms)[0m  [1m[34mSELECT "users".* FROM "users" WHERE "users"."id" = ? LIMIT ?[0m  [["id", 1], ["LIMIT", 1]]
  ↳ app/controllers/users_controller.rb:68:in `set_user'
  Rendering users/show.html.erb within layouts/application
  [1m[36mUser Load (0.2ms)[0m  [1m[34mSELECT "users".* FROM "users"[0m
  ↳ app/views/users/show.html.erb:23
  Rendered users/show.html.erb within layouts/application (Duration: 2.9ms | Allocations: 1649)
Completed 200 OK in 30ms (Views: 17.1ms | ActiveRecord: 0.9ms | Allocations: 15378)


Started GET "/users/1" for ::1 at 2019-10-25 12:23:05 -0700
Processing by UsersController#show as HTML
  Parameters: {"id"=>"1"}
  [1m[36mUser Load (0.2ms)[0m  [1m[34mSELECT "users".* FROM "users" WHERE "users"."id" = ? LIMIT ?[0m  [["id", 1], ["LIMIT", 1]]
  ↳ app/controllers/users_controller.rb:68:in `set_user'
  Rendering users/show.html.erb within layouts/application
  [1m[36mUser Load (0.2ms)[0m  [1m[34mSELECT "users".* FROM "users"[0m
  ↳ app/views/users/show.html.erb:27
  Rendered users/show.html.erb within layouts/application (Duration: 3.6ms | Allocations: 1573)
Completed 200 OK in 24ms (Views: 20.8ms | ActiveRecord: 0.4ms | Allocations: 9448)


Started GET "/users/1" for ::1 at 2019-10-25 12:23:11 -0700
Processing by UsersController#show as HTML
  Parameters: {"id"=>"1"}
  [1m[36mUser Load (0.1ms)[0m  [1m[34mSELECT "users".* FROM "users" WHERE "users"."id" = ? LIMIT ?[0m  [["id", 1], ["LIMIT", 1]]
  ↳ app/controllers/users_controller.rb:68:in `set_user'
  Rendering users/show.html.erb within layouts/application
  [1m[36mUser Load (0.1ms)[0m  [1m[34mSELECT "users".* FROM "users"[0m
  ↳ app/views/users/show.html.erb:28
  Rendered users/show.html.erb within layouts/application (Duration: 2.4ms | Allocations: 1574)
Completed 200 OK in 18ms (Views: 14.6ms | ActiveRecord: 0.3ms | Allocations: 9449)


Started GET "/users/1" for ::1 at 2019-10-25 12:26:28 -0700
  [1m[35m (0.1ms)[0m  [1m[34mSELECT sqlite_version(*)[0m
Processing by UsersController#show as HTML
  Parameters: {"id"=>"1"}
  [1m[36mUser Load (0.1ms)[0m  [1m[34mSELECT "users".* FROM "users" WHERE "users"."id" = ? LIMIT ?[0m  [["id", 1], ["LIMIT", 1]]
  ↳ app/controllers/users_controller.rb:69:in `set_user'
  [1m[36mCACHE User Load (0.0ms)[0m  [1m[34mSELECT "users".* FROM "users" WHERE "users"."id" = ? LIMIT ?[0m  [["id", 1], ["LIMIT", 1]]
  ↳ app/controllers/users_controller.rb:13:in `show'
Completed 500 Internal Server Error in 12ms (ActiveRecord: 0.8ms | Allocations: 7523)


  
TypeError (no implicit conversion of Symbol into Integer):
  
app/controllers/users_controller.rb:14:in `show'
Started GET "/users/1" for ::1 at 2019-10-25 12:26:42 -0700
  [1m[35m (0.1ms)[0m  [1m[34mSELECT sqlite_version(*)[0m
Processing by UsersController#show as HTML
  Parameters: {"id"=>"1"}
  [1m[36mUser Load (0.1ms)[0m  [1m[34mSELECT "users".* FROM "users" WHERE "users"."id" = ? LIMIT ?[0m  [["id", 1], ["LIMIT", 1]]
  ↳ app/controllers/users_controller.rb:70:in `set_user'
  [1m[36mCACHE User Load (0.0ms)[0m  [1m[34mSELECT "users".* FROM "users" WHERE "users"."id" = ? LIMIT ?[0m  [["id", 1], ["LIMIT", 1]]
  ↳ app/controllers/users_controller.rb:13:in `show'
  Rendering users/show.html.erb within layouts/application
  Rendered users/show.html.erb within layouts/application (Duration: 1.8ms | Allocations: 1277)
Completed 500 Internal Server Error in 14ms (ActiveRecord: 0.6ms | Allocations: 8688)


  
ActionView::Template::Error (undefined method `each' for nil:NilClass):
    25:   </thead>
    26: 
    27:   <tbody>
    28:     <% @nearby_users.each do |user| %>
    29:       <tr>
    30:         <td><%= user.name %></td>
    31:         <td><%= user.bio %></td>
  
app/views/users/show.html.erb:28
Started GET "/users/1" for ::1 at 2019-10-25 12:26:44 -0700
Processing by UsersController#show as HTML
  Parameters: {"id"=>"1"}
  [1m[36mUser Load (0.4ms)[0m  [1m[34mSELECT "users".* FROM "users" WHERE "users"."id" = ? LIMIT ?[0m  [["id", 1], ["LIMIT", 1]]
  ↳ app/controllers/users_controller.rb:70:in `set_user'
  [1m[36mCACHE User Load (0.0ms)[0m  [1m[34mSELECT "users".* FROM "users" WHERE "users"."id" = ? LIMIT ?[0m  [["id", 1], ["LIMIT", 1]]
  ↳ app/controllers/users_controller.rb:13:in `show'
  Rendering users/show.html.erb within layouts/application
  Rendered users/show.html.erb within layouts/application (Duration: 1.5ms | Allocations: 1267)
Completed 500 Internal Server Error in 7ms (ActiveRecord: 0.4ms | Allocations: 2648)


  
ActionView::Template::Error (undefined method `each' for nil:NilClass):
    25:   </thead>
    26: 
    27:   <tbody>
    28:     <% @nearby_users.each do |user| %>
    29:       <tr>
    30:         <td><%= user.name %></td>
    31:         <td><%= user.bio %></td>
  
app/views/users/show.html.erb:28
Started GET "/users/1" for ::1 at 2019-10-25 12:27:15 -0700
  [1m[35m (0.0ms)[0m  [1m[34mSELECT sqlite_version(*)[0m
Processing by UsersController#show as HTML
  Parameters: {"id"=>"1"}
  [1m[36mUser Load (0.1ms)[0m  [1m[34mSELECT "users".* FROM "users" WHERE "users"."id" = ? LIMIT ?[0m  [["id", 1], ["LIMIT", 1]]
  ↳ app/controllers/users_controller.rb:70:in `set_user'
  [1m[36mCACHE User Load (0.0ms)[0m  [1m[34mSELECT "users".* FROM "users" WHERE "users"."id" = ? LIMIT ?[0m  [["id", 1], ["LIMIT", 1]]
  ↳ app/controllers/users_controller.rb:13:in `show'
  Rendering users/show.html.erb within layouts/application
  Rendered users/show.html.erb within layouts/application (Duration: 1.4ms | Allocations: 1551)
Completed 500 Internal Server Error in 15ms (ActiveRecord: 0.6ms | Allocations: 9553)


  
ActionView::Template::Error (undefined method `each' for nil:NilClass):
    25:   </thead>
    26: 
    27:   <tbody>
    28:     # <% @nearby_users.each do |user| %>
    29:     #   <tr>
    30:     #     <td><%= user.name %></td>
    31:     #     <td><%= user.bio %></td>
  
app/views/users/show.html.erb:28
Started GET "/users/1" for ::1 at 2019-10-25 12:27:17 -0700
Processing by UsersController#show as HTML
  Parameters: {"id"=>"1"}
  [1m[36mUser Load (0.5ms)[0m  [1m[34mSELECT "users".* FROM "users" WHERE "users"."id" = ? LIMIT ?[0m  [["id", 1], ["LIMIT", 1]]
  ↳ app/controllers/users_controller.rb:70:in `set_user'
  [1m[36mCACHE User Load (0.0ms)[0m  [1m[34mSELECT "users".* FROM "users" WHERE "users"."id" = ? LIMIT ?[0m  [["id", 1], ["LIMIT", 1]]
  ↳ app/controllers/users_controller.rb:13:in `show'
  Rendering users/show.html.erb within layouts/application
  Rendered users/show.html.erb within layouts/application (Duration: 1.4ms | Allocations: 1266)
Completed 500 Internal Server Error in 5ms (ActiveRecord: 0.5ms | Allocations: 2647)


  
ActionView::Template::Error (undefined method `each' for nil:NilClass):
    25:   </thead>
    26: 
    27:   <tbody>
    28:     # <% @nearby_users.each do |user| %>
    29:     #   <tr>
    30:     #     <td><%= user.name %></td>
    31:     #     <td><%= user.bio %></td>
  
app/views/users/show.html.erb:28
Started GET "/users/1" for ::1 at 2019-10-25 12:27:23 -0700
Processing by UsersController#show as HTML
  Parameters: {"id"=>"1"}
  [1m[36mUser Load (0.1ms)[0m  [1m[34mSELECT "users".* FROM "users" WHERE "users"."id" = ? LIMIT ?[0m  [["id", 1], ["LIMIT", 1]]
  ↳ app/controllers/users_controller.rb:70:in `set_user'
  [1m[36mCACHE User Load (0.0ms)[0m  [1m[34mSELECT "users".* FROM "users" WHERE "users"."id" = ? LIMIT ?[0m  [["id", 1], ["LIMIT", 1]]
  ↳ app/controllers/users_controller.rb:13:in `show'
  Rendering users/show.html.erb within layouts/application
  Rendered users/show.html.erb within layouts/application (Duration: 1.5ms | Allocations: 1588)
Completed 500 Internal Server Error in 6ms (ActiveRecord: 0.2ms | Allocations: 3715)


  
ActionView::Template::Error (undefined method `each' for nil:NilClass):
    25: #   </thead>
    26: 
    27: #   <tbody>
    28: #     <% @nearby_users.each do |user| %>
    29: #       <tr>
    30: #         <td><%= user.name %></td>
    31: #         <td><%= user.bio %></td>
  
app/views/users/show.html.erb:28
Started GET "/users/1" for ::1 at 2019-10-25 12:27:24 -0700
Processing by UsersController#show as HTML
  Parameters: {"id"=>"1"}
  [1m[36mUser Load (0.4ms)[0m  [1m[34mSELECT "users".* FROM "users" WHERE "users"."id" = ? LIMIT ?[0m  [["id", 1], ["LIMIT", 1]]
  ↳ app/controllers/users_controller.rb:70:in `set_user'
  [1m[36mCACHE User Load (0.0ms)[0m  [1m[34mSELECT "users".* FROM "users" WHERE "users"."id" = ? LIMIT ?[0m  [["id", 1], ["LIMIT", 1]]
  ↳ app/controllers/users_controller.rb:13:in `show'
  Rendering users/show.html.erb within layouts/application
  Rendered users/show.html.erb within layouts/application (Duration: 1.7ms | Allocations: 1267)
Completed 500 Internal Server Error in 7ms (ActiveRecord: 0.4ms | Allocations: 2649)


  
ActionView::Template::Error (undefined method `each' for nil:NilClass):
    25: #   </thead>
    26: 
    27: #   <tbody>
    28: #     <% @nearby_users.each do |user| %>
    29: #       <tr>
    30: #         <td><%= user.name %></td>
    31: #         <td><%= user.bio %></td>
  
app/views/users/show.html.erb:28
Started GET "/users/1" for ::1 at 2019-10-25 12:27:24 -0700
Processing by UsersController#show as HTML
  Parameters: {"id"=>"1"}
  [1m[36mUser Load (0.2ms)[0m  [1m[34mSELECT "users".* FROM "users" WHERE "users"."id" = ? LIMIT ?[0m  [["id", 1], ["LIMIT", 1]]
  ↳ app/controllers/users_controller.rb:70:in `set_user'
  [1m[36mCACHE User Load (0.0ms)[0m  [1m[34mSELECT "users".* FROM "users" WHERE "users"."id" = ? LIMIT ?[0m  [["id", 1], ["LIMIT", 1]]
  ↳ app/controllers/users_controller.rb:13:in `show'
  Rendering users/show.html.erb within layouts/application
  Rendered users/show.html.erb within layouts/application (Duration: 2.2ms | Allocations: 1266)
Completed 500 Internal Server Error in 10ms (ActiveRecord: 0.2ms | Allocations: 2883)


  
ActionView::Template::Error (undefined method `each' for nil:NilClass):
    25: #   </thead>
    26: 
    27: #   <tbody>
    28: #     <% @nearby_users.each do |user| %>
    29: #       <tr>
    30: #         <td><%= user.name %></td>
    31: #         <td><%= user.bio %></td>
  
app/views/users/show.html.erb:28
Started GET "/users/1" for ::1 at 2019-10-25 12:27:24 -0700
  [1m[35m (0.0ms)[0m  [1m[34mSELECT sqlite_version(*)[0m
Processing by UsersController#show as HTML
  Parameters: {"id"=>"1"}
  [1m[36mUser Load (0.1ms)[0m  [1m[34mSELECT "users".* FROM "users" WHERE "users"."id" = ? LIMIT ?[0m  [["id", 1], ["LIMIT", 1]]
  ↳ app/controllers/users_controller.rb:70:in `set_user'
  [1m[36mCACHE User Load (0.0ms)[0m  [1m[34mSELECT "users".* FROM "users" WHERE "users"."id" = ? LIMIT ?[0m  [["id", 1], ["LIMIT", 1]]
  ↳ app/controllers/users_controller.rb:13:in `show'
  Rendering users/show.html.erb within layouts/application
  Rendered users/show.html.erb within layouts/application (Duration: 1.0ms | Allocations: 1267)
Completed 500 Internal Server Error in 4ms (ActiveRecord: 0.2ms | Allocations: 3527)


  
ActionView::Template::Error (undefined method `each' for nil:NilClass):
    25: #   </thead>
    26: 
    27: #   <tbody>
    28: #     <% @nearby_users.each do |user| %>
    29: #       <tr>
    30: #         <td><%= user.name %></td>
    31: #         <td><%= user.bio %></td>
  
app/views/users/show.html.erb:28
Started GET "/users/1" for ::1 at 2019-10-25 12:27:25 -0700
  [1m[35m (0.0ms)[0m  [1m[34mSELECT sqlite_version(*)[0m
Processing by UsersController#show as HTML
  Parameters: {"id"=>"1"}
  [1m[36mUser Load (0.2ms)[0m  [1m[34mSELECT "users".* FROM "users" WHERE "users"."id" = ? LIMIT ?[0m  [["id", 1], ["LIMIT", 1]]
  ↳ app/controllers/users_controller.rb:70:in `set_user'
  [1m[36mCACHE User Load (0.0ms)[0m  [1m[34mSELECT "users".* FROM "users" WHERE "users"."id" = ? LIMIT ?[0m  [["id", 1], ["LIMIT", 1]]
  ↳ app/controllers/users_controller.rb:13:in `show'
  Rendering users/show.html.erb within layouts/application
  Rendered users/show.html.erb within layouts/application (Duration: 0.8ms | Allocations: 1266)
Completed 500 Internal Server Error in 4ms (ActiveRecord: 0.2ms | Allocations: 3356)


  
ActionView::Template::Error (undefined method `each' for nil:NilClass):
    25: #   </thead>
    26: 
    27: #   <tbody>
    28: #     <% @nearby_users.each do |user| %>
    29: #       <tr>
    30: #         <td><%= user.name %></td>
    31: #         <td><%= user.bio %></td>
  
app/views/users/show.html.erb:28
Started GET "/users/1" for ::1 at 2019-10-25 12:27:29 -0700
Processing by UsersController#show as HTML
  Parameters: {"id"=>"1"}
  [1m[36mUser Load (0.1ms)[0m  [1m[34mSELECT "users".* FROM "users" WHERE "users"."id" = ? LIMIT ?[0m  [["id", 1], ["LIMIT", 1]]
  ↳ app/controllers/users_controller.rb:70:in `set_user'
  [1m[36mCACHE User Load (0.0ms)[0m  [1m[34mSELECT "users".* FROM "users" WHERE "users"."id" = ? LIMIT ?[0m  [["id", 1], ["LIMIT", 1]]
  ↳ app/controllers/users_controller.rb:13:in `show'
  Rendering users/show.html.erb within layouts/application
  Rendered users/show.html.erb within layouts/application (Duration: 0.7ms | Allocations: 278)
Completed 200 OK in 23ms (Views: 19.1ms | ActiveRecord: 0.2ms | Allocations: 8590)


Started GET "/users/1" for ::1 at 2019-10-25 12:27:36 -0700
Processing by UsersController#show as HTML
  Parameters: {"id"=>"1"}
  [1m[36mUser Load (0.3ms)[0m  [1m[34mSELECT "users".* FROM "users" WHERE "users"."id" = ? LIMIT ?[0m  [["id", 1], ["LIMIT", 1]]
  ↳ app/controllers/users_controller.rb:70:in `set_user'
  [1m[36mCACHE User Load (0.1ms)[0m  [1m[34mSELECT "users".* FROM "users" WHERE "users"."id" = ? LIMIT ?[0m  [["id", 1], ["LIMIT", 1]]
  ↳ app/controllers/users_controller.rb:13:in `show'
  Rendering users/show.html.erb within layouts/application
  Rendered users/show.html.erb within layouts/application (Duration: 0.4ms | Allocations: 99)
Completed 200 OK in 18ms (Views: 13.2ms | ActiveRecord: 0.4ms | Allocations: 7469)


Started GET "/users/1" for ::1 at 2019-10-25 12:27:56 -0700
  [1m[35m (0.1ms)[0m  [1m[34mSELECT sqlite_version(*)[0m
Processing by UsersController#show as HTML
  Parameters: {"id"=>"1"}
  [1m[36mUser Load (0.1ms)[0m  [1m[34mSELECT "users".* FROM "users" WHERE "users"."id" = ? LIMIT ?[0m  [["id", 1], ["LIMIT", 1]]
  ↳ app/controllers/users_controller.rb:71:in `set_user'
  [1m[36mCACHE User Load (0.0ms)[0m  [1m[34mSELECT "users".* FROM "users" WHERE "users"."id" = ? LIMIT ?[0m  [["id", 1], ["LIMIT", 1]]
  ↳ app/controllers/users_controller.rb:13:in `show'
  Rendering users/show.html.erb within layouts/application
  Rendered users/show.html.erb within layouts/application (Duration: 0.3ms | Allocations: 103)
Completed 200 OK in 25ms (Views: 10.8ms | ActiveRecord: 0.7ms | Allocations: 13495)


Started GET "/users/1" for ::1 at 2019-10-25 12:28:18 -0700
  [1m[35m (0.0ms)[0m  [1m[34mSELECT sqlite_version(*)[0m
Processing by UsersController#show as HTML
  Parameters: {"id"=>"1"}
  [1m[36mUser Load (0.2ms)[0m  [1m[34mSELECT "users".* FROM "users" WHERE "users"."id" = ? LIMIT ?[0m  [["id", 1], ["LIMIT", 1]]
  ↳ app/controllers/users_controller.rb:69:in `set_user'
  [1m[36mCACHE User Load (0.0ms)[0m  [1m[34mSELECT "users".* FROM "users" WHERE "users"."id" = ? LIMIT ?[0m  [["id", 1], ["LIMIT", 1]]
  ↳ app/controllers/users_controller.rb:13:in `show'
Completed 500 Internal Server Error in 11ms (ActiveRecord: 0.7ms | Allocations: 7520)


  
TypeError (no implicit conversion of Symbol into Integer):
  
app/controllers/users_controller.rb:14:in `show'
Started GET "/users/1" for ::1 at 2019-10-25 12:29:38 -0700
  [1m[35m (0.1ms)[0m  [1m[34mSELECT sqlite_version(*)[0m
Processing by UsersController#show as HTML
  Parameters: {"id"=>"1"}
  [1m[36mUser Load (0.2ms)[0m  [1m[34mSELECT "users".* FROM "users" WHERE "users"."id" = ? LIMIT ?[0m  [["id", 1], ["LIMIT", 1]]
  ↳ app/controllers/users_controller.rb:69:in `set_user'
  [1m[36mCACHE User Load (0.0ms)[0m  [1m[34mSELECT "users".* FROM "users" WHERE "users"."id" = ? LIMIT ?[0m  [["id", 1], ["LIMIT", 1]]
  ↳ app/controllers/users_controller.rb:13:in `show'
Completed 500 Internal Server Error in 18ms (ActiveRecord: 0.9ms | Allocations: 7516)


  
TypeError (no implicit conversion of Symbol into Integer):
  
app/controllers/users_controller.rb:14:in `show'
Started GET "/users/1" for ::1 at 2019-10-25 12:30:03 -0700
  [1m[35m (0.1ms)[0m  [1m[34mSELECT sqlite_version(*)[0m
Processing by UsersController#show as HTML
  Parameters: {"id"=>"1"}
  [1m[36mUser Load (0.1ms)[0m  [1m[34mSELECT "users".* FROM "users" WHERE "users"."id" = ? LIMIT ?[0m  [["id", 1], ["LIMIT", 1]]
  ↳ app/controllers/users_controller.rb:73:in `set_user'
  [1m[36mCACHE User Load (0.0ms)[0m  [1m[34mSELECT "users".* FROM "users" WHERE "users"."id" = ? LIMIT ?[0m  [["id", 1], ["LIMIT", 1]]
  ↳ app/controllers/users_controller.rb:13:in `show'
  Rendering users/show.html.erb within layouts/application
  Rendered users/show.html.erb within layouts/application (Duration: 1.0ms | Allocations: 284)
Completed 200 OK in 27ms (Views: 15.0ms | ActiveRecord: 0.7ms | Allocations: 14495)


Started GET "/users/1" for ::1 at 2019-10-25 12:30:15 -0700
  [1m[35m (0.1ms)[0m  [1m[34mSELECT sqlite_version(*)[0m
Processing by UsersController#show as HTML
  Parameters: {"id"=>"1"}
  [1m[36mUser Load (0.1ms)[0m  [1m[34mSELECT "users".* FROM "users" WHERE "users"."id" = ? LIMIT ?[0m  [["id", 1], ["LIMIT", 1]]
  ↳ app/controllers/users_controller.rb:73:in `set_user'
  [1m[36mCACHE User Load (0.0ms)[0m  [1m[34mSELECT "users".* FROM "users" WHERE "users"."id" = ? LIMIT ?[0m  [["id", 1], ["LIMIT", 1]]
  ↳ app/controllers/users_controller.rb:13:in `show'
Completed 500 Internal Server Error in 11ms (ActiveRecord: 0.6ms | Allocations: 7486)


  
TypeError (no implicit conversion of Symbol into Integer):
  
app/controllers/users_controller.rb:18:in `show'
Started GET "/users/1" for ::1 at 2019-10-25 12:32:06 -0700
  [1m[35m (0.1ms)[0m  [1m[34mSELECT sqlite_version(*)[0m
Processing by UsersController#show as HTML
  Parameters: {"id"=>"1"}
  [1m[36mUser Load (0.1ms)[0m  [1m[34mSELECT "users".* FROM "users" WHERE "users"."id" = ? LIMIT ?[0m  [["id", 1], ["LIMIT", 1]]
  ↳ app/controllers/users_controller.rb:69:in `set_user'
  [1m[36mCACHE User Load (0.0ms)[0m  [1m[34mSELECT "users".* FROM "users" WHERE "users"."id" = ? LIMIT ?[0m  [["id", 1], ["LIMIT", 1]]
  ↳ app/controllers/users_controller.rb:13:in `show'
Completed 500 Internal Server Error in 17ms (ActiveRecord: 0.6ms | Allocations: 7517)


  
TypeError (no implicit conversion of Symbol into Integer):
  
app/controllers/users_controller.rb:14:in `show'
Started GET "/users/1" for ::1 at 2019-10-25 12:36:44 -0700
  [1m[35m (0.1ms)[0m  [1m[34mSELECT sqlite_version(*)[0m
Processing by UsersController#show as HTML
  Parameters: {"id"=>"1"}
  [1m[36mUser Load (0.1ms)[0m  [1m[34mSELECT "users".* FROM "users" WHERE "users"."id" = ? LIMIT ?[0m  [["id", 1], ["LIMIT", 1]]
  ↳ app/controllers/users_controller.rb:70:in `set_user'
  [1m[36mCACHE User Load (0.0ms)[0m  [1m[34mSELECT "users".* FROM "users" WHERE "users"."id" = ? LIMIT ?[0m  [["id", 1], ["LIMIT", 1]]
  ↳ app/controllers/users_controller.rb:13:in `show'
Completed 500 Internal Server Error in 12ms (ActiveRecord: 0.7ms | Allocations: 7515)


  
TypeError (no implicit conversion of Symbol into Integer):
  
app/controllers/users_controller.rb:15:in `show'
Started GET "/users/1" for ::1 at 2019-10-25 12:36:46 -0700
Processing by UsersController#show as HTML
  Parameters: {"id"=>"1"}
  [1m[36mUser Load (0.1ms)[0m  [1m[34mSELECT "users".* FROM "users" WHERE "users"."id" = ? LIMIT ?[0m  [["id", 1], ["LIMIT", 1]]
  ↳ app/controllers/users_controller.rb:70:in `set_user'
  [1m[36mCACHE User Load (0.0ms)[0m  [1m[34mSELECT "users".* FROM "users" WHERE "users"."id" = ? LIMIT ?[0m  [["id", 1], ["LIMIT", 1]]
  ↳ app/controllers/users_controller.rb:13:in `show'
Completed 500 Internal Server Error in 3ms (ActiveRecord: 0.2ms | Allocations: 1663)


  
TypeError (no implicit conversion of Symbol into Integer):
  
app/controllers/users_controller.rb:15:in `show'
Started GET "/users/1" for ::1 at 2019-10-25 12:36:47 -0700
Processing by UsersController#show as HTML
  Parameters: {"id"=>"1"}
  [1m[36mUser Load (0.1ms)[0m  [1m[34mSELECT "users".* FROM "users" WHERE "users"."id" = ? LIMIT ?[0m  [["id", 1], ["LIMIT", 1]]
  ↳ app/controllers/users_controller.rb:70:in `set_user'
  [1m[36mCACHE User Load (0.0ms)[0m  [1m[34mSELECT "users".* FROM "users" WHERE "users"."id" = ? LIMIT ?[0m  [["id", 1], ["LIMIT", 1]]
  ↳ app/controllers/users_controller.rb:13:in `show'
Completed 500 Internal Server Error in 3ms (ActiveRecord: 0.2ms | Allocations: 1663)


  
TypeError (no implicit conversion of Symbol into Integer):
  
app/controllers/users_controller.rb:15:in `show'
Started GET "/users/1" for ::1 at 2019-10-25 12:36:47 -0700
Processing by UsersController#show as HTML
  Parameters: {"id"=>"1"}
  [1m[36mUser Load (0.1ms)[0m  [1m[34mSELECT "users".* FROM "users" WHERE "users"."id" = ? LIMIT ?[0m  [["id", 1], ["LIMIT", 1]]
  ↳ app/controllers/users_controller.rb:70:in `set_user'
  [1m[36mCACHE User Load (0.0ms)[0m  [1m[34mSELECT "users".* FROM "users" WHERE "users"."id" = ? LIMIT ?[0m  [["id", 1], ["LIMIT", 1]]
  ↳ app/controllers/users_controller.rb:13:in `show'
Completed 500 Internal Server Error in 2ms (ActiveRecord: 0.1ms | Allocations: 1663)


  
TypeError (no implicit conversion of Symbol into Integer):
  
app/controllers/users_controller.rb:15:in `show'
Started GET "/users/1" for ::1 at 2019-10-25 12:36:56 -0700
  [1m[35m (0.1ms)[0m  [1m[34mSELECT sqlite_version(*)[0m
Processing by UsersController#show as HTML
  Parameters: {"id"=>"1"}
  [1m[36mUser Load (0.1ms)[0m  [1m[34mSELECT "users".* FROM "users" WHERE "users"."id" = ? LIMIT ?[0m  [["id", 1], ["LIMIT", 1]]
  ↳ app/controllers/users_controller.rb:71:in `set_user'
  [1m[36mCACHE User Load (0.0ms)[0m  [1m[34mSELECT "users".* FROM "users" WHERE "users"."id" = ? LIMIT ?[0m  [["id", 1], ["LIMIT", 1]]
  ↳ app/controllers/users_controller.rb:13:in `show'
Completed 500 Internal Server Error in 10ms (ActiveRecord: 0.5ms | Allocations: 7558)


  
TypeError (no implicit conversion of Symbol into Integer):
  
app/controllers/users_controller.rb:16:in `show'
Started GET "/users/1" for ::1 at 2019-10-25 12:37:21 -0700
  [1m[35m (0.1ms)[0m  [1m[34mSELECT sqlite_version(*)[0m
Processing by UsersController#show as HTML
  Parameters: {"id"=>"1"}
  [1m[36mUser Load (0.1ms)[0m  [1m[34mSELECT "users".* FROM "users" WHERE "users"."id" = ? LIMIT ?[0m  [["id", 1], ["LIMIT", 1]]
  ↳ app/controllers/users_controller.rb:71:in `set_user'
  [1m[36mCACHE User Load (0.0ms)[0m  [1m[34mSELECT "users".* FROM "users" WHERE "users"."id" = ? LIMIT ?[0m  [["id", 1], ["LIMIT", 1]]
  ↳ app/controllers/users_controller.rb:13:in `show'
Completed 500 Internal Server Error in 10ms (ActiveRecord: 0.6ms | Allocations: 7479)


  
TypeError (no implicit conversion of Symbol into Integer):
  
app/controllers/users_controller.rb:16:in `show'
Started GET "/users/1" for ::1 at 2019-10-25 12:37:22 -0700
Processing by UsersController#show as HTML
  Parameters: {"id"=>"1"}
  [1m[36mUser Load (0.1ms)[0m  [1m[34mSELECT "users".* FROM "users" WHERE "users"."id" = ? LIMIT ?[0m  [["id", 1], ["LIMIT", 1]]
  ↳ app/controllers/users_controller.rb:71:in `set_user'
  [1m[36mCACHE User Load (0.0ms)[0m  [1m[34mSELECT "users".* FROM "users" WHERE "users"."id" = ? LIMIT ?[0m  [["id", 1], ["LIMIT", 1]]
  ↳ app/controllers/users_controller.rb:13:in `show'
Completed 500 Internal Server Error in 3ms (ActiveRecord: 0.1ms | Allocations: 1629)


  
TypeError (no implicit conversion of Symbol into Integer):
  
app/controllers/users_controller.rb:16:in `show'
Started GET "/users/1" for ::1 at 2019-10-25 12:37:22 -0700
Processing by UsersController#show as HTML
  Parameters: {"id"=>"1"}
  [1m[36mUser Load (0.2ms)[0m  [1m[34mSELECT "users".* FROM "users" WHERE "users"."id" = ? LIMIT ?[0m  [["id", 1], ["LIMIT", 1]]
  ↳ app/controllers/users_controller.rb:71:in `set_user'
  [1m[36mCACHE User Load (0.0ms)[0m  [1m[34mSELECT "users".* FROM "users" WHERE "users"."id" = ? LIMIT ?[0m  [["id", 1], ["LIMIT", 1]]
  ↳ app/controllers/users_controller.rb:13:in `show'
Completed 500 Internal Server Error in 4ms (ActiveRecord: 0.2ms | Allocations: 1629)


  
TypeError (no implicit conversion of Symbol into Integer):
  
app/controllers/users_controller.rb:16:in `show'
Started GET "/users/1" for ::1 at 2019-10-25 12:37:22 -0700
Processing by UsersController#show as HTML
  Parameters: {"id"=>"1"}
  [1m[36mUser Load (0.1ms)[0m  [1m[34mSELECT "users".* FROM "users" WHERE "users"."id" = ? LIMIT ?[0m  [["id", 1], ["LIMIT", 1]]
  ↳ app/controllers/users_controller.rb:71:in `set_user'
  [1m[36mCACHE User Load (0.0ms)[0m  [1m[34mSELECT "users".* FROM "users" WHERE "users"."id" = ? LIMIT ?[0m  [["id", 1], ["LIMIT", 1]]
  ↳ app/controllers/users_controller.rb:13:in `show'
Completed 500 Internal Server Error in 2ms (ActiveRecord: 0.1ms | Allocations: 1629)


  
TypeError (no implicit conversion of Symbol into Integer):
  
app/controllers/users_controller.rb:16:in `show'
Started GET "/users/1" for ::1 at 2019-10-25 12:37:23 -0700
Processing by UsersController#show as HTML
  Parameters: {"id"=>"1"}
  [1m[36mUser Load (0.1ms)[0m  [1m[34mSELECT "users".* FROM "users" WHERE "users"."id" = ? LIMIT ?[0m  [["id", 1], ["LIMIT", 1]]
  ↳ app/controllers/users_controller.rb:71:in `set_user'
  [1m[36mCACHE User Load (0.0ms)[0m  [1m[34mSELECT "users".* FROM "users" WHERE "users"."id" = ? LIMIT ?[0m  [["id", 1], ["LIMIT", 1]]
  ↳ app/controllers/users_controller.rb:13:in `show'
Completed 500 Internal Server Error in 3ms (ActiveRecord: 0.2ms | Allocations: 1629)


  
TypeError (no implicit conversion of Symbol into Integer):
  
app/controllers/users_controller.rb:16:in `show'
Started GET "/users/1" for ::1 at 2019-10-25 12:38:05 -0700
  [1m[35m (0.0ms)[0m  [1m[34mSELECT sqlite_version(*)[0m
Processing by UsersController#show as HTML
  Parameters: {"id"=>"1"}
  [1m[36mUser Load (0.1ms)[0m  [1m[34mSELECT "users".* FROM "users" WHERE "users"."id" = ? LIMIT ?[0m  [["id", 1], ["LIMIT", 1]]
  ↳ app/controllers/users_controller.rb:71:in `set_user'
  [1m[36mCACHE User Load (0.0ms)[0m  [1m[34mSELECT "users".* FROM "users" WHERE "users"."id" = ? LIMIT ?[0m  [["id", 1], ["LIMIT", 1]]
  ↳ app/controllers/users_controller.rb:13:in `show'
Completed 500 Internal Server Error in 11ms (ActiveRecord: 0.6ms | Allocations: 7479)


  
TypeError (no implicit conversion of Symbol into Integer):
  
app/controllers/users_controller.rb:16:in `show'
Started GET "/users/1" for ::1 at 2019-10-25 12:38:06 -0700
Processing by UsersController#show as HTML
  Parameters: {"id"=>"1"}
  [1m[36mUser Load (0.1ms)[0m  [1m[34mSELECT "users".* FROM "users" WHERE "users"."id" = ? LIMIT ?[0m  [["id", 1], ["LIMIT", 1]]
  ↳ app/controllers/users_controller.rb:71:in `set_user'
  [1m[36mCACHE User Load (0.0ms)[0m  [1m[34mSELECT "users".* FROM "users" WHERE "users"."id" = ? LIMIT ?[0m  [["id", 1], ["LIMIT", 1]]
  ↳ app/controllers/users_controller.rb:13:in `show'
Completed 500 Internal Server Error in 2ms (ActiveRecord: 0.1ms | Allocations: 1629)


  
TypeError (no implicit conversion of Symbol into Integer):
  
app/controllers/users_controller.rb:16:in `show'
Started GET "/users/1" for ::1 at 2019-10-25 12:38:07 -0700
Processing by UsersController#show as HTML
  Parameters: {"id"=>"1"}
  [1m[36mUser Load (0.2ms)[0m  [1m[34mSELECT "users".* FROM "users" WHERE "users"."id" = ? LIMIT ?[0m  [["id", 1], ["LIMIT", 1]]
  ↳ app/controllers/users_controller.rb:71:in `set_user'
  [1m[36mCACHE User Load (0.0ms)[0m  [1m[34mSELECT "users".* FROM "users" WHERE "users"."id" = ? LIMIT ?[0m  [["id", 1], ["LIMIT", 1]]
  ↳ app/controllers/users_controller.rb:13:in `show'
Completed 500 Internal Server Error in 4ms (ActiveRecord: 0.2ms | Allocations: 1629)


  
TypeError (no implicit conversion of Symbol into Integer):
  
app/controllers/users_controller.rb:16:in `show'
Started GET "/users/1" for ::1 at 2019-10-25 12:38:07 -0700
Processing by UsersController#show as HTML
  Parameters: {"id"=>"1"}
  [1m[36mUser Load (0.1ms)[0m  [1m[34mSELECT "users".* FROM "users" WHERE "users"."id" = ? LIMIT ?[0m  [["id", 1], ["LIMIT", 1]]
  ↳ app/controllers/users_controller.rb:71:in `set_user'
  [1m[36mCACHE User Load (0.1ms)[0m  [1m[34mSELECT "users".* FROM "users" WHERE "users"."id" = ? LIMIT ?[0m  [["id", 1], ["LIMIT", 1]]
  ↳ app/controllers/users_controller.rb:13:in `show'
Completed 500 Internal Server Error in 12ms (ActiveRecord: 0.2ms | Allocations: 1629)


  
TypeError (no implicit conversion of Symbol into Integer):
  
app/controllers/users_controller.rb:16:in `show'
Started GET "/users/1" for ::1 at 2019-10-25 12:38:07 -0700
  [1m[35m (0.0ms)[0m  [1m[34mSELECT sqlite_version(*)[0m
Processing by UsersController#show as HTML
  Parameters: {"id"=>"1"}
  [1m[36mUser Load (0.1ms)[0m  [1m[34mSELECT "users".* FROM "users" WHERE "users"."id" = ? LIMIT ?[0m  [["id", 1], ["LIMIT", 1]]
  ↳ app/controllers/users_controller.rb:71:in `set_user'
  [1m[36mCACHE User Load (0.0ms)[0m  [1m[34mSELECT "users".* FROM "users" WHERE "users"."id" = ? LIMIT ?[0m  [["id", 1], ["LIMIT", 1]]
  ↳ app/controllers/users_controller.rb:13:in `show'
Completed 500 Internal Server Error in 3ms (ActiveRecord: 0.2ms | Allocations: 2267)


  
TypeError (no implicit conversion of Symbol into Integer):
  
app/controllers/users_controller.rb:16:in `show'
Started GET "/users/1" for ::1 at 2019-10-25 12:38:07 -0700
  [1m[35m (0.1ms)[0m  [1m[34mSELECT sqlite_version(*)[0m
Processing by UsersController#show as HTML
  Parameters: {"id"=>"1"}
  [1m[36mUser Load (0.2ms)[0m  [1m[34mSELECT "users".* FROM "users" WHERE "users"."id" = ? LIMIT ?[0m  [["id", 1], ["LIMIT", 1]]
  ↳ app/controllers/users_controller.rb:71:in `set_user'
  [1m[36mCACHE User Load (0.0ms)[0m  [1m[34mSELECT "users".* FROM "users" WHERE "users"."id" = ? LIMIT ?[0m  [["id", 1], ["LIMIT", 1]]
  ↳ app/controllers/users_controller.rb:13:in `show'
Completed 500 Internal Server Error in 3ms (ActiveRecord: 0.2ms | Allocations: 2466)


  
TypeError (no implicit conversion of Symbol into Integer):
  
app/controllers/users_controller.rb:16:in `show'
Started GET "/users/1" for ::1 at 2019-10-25 12:38:26 -0700
  [1m[35m (0.1ms)[0m  [1m[34mSELECT sqlite_version(*)[0m
Processing by UsersController#show as HTML
  Parameters: {"id"=>"1"}
  [1m[36mUser Load (0.2ms)[0m  [1m[34mSELECT "users".* FROM "users" WHERE "users"."id" = ? LIMIT ?[0m  [["id", 1], ["LIMIT", 1]]
  ↳ app/controllers/users_controller.rb:71:in `set_user'
  [1m[36mCACHE User Load (0.0ms)[0m  [1m[34mSELECT "users".* FROM "users" WHERE "users"."id" = ? LIMIT ?[0m  [["id", 1], ["LIMIT", 1]]
  ↳ app/controllers/users_controller.rb:13:in `show'
Completed 500 Internal Server Error in 27ms (ActiveRecord: 0.7ms | Allocations: 7534)


  
TypeError (no implicit conversion of Symbol into Integer):
  
app/controllers/users_controller.rb:16:in `show'
Started GET "/users/1" for ::1 at 2019-10-25 12:38:27 -0700
Processing by UsersController#show as HTML
  Parameters: {"id"=>"1"}
  [1m[36mUser Load (0.3ms)[0m  [1m[34mSELECT "users".* FROM "users" WHERE "users"."id" = ? LIMIT ?[0m  [["id", 1], ["LIMIT", 1]]
  ↳ app/controllers/users_controller.rb:71:in `set_user'
  [1m[36mCACHE User Load (0.0ms)[0m  [1m[34mSELECT "users".* FROM "users" WHERE "users"."id" = ? LIMIT ?[0m  [["id", 1], ["LIMIT", 1]]
  ↳ app/controllers/users_controller.rb:13:in `show'
Completed 500 Internal Server Error in 3ms (ActiveRecord: 0.3ms | Allocations: 1629)


  
TypeError (no implicit conversion of Symbol into Integer):
  
app/controllers/users_controller.rb:16:in `show'
Started GET "/users/1" for ::1 at 2019-10-25 12:38:28 -0700
Processing by UsersController#show as HTML
  Parameters: {"id"=>"1"}
  [1m[36mUser Load (0.2ms)[0m  [1m[34mSELECT "users".* FROM "users" WHERE "users"."id" = ? LIMIT ?[0m  [["id", 1], ["LIMIT", 1]]
  ↳ app/controllers/users_controller.rb:71:in `set_user'
  [1m[36mCACHE User Load (0.0ms)[0m  [1m[34mSELECT "users".* FROM "users" WHERE "users"."id" = ? LIMIT ?[0m  [["id", 1], ["LIMIT", 1]]
  ↳ app/controllers/users_controller.rb:13:in `show'
Completed 500 Internal Server Error in 3ms (ActiveRecord: 0.2ms | Allocations: 1629)


  
TypeError (no implicit conversion of Symbol into Integer):
  
app/controllers/users_controller.rb:16:in `show'
Started GET "/users/1" for ::1 at 2019-10-25 12:38:28 -0700
  [1m[35m (0.1ms)[0m  [1m[34mSELECT sqlite_version(*)[0m
Processing by UsersController#show as HTML
  Parameters: {"id"=>"1"}
  [1m[36mUser Load (0.2ms)[0m  [1m[34mSELECT "users".* FROM "users" WHERE "users"."id" = ? LIMIT ?[0m  [["id", 1], ["LIMIT", 1]]
  ↳ app/controllers/users_controller.rb:71:in `set_user'
  [1m[36mCACHE User Load (0.0ms)[0m  [1m[34mSELECT "users".* FROM "users" WHERE "users"."id" = ? LIMIT ?[0m  [["id", 1], ["LIMIT", 1]]
  ↳ app/controllers/users_controller.rb:13:in `show'
Completed 500 Internal Server Error in 3ms (ActiveRecord: 0.2ms | Allocations: 2119)


  
TypeError (no implicit conversion of Symbol into Integer):
  
app/controllers/users_controller.rb:16:in `show'
Started GET "/users/1" for ::1 at 2019-10-25 12:38:28 -0700
Processing by UsersController#show as HTML
  Parameters: {"id"=>"1"}
  [1m[36mUser Load (0.1ms)[0m  [1m[34mSELECT "users".* FROM "users" WHERE "users"."id" = ? LIMIT ?[0m  [["id", 1], ["LIMIT", 1]]
  ↳ app/controllers/users_controller.rb:71:in `set_user'
  [1m[36mCACHE User Load (0.0ms)[0m  [1m[34mSELECT "users".* FROM "users" WHERE "users"."id" = ? LIMIT ?[0m  [["id", 1], ["LIMIT", 1]]
  ↳ app/controllers/users_controller.rb:13:in `show'
Completed 500 Internal Server Error in 5ms (ActiveRecord: 0.1ms | Allocations: 2219)


  
TypeError (no implicit conversion of Symbol into Integer):
  
app/controllers/users_controller.rb:16:in `show'
Started GET "/users/1" for ::1 at 2019-10-25 12:38:28 -0700
Processing by UsersController#show as HTML
  Parameters: {"id"=>"1"}
  [1m[36mUser Load (0.2ms)[0m  [1m[34mSELECT "users".* FROM "users" WHERE "users"."id" = ? LIMIT ?[0m  [["id", 1], ["LIMIT", 1]]
  ↳ app/controllers/users_controller.rb:71:in `set_user'
  [1m[36mCACHE User Load (0.0ms)[0m  [1m[34mSELECT "users".* FROM "users" WHERE "users"."id" = ? LIMIT ?[0m  [["id", 1], ["LIMIT", 1]]
  ↳ app/controllers/users_controller.rb:13:in `show'
Completed 500 Internal Server Error in 9ms (ActiveRecord: 0.2ms | Allocations: 1629)


  
TypeError (no implicit conversion of Symbol into Integer):
  
app/controllers/users_controller.rb:16:in `show'
Started GET "/users/1" for ::1 at 2019-10-25 12:39:27 -0700
  [1m[35m (0.1ms)[0m  [1m[34mSELECT sqlite_version(*)[0m
Processing by UsersController#show as HTML
  Parameters: {"id"=>"1"}
  [1m[36mUser Load (0.1ms)[0m  [1m[34mSELECT "users".* FROM "users" WHERE "users"."id" = ? LIMIT ?[0m  [["id", 1], ["LIMIT", 1]]
  ↳ app/controllers/users_controller.rb:71:in `set_user'
  [1m[36mCACHE User Load (0.0ms)[0m  [1m[34mSELECT "users".* FROM "users" WHERE "users"."id" = ? LIMIT ?[0m  [["id", 1], ["LIMIT", 1]]
  ↳ app/controllers/users_controller.rb:13:in `show'
Completed 500 Internal Server Error in 15ms (ActiveRecord: 0.6ms | Allocations: 8952)


  
NameError (uninitialized constant UsersController::Location):
  
app/controllers/users_controller.rb:14:in `show'
Started GET "/users/1" for ::1 at 2019-10-25 12:40:02 -0700
  [1m[35m (0.1ms)[0m  [1m[34mSELECT sqlite_version(*)[0m
Processing by UsersController#show as HTML
  Parameters: {"id"=>"1"}
  [1m[36mUser Load (0.1ms)[0m  [1m[34mSELECT "users".* FROM "users" WHERE "users"."id" = ? LIMIT ?[0m  [["id", 1], ["LIMIT", 1]]
  ↳ app/controllers/users_controller.rb:71:in `set_user'
  Rendering users/show.html.erb within layouts/application
  [1m[36mUser Load (0.2ms)[0m  [1m[34mSELECT "users".* FROM "users"[0m
  ↳ app/views/users/show.html.erb:28
  Rendered users/show.html.erb within layouts/application (Duration: 2.7ms | Allocations: 1647)
Completed 200 OK in 27ms (Views: 16.0ms | ActiveRecord: 0.8ms | Allocations: 15325)


Started GET "/users" for ::1 at 2019-10-25 12:40:04 -0700
Processing by UsersController#index as HTML
  Rendering users/index.html.erb within layouts/application
  [1m[36mUser Load (0.1ms)[0m  [1m[34mSELECT "users".* FROM "users"[0m
  ↳ app/views/users/index.html.erb:15
  Rendered users/index.html.erb within layouts/application (Duration: 2.5ms | Allocations: 1490)
Completed 200 OK in 10ms (Views: 8.5ms | ActiveRecord: 0.1ms | Allocations: 8065)


Started GET "/users/1" for ::1 at 2019-10-25 12:40:06 -0700
Processing by UsersController#show as HTML
  Parameters: {"id"=>"1"}
  [1m[36mUser Load (0.2ms)[0m  [1m[34mSELECT "users".* FROM "users" WHERE "users"."id" = ? LIMIT ?[0m  [["id", 1], ["LIMIT", 1]]
  ↳ app/controllers/users_controller.rb:71:in `set_user'
  Rendering users/show.html.erb within layouts/application
  [1m[36mUser Load (0.1ms)[0m  [1m[34mSELECT "users".* FROM "users"[0m
  ↳ app/views/users/show.html.erb:28
  Rendered users/show.html.erb within layouts/application (Duration: 2.6ms | Allocations: 1251)
Completed 200 OK in 12ms (Views: 9.1ms | ActiveRecord: 0.4ms | Allocations: 8193)


Started GET "/users" for ::1 at 2019-10-25 12:40:27 -0700
Processing by UsersController#index as HTML
  Rendering users/index.html.erb within layouts/application
  [1m[36mUser Load (0.3ms)[0m  [1m[34mSELECT "users".* FROM "users"[0m
  ↳ app/views/users/index.html.erb:15
  Rendered users/index.html.erb within layouts/application (Duration: 3.7ms | Allocations: 1219)
Completed 200 OK in 12ms (Views: 10.5ms | ActiveRecord: 0.3ms | Allocations: 7654)


Started GET "/users/1" for ::1 at 2019-10-25 12:40:29 -0700
Processing by UsersController#show as HTML
  Parameters: {"id"=>"1"}
  [1m[36mUser Load (0.2ms)[0m  [1m[34mSELECT "users".* FROM "users" WHERE "users"."id" = ? LIMIT ?[0m  [["id", 1], ["LIMIT", 1]]
  ↳ app/controllers/users_controller.rb:71:in `set_user'
  Rendering users/show.html.erb within layouts/application
  [1m[36mUser Load (0.1ms)[0m  [1m[34mSELECT "users".* FROM "users"[0m
  ↳ app/views/users/show.html.erb:28
  Rendered users/show.html.erb within layouts/application (Duration: 2.9ms | Allocations: 1250)
Completed 200 OK in 47ms (Views: 45.0ms | ActiveRecord: 0.3ms | Allocations: 8195)


Started GET "/users/1" for ::1 at 2019-10-25 12:41:40 -0700
  [1m[35m (0.0ms)[0m  [1m[34mSELECT sqlite_version(*)[0m
Processing by UsersController#show as HTML
  Parameters: {"id"=>"1"}
  [1m[36mUser Load (0.1ms)[0m  [1m[34mSELECT "users".* FROM "users" WHERE "users"."id" = ? LIMIT ?[0m  [["id", 1], ["LIMIT", 1]]
  ↳ app/controllers/users_controller.rb:72:in `set_user'
Completed 500 Internal Server Error in 114ms (ActiveRecord: 0.6ms | Allocations: 57425)


  
NoMethodError (undefined method `scope' for #<UsersController:0x00007fc4822a3ef8>):
  
app/controllers/users_controller.rb:16:in `show'
Started GET "/users/1" for ::1 at 2019-10-25 12:41:50 -0700
  [1m[35m (0.1ms)[0m  [1m[34mSELECT sqlite_version(*)[0m
  
ActionController::RoutingError (undefined method `scope' for UsersController:Class):
  
app/controllers/users_controller.rb:12:in `<class:UsersController>'
app/controllers/users_controller.rb:1:in `<main>'
Started GET "/users/1" for ::1 at 2019-10-25 12:42:19 -0700
  [1m[35m (0.0ms)[0m  [1m[34mSELECT sqlite_version(*)[0m
Processing by UsersController#show as HTML
  Parameters: {"id"=>"1"}
  [1m[36mUser Load (0.2ms)[0m  [1m[34mSELECT "users".* FROM "users" WHERE "users"."id" = ? LIMIT ?[0m  [["id", 1], ["LIMIT", 1]]
  ↳ app/controllers/users_controller.rb:72:in `set_user'
Completed 500 Internal Server Error in 190ms (ActiveRecord: 0.7ms | Allocations: 105390)


  
NameError (undefined local variable or method `current_user' for #<UsersController:0x00007fc4838eb3c8>):
  
app/controllers/users_controller.rb:17:in `show'
Started GET "/users/1" for ::1 at 2019-10-25 12:42:43 -0700
  [1m[35m (0.1ms)[0m  [1m[34mSELECT sqlite_version(*)[0m
Processing by UsersController#show as HTML
  Parameters: {"id"=>"1"}
  [1m[36mUser Load (0.1ms)[0m  [1m[34mSELECT "users".* FROM "users" WHERE "users"."id" = ? LIMIT ?[0m  [["id", 1], ["LIMIT", 1]]
  ↳ app/controllers/users_controller.rb:72:in `set_user'
Completed 500 Internal Server Error in 168ms (ActiveRecord: 0.7ms | Allocations: 105474)


  
NameError (undefined local variable or method `id' for #<UsersController:0x00007fc47d756d88>):
  
app/controllers/users_controller.rb:17:in `show'
Started GET "/users/1" for ::1 at 2019-10-25 12:42:55 -0700
  [1m[35m (0.1ms)[0m  [1m[34mSELECT sqlite_version(*)[0m
Processing by UsersController#show as HTML
  Parameters: {"id"=>"1"}
  [1m[36mUser Load (0.1ms)[0m  [1m[34mSELECT "users".* FROM "users" WHERE "users"."id" = ? LIMIT ?[0m  [["id", 1], ["LIMIT", 1]]
  ↳ app/controllers/users_controller.rb:72:in `set_user'
  [1m[36mCACHE User Load (0.0ms)[0m  [1m[34mSELECT "users".* FROM "users" WHERE "users"."id" = ? LIMIT ?[0m  [["id", 1], ["LIMIT", 1]]
  ↳ app/controllers/users_controller.rb:14:in `show'
Completed 500 Internal Server Error in 17ms (ActiveRecord: 0.6ms | Allocations: 9726)


  
NoMethodError (undefined method `all_except' for #<Class:0x00007fc47edf0738>
Did you mean?  except):
  
app/controllers/users_controller.rb:17:in `show'
Started GET "/users/1" for ::1 at 2019-10-25 12:43:11 -0700
  [1m[35m (0.0ms)[0m  [1m[34mSELECT sqlite_version(*)[0m
Processing by UsersController#show as HTML
  Parameters: {"id"=>"1"}
  [1m[36mUser Load (0.1ms)[0m  [1m[34mSELECT "users".* FROM "users" WHERE "users"."id" = ? LIMIT ?[0m  [["id", 1], ["LIMIT", 1]]
  ↳ app/controllers/users_controller.rb:72:in `set_user'
  [1m[36mCACHE User Load (0.0ms)[0m  [1m[34mSELECT "users".* FROM "users" WHERE "users"."id" = ? LIMIT ?[0m  [["id", 1], ["LIMIT", 1]]
  ↳ app/controllers/users_controller.rb:14:in `show'
Completed 500 Internal Server Error in 49ms (ActiveRecord: 0.8ms | Allocations: 9737)


  
NoMethodError (undefined method `all_except' for #<Class:0x00007fc484241e18>
Did you mean?  except):
  
app/controllers/users_controller.rb:17:in `show'
Started GET "/users/1" for ::1 at 2019-10-25 12:43:12 -0700
Processing by UsersController#show as HTML
  Parameters: {"id"=>"1"}
  [1m[36mUser Load (0.3ms)[0m  [1m[34mSELECT "users".* FROM "users" WHERE "users"."id" = ? LIMIT ?[0m  [["id", 1], ["LIMIT", 1]]
  ↳ app/controllers/users_controller.rb:72:in `set_user'
  [1m[36mCACHE User Load (0.0ms)[0m  [1m[34mSELECT "users".* FROM "users" WHERE "users"."id" = ? LIMIT ?[0m  [["id", 1], ["LIMIT", 1]]
  ↳ app/controllers/users_controller.rb:14:in `show'
Completed 500 Internal Server Error in 12ms (ActiveRecord: 0.4ms | Allocations: 3889)


  
NoMethodError (undefined method `all_except' for #<Class:0x00007fc484241e18>
Did you mean?  except):
  
app/controllers/users_controller.rb:17:in `show'
Started GET "/users/1" for ::1 at 2019-10-25 12:44:07 -0700
  [1m[35m (0.0ms)[0m  [1m[34mSELECT sqlite_version(*)[0m
Processing by UsersController#show as HTML
  Parameters: {"id"=>"1"}
  [1m[36mUser Load (0.1ms)[0m  [1m[34mSELECT "users".* FROM "users" WHERE "users"."id" = ? LIMIT ?[0m  [["id", 1], ["LIMIT", 1]]
  ↳ app/controllers/users_controller.rb:71:in `set_user'
  Rendering users/show.html.erb within layouts/application
  [1m[36mUser Load (0.2ms)[0m  [1m[34mSELECT "users".* FROM "users" WHERE "users"."id" != ?[0m  [["id", 1]]
  ↳ app/views/users/show.html.erb:28
  Rendered users/show.html.erb within layouts/application (Duration: 2.0ms | Allocations: 1238)
Completed 200 OK in 23ms (Views: 12.7ms | ActiveRecord: 0.8ms | Allocations: 14218)


Started GET "/users/2" for ::1 at 2019-10-25 12:44:22 -0700
Processing by UsersController#show as HTML
  Parameters: {"id"=>"2"}
  [1m[36mUser Load (0.2ms)[0m  [1m[34mSELECT "users".* FROM "users" WHERE "users"."id" = ? LIMIT ?[0m  [["id", 2], ["LIMIT", 1]]
  ↳ app/controllers/users_controller.rb:71:in `set_user'
  Rendering users/show.html.erb within layouts/application
  [1m[36mUser Load (0.2ms)[0m  [1m[34mSELECT "users".* FROM "users" WHERE "users"."id" != ?[0m  [["id", 2]]
  ↳ app/views/users/show.html.erb:28
  Rendered users/show.html.erb within layouts/application (Duration: 3.1ms | Allocations: 1149)
Completed 200 OK in 13ms (Views: 10.1ms | ActiveRecord: 0.4ms | Allocations: 8137)


Started GET "/users/3" for ::1 at 2019-10-25 12:44:23 -0700
Processing by UsersController#show as HTML
  Parameters: {"id"=>"3"}
  [1m[36mUser Load (0.1ms)[0m  [1m[34mSELECT "users".* FROM "users" WHERE "users"."id" = ? LIMIT ?[0m  [["id", 3], ["LIMIT", 1]]
  ↳ app/controllers/users_controller.rb:71:in `set_user'
  Rendering users/show.html.erb within layouts/application
  [1m[36mUser Load (0.4ms)[0m  [1m[34mSELECT "users".* FROM "users" WHERE "users"."id" != ?[0m  [["id", 3]]
  ↳ app/views/users/show.html.erb:28
  Rendered users/show.html.erb within layouts/application (Duration: 3.1ms | Allocations: 1149)
Completed 200 OK in 14ms (Views: 11.3ms | ActiveRecord: 0.5ms | Allocations: 8132)


Started GET "/users/4" for ::1 at 2019-10-25 12:44:24 -0700
Processing by UsersController#show as HTML
  Parameters: {"id"=>"4"}
  [1m[36mUser Load (0.2ms)[0m  [1m[34mSELECT "users".* FROM "users" WHERE "users"."id" = ? LIMIT ?[0m  [["id", 4], ["LIMIT", 1]]
  ↳ app/controllers/users_controller.rb:71:in `set_user'
  Rendering users/show.html.erb within layouts/application
  [1m[36mUser Load (0.2ms)[0m  [1m[34mSELECT "users".* FROM "users" WHERE "users"."id" != ?[0m  [["id", 4]]
  ↳ app/views/users/show.html.erb:28
  Rendered users/show.html.erb within layouts/application (Duration: 2.8ms | Allocations: 1149)
Completed 200 OK in 12ms (Views: 8.9ms | ActiveRecord: 0.5ms | Allocations: 8134)


Started GET "/users/5" for ::1 at 2019-10-25 12:44:24 -0700
Processing by UsersController#show as HTML
  Parameters: {"id"=>"5"}
  [1m[36mUser Load (0.2ms)[0m  [1m[34mSELECT "users".* FROM "users" WHERE "users"."id" = ? LIMIT ?[0m  [["id", 5], ["LIMIT", 1]]
  ↳ app/controllers/users_controller.rb:71:in `set_user'
  Rendering users/show.html.erb within layouts/application
  [1m[36mUser Load (0.2ms)[0m  [1m[34mSELECT "users".* FROM "users" WHERE "users"."id" != ?[0m  [["id", 5]]
  ↳ app/views/users/show.html.erb:28
  Rendered users/show.html.erb within layouts/application (Duration: 4.6ms | Allocations: 1149)
Completed 200 OK in 16ms (Views: 12.9ms | ActiveRecord: 0.4ms | Allocations: 8135)


