# stats: dump at 1573853041
stats: users 0 1
stats: {load,"tsung_controller@ip-172-31-16-249"} 1 0.0 0 0.0 0.0 0 0
stats: {cpu,"tsung_controller@ip-172-31-16-249"} 1 2.1594969379153954 0 2.1594969379153954 2.1594969379153954 0 0
stats: {freemem,"tsung_controller@ip-172-31-16-249"} 1 3521.4140625 0 3521.4140625 3521.4140625 0 0
stats: session 8 21.633499999999998 6.02668146661162 35.878 15.954 0 0
stats: users_count 8 8
stats: finish_users_count 8 8
stats: request 16 9.427875000000002 3.393044335014649 20.156 6.641 0 0
stats: connect 8 3.3042499999999997 4.159590417036273 14.302 1.52 0 0
stats: page 8 19.5165 5.490560809243442 32.146 14.08 0 0
stats: 200 16 16
stats: size_rcv 26912 26912
stats: size_sent 6284 6284
stats: connected 0 0
# stats: dump at 1573853051
stats: users 0 1
stats: {load,"tsung_controller@ip-172-31-16-249"} 1 0.0 0.0 0.0 0.0 0.0 1
stats: {recvpackets,"tsung_controller@ip-172-31-16-249"} 1 537 0 537 537 0 0
stats: {sentpackets,"tsung_controller@ip-172-31-16-249"} 1 453 0 453 453 0 0
stats: {cpu,"tsung_controller@ip-172-31-16-249"} 1 3.3099297893681046 0.0 3.3099297893681046 2.1594969379153954 2.1594969379153954 1
stats: {freemem,"tsung_controller@ip-172-31-16-249"} 1 3522.71875 0.0 3522.71875 3521.4140625 3521.4140625 1
stats: session 7 19.840714285714284 2.814999148149362 35.878 15.735 21.633499999999998 8
stats: users_count 7 15
stats: finish_users_count 7 15
stats: request 14 8.937785714285717 2.2836098359074084 20.156 6.386 9.427875000000002 16
stats: connect 7 1.6512857142857142 0.22022761879844382 14.302 1.427 3.3042499999999997 8
stats: page 7 17.929142857142857 2.8118026972323746 32.146 13.864 19.5165 8
stats: 200 14 30
stats: size_rcv 23548 50460
stats: size_sent 5444 11728
stats: connected 0 0
# stats: dump at 1573853061
stats: users 0 1
stats: {load,"tsung_controller@ip-172-31-16-249"} 1 0.0 0.0 0.0 0.0 0.0 2
stats: {recvpackets,"tsung_controller@ip-172-31-16-249"} 1 532.0 0.0 537 532 537.0 1
stats: {sentpackets,"tsung_controller@ip-172-31-16-249"} 1 431.0 0.0 453 431 453.0 1
stats: {cpu,"tsung_controller@ip-172-31-16-249"} 1 3.3000000000000003 0.0 3.3099297893681046 2.1594969379153954 2.7347133636417498 2
stats: {freemem,"tsung_controller@ip-172-31-16-249"} 1 3521.81640625 0.0 3522.71875 3521.4140625 3522.06640625 2
stats: session 7 16.48542857142857 2.5652505785229334 35.878 15.151 20.796866666666666 15
stats: users_count 7 22
stats: finish_users_count 7 22
stats: request 12 6.727083333333333 0.3977085319538532 20.156 6.209 9.199166666666668 30
stats: connect 6 1.673 0.1171793497165777 14.302 1.427 2.532866666666666 15
stats: page 6 13.512 0.18238603747728832 32.146 13.237 18.77573333333333 15
stats: 200 12 42
stats: size_rcv 20184 70644
stats: size_sent 4672 16400
stats: connected 0 0
# stats: dump at 1573853071
stats: users 0 1
stats: {load,"tsung_controller@ip-172-31-16-249"} 1 0.0 0.0 0.0 0.0 0.0 3
stats: {recvpackets,"tsung_controller@ip-172-31-16-249"} 1 79.0 0.0 537 79 534.5 2
stats: {sentpackets,"tsung_controller@ip-172-31-16-249"} 1 76.0 0.0 453 76 442.0 2
stats: {cpu,"tsung_controller@ip-172-31-16-249"} 1 0.10010010010010009 0.0 3.3099297893681046 0.10010010010010009 2.9231422424278333 3
stats: {freemem,"tsung_controller@ip-172-31-16-249"} 1 3521.84765625 0.0 3522.71875 3521.4140625 3521.9830729166665 3
stats: session 21 16.351476190476195 2.4838444207671224 35.878 14.594 19.425045454545455 22
stats: users_count 21 43
stats: finish_users_count 21 43
stats: request 40 7.190949999999999 1.553889168345027 20.156 6.191 8.492857142857144 42
stats: connect 20 1.5807499999999997 0.11063583280293962 14.302 1.367 2.2871904761904758 21
stats: page 20 14.4345 2.5931120010520177 32.146 12.635 17.271809523809523 21
stats: 200 40 82
stats: size_rcv 67280 137924
stats: newphase 1 1
stats: size_sent 15588 31988
stats: connected 0 0
# stats: dump at 1573853081
stats: users 0 2
stats: {load,"tsung_controller@ip-172-31-16-249"} 1 0.0 0.0 0.0 0.0 0.0 4
stats: {recvpackets,"tsung_controller@ip-172-31-16-249"} 1 735.0 0.0 735 79 382.6666666666667 3
stats: {sentpackets,"tsung_controller@ip-172-31-16-249"} 1 626.0 0.0 626 76 320.0 3
stats: {cpu,"tsung_controller@ip-172-31-16-249"} 1 3.5035035035035036 0.0 3.5035035035035036 0.10010010010010009 2.2173817068459 4
stats: {freemem,"tsung_controller@ip-172-31-16-249"} 1 3521.5078125 0.0 3522.71875 3521.4140625 3521.94921875 4
stats: session 22 16.55109090909091 2.188100398832719 35.878 14.311 17.924000000000003 43
stats: users_count 22 65
stats: finish_users_count 22 65
stats: request 46 7.207108695652174 1.532346952826751 20.156 6.125 7.857780487804877 82
stats: connect 23 1.6257826086956522 0.2723495127384055 14.302 1.319 1.9425853658536583 41
stats: page 23 14.467130434782609 2.1280921094879868 32.146 12.424 15.887756097560974 41
stats: 200 46 128
stats: size_rcv 77372 215296
stats: newphase 0 1
stats: size_sent 17854 49842
stats: connected 0 0
# stats: dump at 1573853091
stats: users 0 2
stats: {load,"tsung_controller@ip-172-31-16-249"} 1 0.0 0.0 0.0 0.0 0.0 5
stats: {recvpackets,"tsung_controller@ip-172-31-16-249"} 1 243.0 0.0 735 79 470.75 4
stats: {sentpackets,"tsung_controller@ip-172-31-16-249"} 1 231.0 0.0 626 76 396.5 4
stats: {cpu,"tsung_controller@ip-172-31-16-249"} 1 0.30060120240480964 0.0 3.5035035035035036 0.10010010010010009 2.474606066177421 5
stats: {freemem,"tsung_controller@ip-172-31-16-249"} 1 3521.55859375 0.0 3522.71875 3521.4140625 3521.8609375 5
stats: session 18 16.509833333333336 2.678342714150756 35.878 14.311 17.45932307692308 65
stats: users_count 18 83
stats: finish_users_count 18 83
stats: request 38 7.18371052631579 1.0749530934171458 20.156 6.125 7.6239453125 128
stats: connect 19 1.5860526315789472 0.09064765429903243 14.302 1.319 1.8287343749999998 64
stats: page 19 14.418684210526317 1.7287415578857404 32.146 12.424 15.377218749999999 64
stats: 200 38 166
stats: size_rcv 63916 279212
stats: newphase 0 1
stats: size_sent 14772 64614
stats: connected 0 0
# stats: dump at 1573853101
stats: users 0 2
stats: {load,"tsung_controller@ip-172-31-16-249"} 1 0.0 0.0 0.0 0.0 0.0 6
stats: {recvpackets,"tsung_controller@ip-172-31-16-249"} 1 165.0 0.0 735 79 425.2 5
stats: {sentpackets,"tsung_controller@ip-172-31-16-249"} 1 158.0 0.0 626 76 363.4 5
stats: {cpu,"tsung_controller@ip-172-31-16-249"} 1 0.3 0.0 3.5035035035035036 0.10010010010010009 2.112271922215319 6
stats: {freemem,"tsung_controller@ip-172-31-16-249"} 1 3521.55859375 0.0 3522.71875 3521.4140625 3521.810546875 6
stats: session 31 17.16316129032258 3.4407592475777626 35.878 14.311 17.25340963855422 83
stats: users_count 31 114
stats: finish_users_count 31 114
stats: request 60 7.618716666666662 2.2247479789230553 20.156 6.09 7.523168674698796 166
stats: connect 30 2.060866666666666 1.8303849091258253 14.302 1.302 1.773180722891566 83
stats: page 30 15.28976666666666 3.487199637563386 32.146 12.424 15.157795180722891 83
stats: 200 60 226
stats: size_rcv 100920 380132
stats: newphase 1 2
stats: size_sent 23244 87858
stats: connected 0 0
# stats: dump at 1573853111
stats: users 0 2
stats: {load,"tsung_controller@ip-172-31-16-249"} 1 0.0 0.0 0.0 0.0 0.0 7
stats: {recvpackets,"tsung_controller@ip-172-31-16-249"} 1 375.0 0.0 735 79 381.8333333333333 6
stats: {sentpackets,"tsung_controller@ip-172-31-16-249"} 1 364.0 0.0 626 76 329.1666666666667 6
stats: {cpu,"tsung_controller@ip-172-31-16-249"} 1 0.501002004008016 0.0 3.5035035035035036 0.10010010010010009 1.8533759333274165 7
stats: {freemem,"tsung_controller@ip-172-31-16-249"} 1 3521.55078125 0.0 3522.71875 3521.4140625 3521.7745535714284 7
stats: session 42 18.56109523809524 8.301510822935224 56.364 13.969 17.228868421052635 114
stats: users_count 42 156
stats: finish_users_count 42 156
stats: request 86 8.25956976744186 5.9968745145122835 47.766 5.916 7.548535398230087 226
stats: connect 43 3.968604651162791 8.213805908034477 42.353 1.302 1.8495575221238936 113
stats: page 43 16.573906976744194 8.202556503959544 54.396 11.961 15.192831858407077 113
stats: 200 86 312
stats: size_rcv 144652 524784
stats: newphase 0 2
stats: size_sent 33414 121272
stats: connected 0 0
# stats: dump at 1573853121
stats: users 0 2
stats: {load,"tsung_controller@ip-172-31-16-249"} 1 0.0 0.0 0.0 0.0 0.0 8
stats: {recvpackets,"tsung_controller@ip-172-31-16-249"} 1 459.0 0.0 735 79 380.85714285714283 7
stats: {sentpackets,"tsung_controller@ip-172-31-16-249"} 1 440.0 0.0 626 76 334.14285714285717 7
stats: {cpu,"tsung_controller@ip-172-31-16-249"} 1 0.6012024048096193 0.0 3.5035035035035036 0.10010010010010009 1.6843291921624914 8
stats: {freemem,"tsung_controller@ip-172-31-16-249"} 1 3521.54296875 0.0 3522.71875 3521.4140625 3521.74658203125 8
stats: session 28 19.907035714285712 7.730005213831834 56.364 13.969 17.587544871794876 156
stats: users_count 28 184
stats: finish_users_count 28 184
stats: request 54 8.931351851851852 4.722365960521183 47.766 5.916 7.744525641025641 312
stats: connect 27 3.3117037037037047 4.231933091388176 42.353 1.302 2.433653846153846 156
stats: page 27 17.916037037037036 7.859124413965198 54.396 11.961 15.57351282051282 156
stats: 200 54 366
stats: size_rcv 90828 615612
stats: newphase 0 2
stats: size_sent 20948 142220
stats: connected 0 0
# stats: dump at 1573853131
stats: users 0 2
stats: {load,"tsung_controller@ip-172-31-16-249"} 1 0.0 0.0 0.0 0.0 0.0 9
stats: {recvpackets,"tsung_controller@ip-172-31-16-249"} 1 338.0 0.0 735 79 390.625 8
stats: {sentpackets,"tsung_controller@ip-172-31-16-249"} 1 323.0 0.0 626 76 347.375 8
stats: {cpu,"tsung_controller@ip-172-31-16-249"} 1 0.4012036108324975 0.0 3.5035035035035036 0.10010010010010009 1.5639817713455058 9
stats: {freemem,"tsung_controller@ip-172-31-16-249"} 1 3521.51171875 0.0 3522.71875 3521.4140625 3521.7239583333335 9
stats: session 63 16.738714285714284 3.171208018929021 56.364 13.192 17.94051086956522 184
stats: users_count 63 247
stats: finish_users_count 63 247
stats: request 126 7.410944444444446 1.9718082519930449 47.766 5.542 7.919631147540984 366
stats: connect 63 1.7419841269841272 0.8043991643587549 42.353 1.234 2.56320218579235 183
stats: page 63 14.870349206349207 3.2335736246437055 54.396 11.382 15.919131147540984 183
stats: 200 126 492
stats: size_rcv 211932 827544
stats: newphase 1 3
stats: size_sent 48992 191212
stats: connected 0 0
# stats: dump at 1573853141
stats: users 0 3
stats: {load,"tsung_controller@ip-172-31-16-249"} 1 0.0 0.0 0.0 0.0 0.0 10
stats: {recvpackets,"tsung_controller@ip-172-31-16-249"} 1 753.0 0.0 753 79 384.77777777777777 9
stats: {sentpackets,"tsung_controller@ip-172-31-16-249"} 1 713.0 0.0 713 76 344.6666666666667 9
stats: {cpu,"tsung_controller@ip-172-31-16-249"} 1 0.5035246727089627 0.0 3.5035035035035036 0.10010010010010009 1.447703955294205 10
stats: {freemem,"tsung_controller@ip-172-31-16-249"} 1 3521.48046875 0.0 3522.71875 3521.4140625 3521.702734375 10
stats: session 81 18.112333333333343 4.687206704569155 56.364 13.088 17.633979757085022 247
stats: users_count 81 328
stats: finish_users_count 81 328
stats: request 154 8.106194805194807 3.0644838256866493 47.766 5.302 7.789357723577237 492
stats: connect 77 1.706948051948052 1.0278966406185528 42.353 1.177 2.352890243902439 246
stats: page 77 16.263935064935062 4.790712330347865 54.396 11.071 15.650540650406503 246
stats: 200 154 646
stats: size_rcv 259028 1086572
stats: newphase 0 3
stats: size_sent 59746 250958
stats: connected 0 0
