# stats: dump at 1574053062
stats: users 1 1
stats: {freemem,"tsung_controller@ip-172-31-20-83"} 1 3522.57421875 0 3522.57421875 3522.57421875 0 0
stats: {cpu,"tsung_controller@ip-172-31-20-83"} 1 7.185305240410589 0 7.185305240410589 7.185305240410589 0 0
stats: {load,"tsung_controller@ip-172-31-20-83"} 1 0.01171875 0 0.01171875 0.01171875 0 0
stats: session 10 72.797 4.639237178674954 84.475 69.316 0 0
stats: users_count 11 11
stats: finish_users_count 10 10
stats: error_connect_nxdomain 40 40
stats: error_abort_max_conn_retries 10 10
# stats: dump at 1574053072
stats: users 0 2
stats: {freemem,"tsung_controller@ip-172-31-20-83"} 1 3523.5390625 0.0 3523.5390625 3522.57421875 3522.57421875 1
stats: {recvpackets,"tsung_controller@ip-172-31-20-83"} 1 249 0 249 249 0 0
stats: {sentpackets,"tsung_controller@ip-172-31-20-83"} 1 219 0 219 219 0 0
stats: {cpu,"tsung_controller@ip-172-31-20-83"} 1 1.6898608349900597 0.0 7.185305240410589 1.6898608349900597 7.185305240410589 1
stats: {load,"tsung_controller@ip-172-31-20-83"} 1 0.01171875 0.0 0.01171875 0.01171875 0.01171875 1
stats: session 14 69.82392857142857 1.881881447013135 84.475 68.435 72.797 10
stats: users_count 13 24
stats: finish_users_count 14 24
stats: error_connect_nxdomain 56 96
stats: error_abort_max_conn_retries 14 24
# stats: dump at 1574053082
stats: users 0 2
stats: {freemem,"tsung_controller@ip-172-31-20-83"} 1 3523.51953125 0.0 3523.5390625 3522.57421875 3523.056640625 2
stats: {recvpackets,"tsung_controller@ip-172-31-20-83"} 1 115.0 0.0 249 115 249.0 1
stats: {sentpackets,"tsung_controller@ip-172-31-20-83"} 1 112.0 0.0 219 112 219.0 1
stats: {cpu,"tsung_controller@ip-172-31-20-83"} 1 0.4995004995004995 0.0 7.185305240410589 0.4995004995004995 4.437583037700325 2
stats: {load,"tsung_controller@ip-172-31-20-83"} 1 0.0 0.0 0.01171875 0.0 0.01171875 2
stats: session 6 69.60133333333333 0.38051835990162636 84.475 68.435 71.06270833333333 24
stats: users_count 6 30
stats: finish_users_count 6 30
stats: error_connect_nxdomain 24 120
stats: error_abort_max_conn_retries 6 30
