# stats: dump at 1573853164
stats: users 0 1
stats: {load,"tsung_controller@ip-172-31-16-249"} 1 0.0703125 0 0.0703125 0.0703125 0 0
stats: {cpu,"tsung_controller@ip-172-31-16-249"} 1 2.1294038079232678 0 2.1294038079232678 2.1294038079232678 0 0
stats: {freemem,"tsung_controller@ip-172-31-16-249"} 1 3521.3359375 0 3521.3359375 3521.3359375 0 0
stats: session 11 18.416818181818186 8.027435453925628 43.674 15.123 0 0
stats: users_count 11 11
stats: finish_users_count 11 11
stats: request 22 8.081227272727272 5.284546578397829 32.074 6.281 0 0
stats: connect 11 3.8209999999999997 7.0969958176938235 26.263 1.433 0 0
stats: page 11 16.331909090909093 7.484614369789724 39.865 13.201 0 0
stats: 200 22 22
stats: size_rcv 37004 37004
stats: size_sent 8530 8530
stats: connected 0 0
# stats: dump at 1573853174
stats: users 0 2
stats: {load,"tsung_controller@ip-172-31-16-249"} 1 0.05859375 0.0 0.0703125 0.05859375 0.0703125 1
stats: {recvpackets,"tsung_controller@ip-172-31-16-249"} 1 127 0 127 127 0 0
stats: {sentpackets,"tsung_controller@ip-172-31-16-249"} 1 120 0 120 120 0 0
stats: {cpu,"tsung_controller@ip-172-31-16-249"} 1 0.20060180541624875 0.0 2.1294038079232678 0.20060180541624875 2.1294038079232678 1
stats: {freemem,"tsung_controller@ip-172-31-16-249"} 1 3522.6796875 0.0 3522.6796875 3521.3359375 3521.3359375 1
stats: session 9 16.147555555555556 1.4725322189352834 43.674 13.941 18.416818181818186 11
stats: users_count 9 20
stats: finish_users_count 9 20
stats: request 16 6.925875 0.9638917129921805 32.074 5.583 8.081227272727272 22
stats: connect 8 1.573375 0.053721358648120617 26.263 1.433 3.8209999999999997 11
stats: page 8 13.9 1.2264797185440943 39.865 11.943 16.331909090909093 11
stats: 200 16 38
stats: size_rcv 26912 63916
stats: size_sent 6218 14748
stats: connected 0 0
# stats: dump at 1573853184
stats: users 0 2
stats: {load,"tsung_controller@ip-172-31-16-249"} 1 0.05078125 0.0 0.0703125 0.05078125 0.064453125 2
stats: {recvpackets,"tsung_controller@ip-172-31-16-249"} 1 112.0 0.0 127 112 127.0 1
stats: {sentpackets,"tsung_controller@ip-172-31-16-249"} 1 109.0 0.0 120 109 120.0 1
stats: {cpu,"tsung_controller@ip-172-31-16-249"} 1 0.3996003996003996 0.0 2.1294038079232678 0.20060180541624875 1.1650028066697582 2
stats: {freemem,"tsung_controller@ip-172-31-16-249"} 1 3522.69921875 0.0 3522.69921875 3521.3359375 3522.0078125 2
stats: session 10 15.622899999999998 0.4751954229577553 43.674 13.941 17.39565 20
stats: users_count 10 30
stats: finish_users_count 10 30
stats: request 22 6.955136363636364 0.7178497750830442 32.074 5.583 7.594763157894737 38
stats: connect 11 1.7673636363636367 0.3635967478420597 26.263 1.433 2.874631578947368 19
stats: page 11 13.96190909090909 1.0090202677976516 39.865 11.943 15.307947368421052 19
stats: 200 22 60
stats: size_rcv 37004 100920
stats: size_sent 8552 23300
stats: connected 0 0
# stats: dump at 1573853194
stats: users 0 2
stats: {load,"tsung_controller@ip-172-31-16-249"} 1 0.0390625 0.0 0.0703125 0.0390625 0.059895833333333336 3
stats: {recvpackets,"tsung_controller@ip-172-31-16-249"} 1 353.0 0.0 353 112 119.5 2
stats: {sentpackets,"tsung_controller@ip-172-31-16-249"} 1 328.0 0.0 328 109 114.5 2
stats: {cpu,"tsung_controller@ip-172-31-16-249"} 1 3.4965034965034967 0.0 3.4965034965034967 0.20060180541624875 0.909868670979972 3
stats: {freemem,"tsung_controller@ip-172-31-16-249"} 1 3522.1328125 0.0 3522.69921875 3521.3359375 3522.23828125 3
stats: session 12 15.66858333333333 0.9248405680920837 43.674 13.941 16.804733333333335 30
stats: users_count 12 42
stats: finish_users_count 12 42
stats: request 24 6.855708333333335 0.6496440999479808 32.074 5.583 7.360233333333334 60
stats: connect 12 1.5905833333333332 0.0651683183933898 26.263 1.433 2.4686333333333335 30
stats: page 12 13.761833333333334 0.920792487781886 39.865 11.943 14.814400000000001 30
stats: 200 24 84
stats: size_rcv 40368 141288
stats: newphase 1 1
stats: size_sent 9340 32640
stats: connected 0 0
# stats: dump at 1573853204
stats: users 0 2
stats: {load,"tsung_controller@ip-172-31-16-249"} 1 0.0390625 0.0 0.0703125 0.0390625 0.0546875 4
stats: {recvpackets,"tsung_controller@ip-172-31-16-249"} 1 587.0 0.0 587 112 197.33333333333334 3
stats: {sentpackets,"tsung_controller@ip-172-31-16-249"} 1 473.0 0.0 473 109 185.66666666666666 3
stats: {cpu,"tsung_controller@ip-172-31-16-249"} 1 2.3 0.0 3.4965034965034967 0.20060180541624875 1.5565273773608532 4
stats: {freemem,"tsung_controller@ip-172-31-16-249"} 1 3518.265625 0.0 3522.69921875 3518.265625 3522.2119140625 4
stats: session 28 18.88996428571429 4.965669638931913 43.674 13.941 16.48011904761905 42
stats: users_count 28 70
stats: finish_users_count 28 70
stats: request 54 8.278740740740739 2.537740721551687 32.074 5.583 7.2160833333333345 84
stats: connect 27 1.7958888888888889 0.8367905323686019 26.263 1.432 2.217761904761905 42
stats: page 27 16.608185185185185 4.664139300037133 39.865 11.943 14.51366666666667 42
stats: 200 54 138
stats: size_rcv 90828 232116
stats: newphase 0 1
stats: size_sent 20982 53622
stats: connected 0 0
# stats: dump at 1573853214
stats: users 0 2
stats: {load,"tsung_controller@ip-172-31-16-249"} 1 0.03125 0.0 0.0703125 0.03125 0.0515625 5
stats: {recvpackets,"tsung_controller@ip-172-31-16-249"} 1 515.0 0.0 587 112 294.75 4
stats: {sentpackets,"tsung_controller@ip-172-31-16-249"} 1 456.0 0.0 473 109 257.5 4
stats: {cpu,"tsung_controller@ip-172-31-16-249"} 1 1.6016016016016015 0.0 3.4965034965034967 0.20060180541624875 1.7052219018886823 5
stats: {freemem,"tsung_controller@ip-172-31-16-249"} 1 3521.265625 0.0 3522.69921875 3518.265625 3521.42265625 5
stats: session 15 15.727599999999997 0.7304490673551445 43.674 13.941 17.444057142857147 70
stats: users_count 15 85
stats: finish_users_count 15 85
stats: request 30 7.3016999999999985 1.9866518928421595 32.074 5.583 7.6319057971014495 138
stats: connect 15 1.5952666666666668 0.06794160891693853 26.263 1.424 2.0526811594202896 69
stats: page 15 14.654066666666667 3.2979139965876745 39.865 11.943 15.333260869565219 69
stats: 200 30 168
stats: size_rcv 50460 282576
stats: newphase 0 1
stats: size_sent 11686 65308
stats: connected 0 0
# stats: dump at 1573853224
stats: users 0 2
stats: {load,"tsung_controller@ip-172-31-16-249"} 1 0.01953125 0.0 0.0703125 0.01953125 0.048177083333333336 6
stats: {recvpackets,"tsung_controller@ip-172-31-16-249"} 1 156.0 0.0 587 112 338.8 5
stats: {sentpackets,"tsung_controller@ip-172-31-16-249"} 1 145.0 0.0 473 109 297.2 5
stats: {cpu,"tsung_controller@ip-172-31-16-249"} 1 0.3003003003003003 0.0 3.4965034965034967 0.20060180541624875 1.6879518518408354 6
stats: {freemem,"tsung_controller@ip-172-31-16-249"} 1 3521.2734375 0.0 3522.69921875 3518.265625 3521.396484375 6
stats: session 30 17.61343333333334 6.953147170806102 52.993 13.623 17.141152941176475 85
stats: users_count 30 115
stats: finish_users_count 30 115
stats: request 56 7.456142857142856 1.958485324250892 32.074 5.583 7.5729404761904755 168
stats: connect 28 2.011071428571428 1.4431036228651535 26.263 1.239 1.9709999999999999 84
stats: page 28 14.96367857142857 2.894088063295974 39.865 11.943 15.211976190476191 84
stats: 200 56 224
stats: size_rcv 94192 376768
stats: newphase 1 2
stats: size_sent 21742 87050
stats: connected 0 0
# stats: dump at 1573853234
stats: users 0 2
stats: {load,"tsung_controller@ip-172-31-16-249"} 1 0.08984375 0.0 0.08984375 0.01953125 0.04408482142857143 7
stats: {recvpackets,"tsung_controller@ip-172-31-16-249"} 1 580.0 0.0 587 112 308.3333333333333 6
stats: {sentpackets,"tsung_controller@ip-172-31-16-249"} 1 517.0 0.0 517 109 271.8333333333333 6
stats: {cpu,"tsung_controller@ip-172-31-16-249"} 1 1.7051153460381143 0.0 3.4965034965034967 0.20060180541624875 1.4897159159064732 7
stats: {freemem,"tsung_controller@ip-172-31-16-249"} 1 3521.14453125 0.0 3522.69921875 3518.265625 3521.37890625 7
stats: session 47 17.742297872340433 4.332016497261832 52.993 13.623 17.26435652173914 115
stats: users_count 47 162
stats: finish_users_count 47 162
stats: request 100 7.7985599999999975 2.426062700426351 32.074 5.583 7.54374107142857 224
stats: connect 50 1.6862199999999996 0.5796725727512042 26.263 1.187 1.981017857142857 112
stats: page 50 15.650579999999996 4.265779314920077 39.865 11.631 15.149901785714286 112
stats: 200 100 324
stats: size_rcv 168200 544968
stats: newphase 0 2
stats: size_sent 38804 125854
stats: connected 0 0
# stats: dump at 1573853244
stats: users 0 3
stats: {load,"tsung_controller@ip-172-31-16-249"} 1 0.078125 0.0 0.08984375 0.01953125 0.0498046875 8
stats: {recvpackets,"tsung_controller@ip-172-31-16-249"} 1 562.0 0.0 587 112 347.14285714285717 7
stats: {sentpackets,"tsung_controller@ip-172-31-16-249"} 1 546.0 0.0 546 109 306.85714285714283 7
stats: {cpu,"tsung_controller@ip-172-31-16-249"} 1 0.5020080321285141 0.0 3.4965034965034967 0.20060180541624875 1.5166408446729285 8
stats: {freemem,"tsung_controller@ip-172-31-16-249"} 1 3521.17578125 0.0 3522.69921875 3518.265625 3521.349609375 8
stats: session 33 16.7800303030303 3.4834881463481957 52.993 13.125 17.40301851851853 162
stats: users_count 33 195
stats: finish_users_count 33 195
stats: request 62 7.372564516129034 2.0786495198765067 32.074 5.304 7.622388888888888 324
stats: connect 31 1.733935483870968 0.5242562741627033 26.263 1.187 1.8900308641975305 162
stats: page 31 14.796032258064516 3.1541908167764414 39.865 11.284 15.30443209876543 162
stats: 200 62 386
stats: size_rcv 104284 649252
stats: newphase 0 2
stats: size_sent 24076 149930
stats: connected 0 0
# stats: dump at 1573853254
stats: users 0 3
stats: {load,"tsung_controller@ip-172-31-16-249"} 1 0.0703125 0.0 0.08984375 0.01953125 0.05295138888888889 9
stats: {recvpackets,"tsung_controller@ip-172-31-16-249"} 1 523.0 0.0 587 112 374.0 8
stats: {sentpackets,"tsung_controller@ip-172-31-16-249"} 1 468.0 0.0 546 109 336.75 8
stats: {cpu,"tsung_controller@ip-172-31-16-249"} 1 2.004008016032064 0.0 3.4965034965034967 0.20060180541624875 1.4039038655013267 9
stats: {freemem,"tsung_controller@ip-172-31-16-249"} 1 3521.04296875 0.0 3522.69921875 3518.265625 3521.3302951388887 9
stats: session 62 17.90235483870968 3.9538745394978703 52.993 13.125 17.29758974358975 195
stats: users_count 62 257
stats: finish_users_count 62 257
stats: request 128 7.909898437499998 2.579013425226313 32.074 5.304 7.582261658031087 386
stats: connect 64 1.5945937500000003 0.2717913790224728 26.263 1.16 1.8649585492227978 193
stats: page 64 15.868687500000004 3.9760601843840027 39.865 11.123 15.222772020725388 193
stats: 200 128 514
stats: size_rcv 215296 864548
stats: newphase 1 3
stats: size_sent 49732 199662
stats: connected 0 0
# stats: dump at 1573853264
stats: users 0 3
stats: {load,"tsung_controller@ip-172-31-16-249"} 1 0.05859375 0.0 0.08984375 0.01953125 0.0546875 10
stats: {recvpackets,"tsung_controller@ip-172-31-16-249"} 1 740.0 0.0 740 112 390.55555555555554 9
stats: {sentpackets,"tsung_controller@ip-172-31-16-249"} 1 706.0 0.0 706 109 351.3333333333333 9
stats: {cpu,"tsung_controller@ip-172-31-16-249"} 1 1.001001001001001 0.0 3.4965034965034967 0.20060180541624875 1.4639142805544005 10
stats: {freemem,"tsung_controller@ip-172-31-16-249"} 1 3521.0703125 0.0 3522.69921875 3518.265625 3521.3015625 10
stats: session 79 17.11116455696202 3.6407617071656917 52.993 13.125 17.443486381322963 257
stats: users_count 79 336
stats: finish_users_count 79 336
stats: request 154 7.590084415584416 2.4090924921495125 32.074 5.285 7.66385214007782 514
stats: connect 77 1.5357402597402598 0.22183791922285817 26.263 1.155 1.7976303501945525 257
stats: page 77 15.228701298701298 3.6766293536721957 39.865 11.123 15.383622568093386 257
stats: 200 154 668
stats: size_rcv 259028 1123576
stats: newphase 0 3
stats: size_sent 59842 259504
stats: connected 0 0
# stats: dump at 1573853274
stats: users 0 3
stats: {load,"tsung_controller@ip-172-31-16-249"} 1 0.05078125 0.0 0.08984375 0.01953125 0.05504261363636364 11
stats: {recvpackets,"tsung_controller@ip-172-31-16-249"} 1 874.0 0.0 874 112 425.5 10
stats: {sentpackets,"tsung_controller@ip-172-31-16-249"} 1 835.0 0.0 835 109 386.8 10
stats: {cpu,"tsung_controller@ip-172-31-16-249"} 1 0.9027081243731194 0.0 3.4965034965034967 0.20060180541624875 1.421831255140455 11
stats: {freemem,"tsung_controller@ip-172-31-16-249"} 1 3521.078125 0.0 3522.69921875 3518.265625 3521.2805397727275 11
stats: session 58 15.701413793103445 1.549058435202436 52.993 13.125 17.365351190476197 336
stats: users_count 58 394
stats: finish_users_count 58 394
stats: request 118 6.846372881355935 1.0489572772206075 32.074 5.285 7.646845808383232 668
stats: connect 59 1.5501186440677965 0.1471846626066589 26.263 1.155 1.737254491017964 334
stats: page 59 13.74508474576271 1.5497486541769414 39.865 11.123 15.347907185628742 334
stats: 200 118 786
stats: size_rcv 198476 1322052
stats: newphase 0 3
stats: size_sent 45806 305310
stats: connected 0 0
# stats: dump at 1573853282
stats: users 0 3
stats: {load,"tsung_controller@ip-172-31-16-249"} 1 0.0390625 0.0 0.08984375 0.01953125 0.0546875 12
stats: {recvpackets,"tsung_controller@ip-172-31-16-249"} 1 628.0 0.0 874 112 466.27272727272725 11
stats: {sentpackets,"tsung_controller@ip-172-31-16-249"} 1 600.0 0.0 835 109 427.54545454545456 11
stats: {cpu,"tsung_controller@ip-172-31-16-249"} 1 0.7021063189568706 0.0 3.4965034965034967 0.20060180541624875 1.3785709942431772 12
stats: {freemem,"tsung_controller@ip-172-31-16-249"} 1 3521.08203125 0.0 3522.69921875 3518.265625 3521.263671875 12
stats: session 15 22.573866666666664 6.923539623310866 52.993 13.125 17.120406091370565 394
stats: users_count 15 409
stats: finish_users_count 15 409
stats: request 32 9.777624999999999 4.30654377626363 32.074 5.285 7.526673027989821 786
stats: connect 16 3.1711875000000003 5.219810655315357 26.263 1.155 1.7091603053435114 393
stats: page 16 19.605625 6.98729510321233 43.375 11.123 15.10727989821883 393
stats: 200 32 818
stats: size_rcv 53824 1375876
stats: newphase 0 3
stats: size_sent 12448 317758
stats: connected 0 0
EndMonitor:{1573,853282,855259}
