# stats: dump at 1573709145
stats: users 0 8
stats: {freemem,"tsung_controller@ip-172-31-28-213"} 1 3521.1640625 0 3521.1640625 3521.1640625 0 0
stats: {load,"tsung_controller@ip-172-31-28-213"} 1 0.140625 0 0.140625 0.140625 0 0
stats: {cpu,"tsung_controller@ip-172-31-28-213"} 1 2.026166686127653 0 2.026166686127653 2.026166686127653 0 0
stats: session 877 10.861247434435573 4.257814163348207 39.51 6.611 0 0
stats: users_count 877 877
stats: finish_users_count 877 877
stats: request 831 8.778919374247895 4.167556496021472 37.511 4.849 0 0
stats: connect 831 1.8475908543922983 1.3924559586354848 9.764 1.105 0 0
stats: page 831 8.778919374247895 4.167556496021472 37.511 4.849 0 0
stats: 200 831 831
stats: size_rcv 677265 677265
stats: size_sent 152073 152073
stats: connected 0 0
# stats: dump at 1573709152
stats: users 0 8
stats: {freemem,"tsung_controller@ip-172-31-28-213"} 1 3521.25 0.0 3521.25 3521.1640625 3521.1640625 1
stats: {load,"tsung_controller@ip-172-31-28-213"} 1 0.12109375 0.0 0.140625 0.12109375 0.140625 1
stats: {recvpackets,"tsung_controller@ip-172-31-28-213"} 1 7495 0 7495 7495 0 0
stats: {sentpackets,"tsung_controller@ip-172-31-28-213"} 1 8809 0 8809 8809 0 0
stats: {cpu,"tsung_controller@ip-172-31-28-213"} 1 11.521152115211521 0.0 11.521152115211521 2.026166686127653 2.026166686127653 1
stats: session 98 10.075561224489796 3.0447833979002707 39.51 6.611 10.861247434435573 877
stats: users_count 98 975
stats: finish_users_count 98 975
stats: request 144 7.600972222222225 2.9053238630535487 37.511 4.849 8.778919374247895 831
stats: connect 144 1.6900694444444446 1.0093600671601135 9.764 1.105 1.8475908543922983 831
stats: page 144 7.600972222222225 2.9053238630535487 37.511 4.849 8.778919374247895 831
stats: 200 144 975
stats: size_rcv 117360 794625
stats: size_sent 26352 178425
stats: connected 0 0
EndMonitor:{1573,709152,44556}
