# stats: dump at 1574056322
stats: users 0 1
stats: {freemem,"tsung_controller@ip-172-31-20-83"} 1 3517.38671875 0 3517.38671875 3517.38671875 0 0
stats: {cpu,"tsung_controller@ip-172-31-20-83"} 1 0.7957869773733741 0 0.7957869773733741 0.7957869773733741 0 0
stats: {load,"tsung_controller@ip-172-31-20-83"} 1 0.0 0 0.0 0.0 0 0
stats: session 9 35.474999999999994 41.80122616489723 153.54 18.055 0 0
stats: users_count 9 9
stats: finish_users_count 9 9
stats: request 27 11.009592592592593 21.249103129237763 118.127 3.3 0 0
stats: connect 9 2.7035555555555555 2.6277740098634013 8.756 1.155 0 0
stats: page 9 33.37422222222222 41.20031364977099 149.736 16.165 0 0
stats: 200 18 18
stats: size_rcv 67410 67410
stats: 422 9 9
stats: size_sent 14288 14288
stats: connected 0 0
# stats: dump at 1574056332
stats: users 0 1
stats: {freemem,"tsung_controller@ip-172-31-20-83"} 1 3518.640625 0.0 3518.640625 3517.38671875 3517.38671875 1
stats: {recvpackets,"tsung_controller@ip-172-31-20-83"} 1 156 0 156 156 0 0
stats: {sentpackets,"tsung_controller@ip-172-31-20-83"} 1 152 0 152 152 0 0
stats: {cpu,"tsung_controller@ip-172-31-20-83"} 1 0.30060120240480964 0.0 0.7957869773733741 0.30060120240480964 0.7957869773733741 1
stats: {load,"tsung_controller@ip-172-31-20-83"} 1 0.0 0.0 0.0 0.0 0.0 1
stats: session 9 20.162444444444443 2.961740333396757 153.54 17.767 35.474999999999994 9
stats: users_count 9 18
stats: finish_users_count 9 18
stats: request 24 5.836874999999999 1.669847156491176 118.127 3.246 11.009592592592593 27
stats: connect 8 1.523 0.29833747669376026 8.756 1.155 2.7035555555555555 9
stats: page 8 17.62725 2.2717390227532746 149.736 15.902 33.37422222222222 9
stats: 200 16 34
stats: size_rcv 59920 127330
stats: 422 8 17
stats: size_sent 12728 27016
stats: connected 0 0
# stats: dump at 1574056342
stats: users 0 2
stats: {freemem,"tsung_controller@ip-172-31-20-83"} 1 3513.875 0.0 3518.640625 3513.875 3518.013671875 2
stats: {recvpackets,"tsung_controller@ip-172-31-20-83"} 1 764.0 0.0 764 156 156.0 1
stats: {sentpackets,"tsung_controller@ip-172-31-20-83"} 1 608.0 0.0 608 152 152.0 1
stats: {cpu,"tsung_controller@ip-172-31-20-83"} 1 5.5 0.0 5.5 0.30060120240480964 0.5481940898890919 2
stats: {load,"tsung_controller@ip-172-31-20-83"} 1 0.0 0.0 0.0 0.0 0.0 2
stats: session 7 21.19157142857143 4.830538149764116 153.54 17.767 27.81872222222222 18
stats: users_count 7 25
stats: finish_users_count 7 25
stats: request 24 6.279416666666666 3.084116039168364 118.127 3.225 8.575372549019608 51
stats: connect 8 1.3651250000000001 0.10945825402864784 8.756 1.155 2.1479999999999997 17
stats: page 8 18.959 4.596577639940395 149.736 15.893 25.963882352941173 17
stats: 200 16 50
stats: size_rcv 59920 187250
stats: 422 8 25
stats: size_sent 12702 39718
stats: connected 0 0
# stats: dump at 1574056352
stats: users 0 2
stats: {freemem,"tsung_controller@ip-172-31-20-83"} 1 3517.078125 0.0 3518.640625 3513.875 3516.6341145833335 3
stats: {recvpackets,"tsung_controller@ip-172-31-20-83"} 1 537.0 0.0 764 156 460.0 2
stats: {sentpackets,"tsung_controller@ip-172-31-20-83"} 1 432.0 0.0 608 152 380.0 2
stats: {cpu,"tsung_controller@ip-172-31-20-83"} 1 2.902902902902903 0.0 5.5 0.30060120240480964 2.198796059926061 3
stats: {load,"tsung_controller@ip-172-31-20-83"} 1 0.0 0.0 0.0 0.0 0.0 3
stats: session 16 18.194625 0.9145513842179679 153.54 17.101 25.96312 25
stats: users_count 16 41
stats: finish_users_count 16 41
stats: request 39 5.358102564102564 1.507004292694136 118.127 3.179 7.8406666666666665 75
stats: connect 13 1.3146923076923078 0.1023285692984836 8.756 1.097 1.8974799999999996 25
stats: page 13 16.178846153846155 0.9466475947463517 149.736 15.117 23.72232 25
stats: 200 26 76
stats: size_rcv 97370 284620
stats: 422 13 38
stats: newphase 1 1
stats: size_sent 20708 60426
stats: connected 0 0
# stats: dump at 1574056362
stats: users 0 2
stats: {freemem,"tsung_controller@ip-172-31-20-83"} 1 3516.95703125 0.0 3518.640625 3513.875 3516.7451171875 4
stats: {recvpackets,"tsung_controller@ip-172-31-20-83"} 1 224.0 0.0 764 156 485.6666666666667 3
stats: {sentpackets,"tsung_controller@ip-172-31-20-83"} 1 218.0 0.0 608 152 397.3333333333333 3
stats: {cpu,"tsung_controller@ip-172-31-20-83"} 1 0.20060180541624875 0.0 5.5 0.20060180541624875 2.3748227706702716 4
stats: {load,"tsung_controller@ip-172-31-20-83"} 1 0.0 0.0 0.0 0.0 0.0 4
stats: session 9 19.503 3.268135656099157 153.54 17.101 22.93151219512195 41
stats: users_count 9 50
stats: finish_users_count 9 50
stats: request 36 5.763416666666665 2.255795651390731 118.127 3.179 6.9913684210526315 114
stats: connect 12 1.2794999999999999 0.09700558403171093 8.756 1.045 1.6981052631578946 38
stats: page 12 17.398666666666667 2.832748057197384 149.736 15.117 21.14165789473684 38
stats: 200 24 100
stats: size_rcv 89880 374500
stats: 422 12 50
stats: newphase 0 1
stats: size_sent 19084 79510
stats: connected 0 0
# stats: dump at 1574056372
stats: users 0 3
stats: {freemem,"tsung_controller@ip-172-31-20-83"} 1 3516.0 0.0 3518.640625 3513.875 3516.7875 5
stats: {recvpackets,"tsung_controller@ip-172-31-20-83"} 1 648.0 0.0 764 156 420.25 4
stats: {sentpackets,"tsung_controller@ip-172-31-20-83"} 1 539.0 0.0 608 152 352.5 4
stats: {cpu,"tsung_controller@ip-172-31-20-83"} 1 3.1031031031031033 0.0 5.5 0.20060180541624875 1.939978577619467 5
stats: {load,"tsung_controller@ip-172-31-20-83"} 1 0.0 0.0 0.0 0.0 0.0 5
stats: session 33 23.397393939393947 11.292272393743817 153.54 15.515 22.31438 50
stats: users_count 33 83
stats: finish_users_count 33 83
stats: request 99 7.115353535353536 4.738535910171247 118.127 3.059 6.69666 150
stats: connect 33 1.4406666666666665 1.582326091103177 10.348 0.858 1.5976399999999997 50
stats: page 33 21.457363636363635 11.250489718144346 149.736 13.523 20.24334 50
stats: 200 66 166
stats: size_rcv 247164 621664
stats: 422 33 83
stats: newphase 0 1
stats: size_sent 52400 131910
stats: connected 0 0
# stats: dump at 1574056382
stats: users 0 3
stats: {freemem,"tsung_controller@ip-172-31-20-83"} 1 3515.6640625 0.0 3518.640625 3513.875 3516.65625 6
stats: {recvpackets,"tsung_controller@ip-172-31-20-83"} 1 703.0 0.0 764 156 465.8 5
stats: {sentpackets,"tsung_controller@ip-172-31-20-83"} 1 646.0 0.0 646 152 389.8 5
stats: {cpu,"tsung_controller@ip-172-31-20-83"} 1 2.0080321285140563 0.0 5.5 0.20060180541624875 2.133832665200073 6
stats: {load,"tsung_controller@ip-172-31-20-83"} 1 0.0703125 0.0 0.0703125 0.0 0.0 6
stats: session 37 19.889513513513513 4.396261947914643 153.54 15.515 22.74497590361446 83
stats: users_count 37 120
stats: finish_users_count 37 120
stats: request 111 5.9524774774774745 2.976947983176358 118.127 3.059 6.863128514056225 249
stats: connect 37 1.8293243243243245 3.488595876869521 22.714 0.858 1.5352289156626504 83
stats: page 37 17.963783783783786 4.418316618015773 149.736 13.523 20.726024096385544 83
stats: 200 74 240
stats: size_rcv 277130 898794
stats: 422 37 120
stats: newphase 1 2
stats: size_sent 58728 190638
stats: connected 0 0
# stats: dump at 1574056392
stats: users 0 3
stats: {freemem,"tsung_controller@ip-172-31-20-83"} 1 3515.6640625 0.0 3518.640625 3513.875 3516.5145089285716 7
stats: {recvpackets,"tsung_controller@ip-172-31-20-83"} 1 559.0 0.0 764 156 505.3333333333333 6
stats: {sentpackets,"tsung_controller@ip-172-31-20-83"} 1 555.0 0.0 646 152 432.5 6
stats: {cpu,"tsung_controller@ip-172-31-20-83"} 1 0.4020100502512563 0.0 5.5 0.20060180541624875 2.1158611599592136 7
stats: {load,"tsung_controller@ip-172-31-20-83"} 1 0.05859375 0.0 0.0703125 0.0 0.010044642857142858 7
stats: session 35 20.4252 4.1020668713641 153.54 15.515 21.864541666666664 120
stats: users_count 35 155
stats: finish_users_count 35 155
stats: request 105 6.136733333333337 2.324059393006604 118.127 3.059 6.582344444444443 360
stats: connect 35 1.3345142857142858 0.6691920660202793 22.714 0.858 1.625908333333333 120
stats: page 35 18.519028571428574 4.115478847235254 149.736 13.523 19.874333333333333 120
stats: 200 70 310
stats: size_rcv 262150 1160944
stats: 422 35 155
stats: newphase 0 2
stats: size_sent 55648 246286
stats: connected 0 0
# stats: dump at 1574056402
stats: users 0 3
stats: {freemem,"tsung_controller@ip-172-31-20-83"} 1 3515.37890625 0.0 3518.640625 3513.875 3516.408203125 8
stats: {recvpackets,"tsung_controller@ip-172-31-20-83"} 1 652.0 0.0 764 156 513.0 7
stats: {sentpackets,"tsung_controller@ip-172-31-20-83"} 1 619.0 0.0 646 152 450.0 7
stats: {cpu,"tsung_controller@ip-172-31-20-83"} 1 2.1021021021021022 0.0 5.5 0.20060180541624875 1.901629771245719 8
stats: {load,"tsung_controller@ip-172-31-20-83"} 1 0.05078125 0.0 0.0703125 0.0 0.01611328125 8
stats: session 37 19.205621621621614 3.584400144706272 153.54 15.515 21.539529032258063 155
stats: users_count 37 192
stats: finish_users_count 37 192
stats: request 108 5.7065092592592555 2.0803052549128385 118.127 3.059 6.481722580645161 465
stats: connect 36 1.1805277777777776 0.1506429712397847 22.714 0.858 1.5601096774193548 155
stats: page 36 17.22416666666667 3.623705320524836 149.736 13.523 19.56829677419355 155
stats: 200 72 382
stats: size_rcv 269640 1430584
stats: 422 36 191
stats: newphase 0 2
stats: size_sent 57208 303494
stats: connected 0 0
# stats: dump at 1574056412
stats: users 0 3
stats: {freemem,"tsung_controller@ip-172-31-20-83"} 1 3515.14453125 0.0 3518.640625 3513.875 3516.2938368055557 9
stats: {recvpackets,"tsung_controller@ip-172-31-20-83"} 1 752.0 0.0 764 156 530.375 8
stats: {sentpackets,"tsung_controller@ip-172-31-20-83"} 1 743.0 0.0 743 152 471.125 8
stats: {cpu,"tsung_controller@ip-172-31-20-83"} 1 2.206619859578736 0.0 5.5 0.20060180541624875 1.923904474674206 9
stats: {load,"tsung_controller@ip-172-31-20-83"} 1 0.0390625 0.0 0.0703125 0.0 0.019965277777777776 9
stats: session 77 21.452454545454557 7.921073986845262 153.54 15.515 21.089765625 192
stats: users_count 77 269
stats: finish_users_count 77 269
stats: request 228 6.479065789473683 3.6974300593679073 118.127 3.059 6.335609075043629 573
stats: connect 76 1.1070657894736842 0.13747739867130662 22.714 0.858 1.4885654450261783 191
stats: page 76 19.541355263157897 8.040899626782977 149.736 13.523 19.126471204188483 191
stats: 200 152 534
stats: size_rcv 569240 1999824
stats: 422 76 267
stats: newphase 1 3
stats: size_sent 120730 424224
stats: connected 0 0
# stats: dump at 1574056422
stats: users 1 3
stats: {freemem,"tsung_controller@ip-172-31-20-83"} 1 3514.9765625 0.0 3518.640625 3513.875 3516.17890625 10
stats: {recvpackets,"tsung_controller@ip-172-31-20-83"} 1 1386.0 0.0 1386 156 555.0 9
stats: {sentpackets,"tsung_controller@ip-172-31-20-83"} 1 1318.0 0.0 1318 152 501.3333333333333 9
stats: {cpu,"tsung_controller@ip-172-31-20-83"} 1 2.5176233635448138 0.0 5.5 0.20060180541624875 1.952176013164659 10
stats: {load,"tsung_controller@ip-172-31-20-83"} 1 0.0390625 0.0 0.0703125 0.0 0.021875 10
stats: session 61 19.799377049180322 3.591070944713438 153.54 15.515 21.19358364312268 269
stats: users_count 62 331
stats: finish_users_count 61 330
stats: request 183 5.900333333333333 2.215613663363343 118.127 3.059 6.376443196004993 801
stats: connect 61 1.1755409836065573 0.12262679269864768 22.714 0.858 1.3799737827715357 267
stats: page 61 17.806377049180337 3.6052604924595464 149.736 13.523 19.244565543071165 267
stats: 200 122 656
stats: size_rcv 456884 2456708
stats: 422 61 328
stats: newphase 0 3
stats: size_sent 96938 521162
stats: connected 0 0
# stats: dump at 1574056432
stats: users 1 4
stats: {freemem,"tsung_controller@ip-172-31-20-83"} 1 3514.80859375 0.0 3518.640625 3513.875 3516.0696022727275 11
stats: {recvpackets,"tsung_controller@ip-172-31-20-83"} 1 1105.0 0.0 1386 156 638.1 10
stats: {sentpackets,"tsung_controller@ip-172-31-20-83"} 1 1081.0 0.0 1318 152 583.0 10
stats: {cpu,"tsung_controller@ip-172-31-20-83"} 1 2.414486921529175 0.0 5.5 0.20060180541624875 2.003580317744673 11
stats: {load,"tsung_controller@ip-172-31-20-83"} 1 0.03125 0.0 0.0703125 0.0 0.0234375 11
stats: session 88 21.18797727272727 7.100628920572128 153.54 15.515 20.935866666666666 330
stats: users_count 88 419
stats: finish_users_count 88 418
stats: request 270 6.362922222222227 3.234162210691006 118.127 3.059 6.287898373983739 984
stats: connect 90 1.1104999999999998 0.15788204105878823 22.714 0.858 1.341954268292683 328
stats: page 90 19.19540000000001 7.023586570027215 149.736 13.523 18.977097560975615 328
stats: 200 180 836
stats: size_rcv 674088 3130796
stats: 422 90 418
stats: newphase 0 3
stats: size_sent 142816 663978
stats: connected 0 0
# stats: dump at 1574056439
stats: users 0 4
stats: {freemem,"tsung_controller@ip-172-31-20-83"} 1 3514.43359375 0.0 3518.640625 3513.875 3515.9645182291665 12
stats: {recvpackets,"tsung_controller@ip-172-31-20-83"} 1 1302.0 0.0 1386 156 680.5454545454545 11
stats: {sentpackets,"tsung_controller@ip-172-31-20-83"} 1 1299.0 0.0 1318 152 628.2727272727273 11
stats: {cpu,"tsung_controller@ip-172-31-20-83"} 1 0.7077856420626896 0.0 5.5 0.20060180541624875 2.037822534726715 12
stats: {load,"tsung_controller@ip-172-31-20-83"} 1 0.01953125 0.0 0.0703125 0.0 0.024088541666666668 12
stats: session 16 20.0898125 4.333906237719472 153.54 15.515 20.988942583732054 418
stats: users_count 15 434
stats: finish_users_count 16 434
stats: request 48 5.952375 2.3700534419519603 118.127 3.059 6.3040518341307825 1254
stats: connect 16 2.003875 1.9509010057855318 22.714 0.858 1.2921196172248803 418
stats: page 16 17.958375 4.391824946349182 149.736 13.523 19.024100478468906 418
stats: 200 32 868
stats: size_rcv 119840 3250636
stats: 422 16 434
stats: newphase 0 3
stats: size_sent 25424 689402
stats: connected 0 0
EndMonitor:{1574,56439,207880}
