# stats: dump at 1573707722
stats: users 0 1
stats: {freemem,"tsung_controller@ip-172-31-28-213"} 1 3522.96875 0 3522.96875 3522.96875 0 0
stats: {load,"tsung_controller@ip-172-31-28-213"} 1 0.16015625 0 0.16015625 0.16015625 0 0
stats: {cpu,"tsung_controller@ip-172-31-28-213"} 1 6.661875865005855 0 6.661875865005855 6.661875865005855 0 0
stats: session 6 113.56016666666666 100.62052065958294 336.161 55.07 0 0
stats: users_count 6 6
stats: finish_users_count 6 6
stats: request 6 110.147 97.18223260795497 324.972 53.205 0 0
stats: connect 6 54.400000000000006 100.77306951429699 279.721 7.925 0 0
stats: page 6 110.147 97.18223260795497 324.972 53.205 0 0
stats: 200 6 6
stats: size_rcv 70520 70520
stats: size_sent 840 840
stats: connected 0 0
# stats: dump at 1573707728
stats: users 0 1
stats: {freemem,"tsung_controller@ip-172-31-28-213"} 1 3523.72265625 0.0 3523.72265625 3522.96875 3522.96875 1
stats: {load,"tsung_controller@ip-172-31-28-213"} 1 0.140625 0.0 0.16015625 0.140625 0.16015625 1
stats: {recvpackets,"tsung_controller@ip-172-31-28-213"} 1 140 0 140 140 0 0
stats: {sentpackets,"tsung_controller@ip-172-31-28-213"} 1 104 0 104 104 0 0
stats: {cpu,"tsung_controller@ip-172-31-28-213"} 1 0.501002004008016 0.0 6.661875865005855 0.501002004008016 6.661875865005855 1
stats: session 4 53.182500000000005 0.9611218705242323 336.161 51.792 113.56016666666666 6
stats: users_count 4 10
stats: finish_users_count 4 10
stats: request 4 51.301 0.9503486202441708 324.972 49.926 110.147 6
stats: connect 4 8.47725 0.6342355142216484 279.721 7.925 54.400000000000006 6
stats: page 4 51.301 0.9503486202441708 324.972 49.926 110.147 6
stats: 200 4 10
stats: size_rcv 46989 117509
stats: size_sent 560 1400
stats: connected 0 0
EndMonitor:{1573,707728,393119}
