# stats: dump at 1573852555
stats: users 0 1
stats: {load,"tsung_controller@ip-172-31-16-249"} 1 0.0703125 0 0.0703125 0.0703125 0 0
stats: {cpu,"tsung_controller@ip-172-31-16-249"} 1 3.058565033951591 0 3.058565033951591 3.058565033951591 0 0
stats: {freemem,"tsung_controller@ip-172-31-16-249"} 1 3522.8046875 0 3522.8046875 3522.8046875 0 0
stats: session 14 12.364071428571425 6.4543847384580975 33.47 8.361 0 0
stats: users_count 14 14
stats: finish_users_count 14 14
stats: request 14 10.216214285714287 5.80180574327106 28.679 6.364 0 0
stats: connect 14 3.194214285714285 5.089855697906396 21.22 1.305 0 0
stats: page 14 10.216214285714287 5.80180574327106 28.679 6.364 0 0
stats: 200 14 14
stats: size_rcv 17668 17668
stats: size_sent 2562 2562
stats: connected 0 0
# stats: dump at 1573852565
stats: users 0 1
stats: {load,"tsung_controller@ip-172-31-16-249"} 1 0.05859375 0.0 0.0703125 0.05859375 0.0703125 1
stats: {recvpackets,"tsung_controller@ip-172-31-16-249"} 1 261 0 261 261 0 0
stats: {sentpackets,"tsung_controller@ip-172-31-16-249"} 1 258 0 258 258 0 0
stats: {cpu,"tsung_controller@ip-172-31-16-249"} 1 1.3972055888223553 0.0 3.058565033951591 1.3972055888223553 3.058565033951591 1
stats: {freemem,"tsung_controller@ip-172-31-16-249"} 1 3524.78125 0.0 3524.78125 3522.8046875 3522.8046875 1
stats: session 10 9.501 1.9344791030145563 33.47 8.361 12.364071428571425 14
stats: users_count 10 24
stats: finish_users_count 10 24
stats: request 10 6.952 0.19437077969694952 28.679 6.364 10.216214285714287 14
stats: connect 10 1.6684999999999999 0.09091562022007 21.22 1.305 3.194214285714285 14
stats: page 10 6.952 0.19437077969694952 28.679 6.364 10.216214285714287 14
stats: 200 10 24
stats: size_rcv 12620 30288
stats: size_sent 1830 4392
stats: connected 0 0
# stats: dump at 1573852575
stats: users 0 1
stats: {load,"tsung_controller@ip-172-31-16-249"} 1 0.05078125 0.0 0.0703125 0.05078125 0.064453125 2
stats: {recvpackets,"tsung_controller@ip-172-31-16-249"} 1 492.0 0.0 492 261 261.0 1
stats: {sentpackets,"tsung_controller@ip-172-31-16-249"} 1 409.0 0.0 409 258 258.0 1
stats: {cpu,"tsung_controller@ip-172-31-16-249"} 1 2.997002997002997 0.0 3.058565033951591 1.3972055888223553 2.227885311386973 2
stats: {freemem,"tsung_controller@ip-172-31-16-249"} 1 3524.1015625 0.0 3524.78125 3522.8046875 3523.79296875 2
stats: session 4 8.87175 0.12602455117952172 33.47 8.361 11.171124999999998 24
stats: users_count 4 28
stats: finish_users_count 4 28
stats: request 3 6.977 0.13051692099749607 28.679 6.364 8.856125 24
stats: connect 3 1.611 0.04526219909225207 21.22 1.305 2.558499999999999 24
stats: page 3 6.977 0.13051692099749607 28.679 6.364 8.856125 24
stats: 200 3 27
stats: size_rcv 3786 34074
stats: size_sent 549 4941
stats: connected 0 0
# stats: dump at 1573852585
stats: users 0 1
stats: {load,"tsung_controller@ip-172-31-16-249"} 1 0.0390625 0.0 0.0703125 0.0390625 0.059895833333333336 3
stats: {recvpackets,"tsung_controller@ip-172-31-16-249"} 1 709.0 0.0 709 261 376.5 2
stats: {sentpackets,"tsung_controller@ip-172-31-16-249"} 1 579.0 0.0 579 258 333.5 2
stats: {cpu,"tsung_controller@ip-172-31-16-249"} 1 4.904904904904905 0.0 4.904904904904905 1.3972055888223553 2.484257873258981 3
stats: {freemem,"tsung_controller@ip-172-31-16-249"} 1 3523.4453125 0.0 3524.78125 3522.8046875 3523.8958333333335 3
stats: session 16 9.115499999999999 1.0654138867125769 33.47 7.872 10.842642857142858 28
stats: users_count 16 44
stats: finish_users_count 16 44
stats: request 15 7.209399999999999 1.1141464176669065 28.679 5.879 8.647333333333334 27
stats: connect 15 1.6509333333333336 0.23962928776665748 21.22 1.198 2.4532222222222213 27
stats: page 15 7.209399999999999 1.1141464176669065 28.679 5.879 8.647333333333334 27
stats: 200 15 42
stats: size_rcv 18930 53004
stats: newphase 1 1
stats: size_sent 2745 7686
stats: connected 0 0
# stats: dump at 1573852595
stats: users 0 1
stats: {load,"tsung_controller@ip-172-31-16-249"} 1 0.0390625 0.0 0.0703125 0.0390625 0.0546875 4
stats: {recvpackets,"tsung_controller@ip-172-31-16-249"} 1 105.0 0.0 709 105 487.3333333333333 3
stats: {sentpackets,"tsung_controller@ip-172-31-16-249"} 1 123.0 0.0 579 123 415.3333333333333 3
stats: {cpu,"tsung_controller@ip-172-31-16-249"} 1 0.10030090270812438 0.0 4.904904904904905 0.10030090270812438 3.089419631170462 4
stats: {freemem,"tsung_controller@ip-172-31-16-249"} 1 3523.4609375 0.0 3524.78125 3522.8046875 3523.783203125 4
stats: session 22 9.307227272727273 1.5654330197284703 33.47 7.872 10.214590909090909 44
stats: users_count 22 66
stats: finish_users_count 22 66
stats: request 23 7.411913043478258 1.6514046435644985 28.679 5.879 8.133785714285713 42
stats: connect 23 1.7054782608695656 0.2583309083773414 21.22 1.198 2.1666904761904755 42
stats: page 23 7.411913043478258 1.6514046435644985 28.679 5.879 8.133785714285713 42
stats: 200 23 65
stats: size_rcv 29026 82030
stats: newphase 0 1
stats: size_sent 4209 11895
stats: connected 0 0
# stats: dump at 1573852605
stats: users 0 1
stats: {load,"tsung_controller@ip-172-31-16-249"} 1 0.03125 0.0 0.0703125 0.03125 0.0515625 5
stats: {recvpackets,"tsung_controller@ip-172-31-16-249"} 1 394.0 0.0 709 105 391.75 4
stats: {sentpackets,"tsung_controller@ip-172-31-16-249"} 1 370.0 0.0 579 123 342.25 4
stats: {cpu,"tsung_controller@ip-172-31-16-249"} 1 2.288557213930348 0.0 4.904904904904905 0.10030090270812438 2.4915958854779943 5
stats: {freemem,"tsung_controller@ip-172-31-16-249"} 1 3523.3046875 0.0 3524.78125 3522.8046875 3523.71875 5
stats: session 17 8.899470588235292 0.22285239579465735 33.47 7.872 9.912136363636364 66
stats: users_count 17 83
stats: finish_users_count 17 83
stats: request 18 6.942 0.13959823303561775 28.679 5.879 7.878353846153844 65
stats: connect 18 1.6396666666666666 0.0726567271489708 21.22 1.198 2.0034923076923072 65
stats: page 18 6.942 0.13959823303561775 28.679 5.879 7.878353846153844 65
stats: 200 18 83
stats: size_rcv 22716 104746
stats: newphase 0 1
stats: size_sent 3294 15189
stats: connected 0 0
# stats: dump at 1573852615
stats: users 0 1
stats: {load,"tsung_controller@ip-172-31-16-249"} 1 0.01953125 0.0 0.0703125 0.01953125 0.048177083333333336 6
stats: {recvpackets,"tsung_controller@ip-172-31-16-249"} 1 128.0 0.0 709 105 392.2 5
stats: {sentpackets,"tsung_controller@ip-172-31-16-249"} 1 154.0 0.0 579 123 347.8 5
stats: {cpu,"tsung_controller@ip-172-31-16-249"} 1 0.1002004008016032 0.0 4.904904904904905 0.1002004008016032 2.45775610688672 6
stats: {freemem,"tsung_controller@ip-172-31-16-249"} 1 3523.32421875 0.0 3524.78125 3522.8046875 3523.6497395833335 6
stats: session 26 9.56026923076923 2.298337451920281 33.47 7.872 9.704722891566265 83
stats: users_count 26 109
stats: finish_users_count 26 109
stats: request 26 7.626807692307695 2.3136298656711376 28.679 5.879 7.675289156626504 83
stats: connect 26 2.3198076923076916 2.1846344707319023 21.22 1.198 1.9245903614457829 83
stats: page 26 7.626807692307695 2.3136298656711376 28.679 5.879 7.675289156626504 83
stats: 200 26 109
stats: size_rcv 32812 137558
stats: newphase 1 2
stats: size_sent 4758 19947
stats: connected 0 0
# stats: dump at 1573852625
stats: users 0 2
stats: {load,"tsung_controller@ip-172-31-16-249"} 1 0.01953125 0.0 0.0703125 0.01953125 0.04408482142857143 7
stats: {recvpackets,"tsung_controller@ip-172-31-16-249"} 1 189.0 0.0 709 105 348.1666666666667 6
stats: {sentpackets,"tsung_controller@ip-172-31-16-249"} 1 224.0 0.0 579 123 315.5 6
stats: {cpu,"tsung_controller@ip-172-31-16-249"} 1 0.3009027081243731 0.0 4.904904904904905 0.1002004008016032 2.1209624345888463 7
stats: {freemem,"tsung_controller@ip-172-31-16-249"} 1 3523.20703125 0.0 3524.78125 3522.8046875 3523.6032366071427 7
stats: session 33 8.956454545454546 0.7096426369492667 33.47 7.339 9.670266055045872 109
stats: users_count 33 142
stats: finish_users_count 33 142
stats: request 30 7.027266666666663 0.7498272660345773 28.679 5.375 7.663724770642202 109
stats: connect 30 1.6555 0.2171208189004453 21.22 1.198 2.0188623853211007 109
stats: page 30 7.027266666666663 0.7498272660345773 28.679 5.375 7.663724770642202 109
stats: 200 30 139
stats: size_rcv 37860 175418
stats: newphase 0 2
stats: size_sent 5490 25437
stats: connected 0 0
# stats: dump at 1573852635
stats: users 0 2
stats: {load,"tsung_controller@ip-172-31-16-249"} 1 0.01953125 0.0 0.0703125 0.01953125 0.041015625 8
stats: {recvpackets,"tsung_controller@ip-172-31-16-249"} 1 246.0 0.0 709 105 325.42857142857144 7
stats: {sentpackets,"tsung_controller@ip-172-31-16-249"} 1 291.0 0.0 579 123 302.42857142857144 7
stats: {cpu,"tsung_controller@ip-172-31-16-249"} 1 0.4008016032064128 0.0 4.904904904904905 0.1002004008016032 1.893454968780787 8
stats: {freemem,"tsung_controller@ip-172-31-16-249"} 1 3523.2109375 0.0 3524.78125 3522.8046875 3523.5537109375 8
stats: session 51 9.017470588235296 0.8428065242807762 33.47 7.166 9.50438028169014 142
stats: users_count 51 193
stats: finish_users_count 51 193
stats: request 53 7.1164528301886785 0.8373643413878088 28.679 5.169 7.5263597122302155 139
stats: connect 53 1.705603773584905 0.38304422817799644 21.22 1.198 1.9404388489208633 139
stats: page 53 7.1164528301886785 0.8373643413878088 28.679 5.169 7.5263597122302155 139
stats: 200 53 192
stats: size_rcv 66886 242304
stats: newphase 0 2
stats: size_sent 9699 35136
stats: connected 0 0
# stats: dump at 1573852645
stats: users 0 4
stats: {load,"tsung_controller@ip-172-31-16-249"} 1 0.01171875 0.0 0.0703125 0.01171875 0.038628472222222224 9
stats: {recvpackets,"tsung_controller@ip-172-31-16-249"} 1 447.0 0.0 709 105 315.5 8
stats: {sentpackets,"tsung_controller@ip-172-31-16-249"} 1 520.0 0.0 579 123 301.0 8
stats: {cpu,"tsung_controller@ip-172-31-16-249"} 1 0.5015045135406219 0.0 4.904904904904905 0.1002004008016032 1.7276045948280787 9
stats: {freemem,"tsung_controller@ip-172-31-16-249"} 1 3522.77734375 0.0 3524.78125 3522.77734375 3523.515625 9
stats: session 69 14.080507246376808 19.97571314402233 147.996 7.166 9.375715025906736 193
stats: users_count 69 262
stats: finish_users_count 69 262
stats: request 69 12.078971014492751 19.991189584755897 146.077 5.169 7.413208333333333 192
stats: connect 69 5.465333333333332 18.429539384704302 131.884 1.198 1.875614583333333 192
stats: page 69 12.078971014492751 19.991189584755897 146.077 5.169 7.413208333333333 192
stats: 200 69 261
stats: size_rcv 87078 329382
stats: newphase 1 3
stats: size_sent 12627 47763
stats: connected 0 0
# stats: dump at 1573852655
stats: users 0 4
stats: {load,"tsung_controller@ip-172-31-16-249"} 1 0.01171875 0.0 0.0703125 0.01171875 0.0359375 10
stats: {recvpackets,"tsung_controller@ip-172-31-16-249"} 1 493.0 0.0 709 105 330.1111111111111 9
stats: {sentpackets,"tsung_controller@ip-172-31-16-249"} 1 577.0 0.0 579 123 325.3333333333333 9
stats: {cpu,"tsung_controller@ip-172-31-16-249"} 1 0.802407221664995 0.0 4.904904904904905 0.1002004008016032 1.604994586699333 10
stats: {freemem,"tsung_controller@ip-172-31-16-249"} 1 3522.26953125 0.0 3524.78125 3522.26953125 3523.441796875 10
stats: session 77 9.034168831168833 1.5114982367002563 147.996 7.126 10.614763358778625 262
stats: users_count 77 339
stats: finish_users_count 77 339
stats: request 78 7.1460256410256395 1.5266232888336275 146.077 5.125 8.646685823754789 261
stats: connect 78 1.7464358974358971 0.4510430245480196 131.884 1.191 2.824620689655172 261
stats: page 78 7.1460256410256395 1.5266232888336275 146.077 5.125 8.646685823754789 261
stats: 200 78 339
stats: size_rcv 98436 427818
stats: newphase 0 3
stats: size_sent 14274 62037
stats: connected 0 0
# stats: dump at 1573852665
stats: users 0 4
stats: {load,"tsung_controller@ip-172-31-16-249"} 1 0.01171875 0.0 0.0703125 0.01171875 0.033735795454545456 11
stats: {recvpackets,"tsung_controller@ip-172-31-16-249"} 1 549.0 0.0 709 105 346.4 10
stats: {sentpackets,"tsung_controller@ip-172-31-16-249"} 1 646.0 0.0 646 123 350.5 10
stats: {cpu,"tsung_controller@ip-172-31-16-249"} 1 1.7119838872104733 0.0 4.904904904904905 0.1002004008016032 1.5320320989689387 11
stats: {freemem,"tsung_controller@ip-172-31-16-249"} 1 3522.2109375 0.0 3524.78125 3522.2109375 3523.3352272727275 11
stats: session 83 9.609987951807225 3.3059112463176525 147.996 7.126 10.255749262536872 339
stats: users_count 83 422
stats: finish_users_count 83 422
stats: request 81 7.6972469135802495 3.3595813140479795 146.077 5.125 8.301401179941003 339
stats: connect 81 1.983222222222221 1.7817842770314658 131.884 1.191 2.5765427728613566 339
stats: page 81 7.6972469135802495 3.3595813140479795 146.077 5.125 8.301401179941003 339
stats: 200 81 420
stats: size_rcv 102222 530040
stats: newphase 0 3
stats: size_sent 14823 76860
stats: connected 0 0
# stats: dump at 1573852673
stats: users 0 4
stats: {load,"tsung_controller@ip-172-31-16-249"} 1 0.01171875 0.0 0.0703125 0.01171875 0.031901041666666664 12
stats: {recvpackets,"tsung_controller@ip-172-31-16-249"} 1 878.0 0.0 878 105 364.8181818181818 11
stats: {sentpackets,"tsung_controller@ip-172-31-16-249"} 1 1004.0 0.0 1004 123 377.3636363636364 11
stats: {cpu,"tsung_controller@ip-172-31-16-249"} 1 1.103309929789368 0.0 4.904904904904905 0.1002004008016032 1.5470280813223998 12
stats: {freemem,"tsung_controller@ip-172-31-16-249"} 1 3522.06640625 0.0 3524.78125 3522.06640625 3523.2415364583335 12
stats: session 24 8.959416666666664 1.2149478355285697 147.996 7.126 10.12873933649289 422
stats: users_count 24 446
stats: finish_users_count 24 446
stats: request 26 7.007153846153847 1.1974874559261954 146.077 5.125 8.184885714285715 420
stats: connect 26 1.8697692307692308 1.1413185123993925 131.884 1.191 2.462116666666666 420
stats: page 26 7.007153846153847 1.1974874559261954 146.077 5.125 8.184885714285715 420
stats: 200 26 446
stats: size_rcv 32812 562852
stats: newphase 0 3
stats: size_sent 4758 81618
stats: connected 0 0
EndMonitor:{1573,852673,616809}
