# stats: dump at 1573854547
stats: users 0 1
stats: {load,"tsung_controller@ip-172-31-16-249"} 1 0.0 0 0.0 0.0 0 0
stats: {cpu,"tsung_controller@ip-172-31-16-249"} 1 1.2504567557691768 0 1.2504567557691768 1.2504567557691768 0 0
stats: {freemem,"tsung_controller@ip-172-31-16-249"} 1 3521.65625 0 3521.65625 3521.65625 0 0
stats: session 7 27.286571428571424 13.981736350959954 58.61 19.028 0 0
stats: users_count 7 7
stats: finish_users_count 7 7
stats: request 18 8.677444444444445 6.765747344957723 34.555 3.688 0 0
stats: connect 6 5.865666666666667 9.211701501652968 26.461 1.597 0 0
stats: page 6 26.39316666666667 14.06482953346949 54.841 17.111 0 0
stats: 200 12 12
stats: size_rcv 31944 31944
stats: 422 6 6
stats: size_sent 8872 8872
stats: connected 0 0
# stats: dump at 1573854557
stats: users 0 1
stats: {load,"tsung_controller@ip-172-31-16-249"} 1 0.0 0.0 0.0 0.0 0.0 1
stats: {recvpackets,"tsung_controller@ip-172-31-16-249"} 1 91 0 91 91 0 0
stats: {sentpackets,"tsung_controller@ip-172-31-16-249"} 1 90 0 90 90 0 0
stats: {cpu,"tsung_controller@ip-172-31-16-249"} 1 0.1002004008016032 0.0 1.2504567557691768 0.1002004008016032 1.2504567557691768 1
stats: {freemem,"tsung_controller@ip-172-31-16-249"} 1 3523.1328125 0.0 3523.1328125 3521.65625 3521.65625 1
stats: session 10 20.6416 2.5389627882267187 58.61 19.028 27.286571428571424 7
stats: users_count 10 17
stats: finish_users_count 10 17
stats: request 33 6.181333333333333 2.1760879921305913 34.555 3.632 8.677444444444445 18
stats: connect 11 1.6324545454545456 0.06831526335023212 26.461 1.541 5.865666666666667 6
stats: page 11 18.661090909090913 2.586909755411779 54.841 17.111 26.39316666666667 6
stats: 200 22 34
stats: size_rcv 58564 90508
stats: 422 11 17
stats: size_sent 16257 25129
stats: connected 0 0
# stats: dump at 1573854567
stats: users 0 1
stats: {load,"tsung_controller@ip-172-31-16-249"} 1 0.0 0.0 0.0 0.0 0.0 2
stats: {recvpackets,"tsung_controller@ip-172-31-16-249"} 1 846.0 0.0 846 91 91.0 1
stats: {sentpackets,"tsung_controller@ip-172-31-16-249"} 1 668.0 0.0 668 90 90.0 1
stats: {cpu,"tsung_controller@ip-172-31-16-249"} 1 4.909819639278557 0.0 4.909819639278557 0.1002004008016032 0.67532857828539 2
stats: {freemem,"tsung_controller@ip-172-31-16-249"} 1 3522.07421875 0.0 3523.1328125 3521.65625 3522.39453125 2
stats: session 11 19.31245454545454 0.8542154682020809 58.61 18.814 23.377764705882353 17
stats: users_count 11 28
stats: finish_users_count 11 28
stats: request 33 5.764818181818181 1.510062721044263 34.555 3.611 7.062313725490196 51
stats: connect 11 1.5799999999999996 0.05575759222661145 26.461 1.488 3.126529411764706 17
stats: page 11 17.40590909090909 0.8624488869751237 54.841 16.893 21.390058823529415 17
stats: 200 22 56
stats: size_rcv 58564 149072
stats: 422 11 28
stats: size_sent 16287 41416
stats: connected 0 0
# stats: dump at 1573854577
stats: users 0 1
stats: {load,"tsung_controller@ip-172-31-16-249"} 1 0.0 0.0 0.0 0.0 0.0 3
stats: {recvpackets,"tsung_controller@ip-172-31-16-249"} 1 387.0 0.0 846 91 468.5 2
stats: {sentpackets,"tsung_controller@ip-172-31-16-249"} 1 334.0 0.0 668 90 379.0 2
stats: {cpu,"tsung_controller@ip-172-31-16-249"} 1 2.5 0.0 4.909819639278557 0.1002004008016032 2.086825598616446 3
stats: {freemem,"tsung_controller@ip-172-31-16-249"} 1 3514.04296875 0.0 3523.1328125 3514.04296875 3522.2877604166665 3
stats: session 25 22.10748 4.192825263423221 58.61 18.717 21.78067857142857 28
stats: users_count 25 53
stats: finish_users_count 25 53
stats: request 72 6.736319444444444 2.389211125190285 34.555 3.611 6.552583333333333 84
stats: connect 24 1.561375 0.09036906388988065 26.461 1.345 2.518964285714286 28
stats: page 24 20.32425 4.226195967317023 54.841 16.815 19.824857142857148 28
stats: 200 48 104
stats: size_rcv 127776 276848
stats: 422 24 52
stats: newphase 1 1
stats: size_sent 35516 76932
stats: connected 0 0
# stats: dump at 1573854587
stats: users 1 1
stats: {load,"tsung_controller@ip-172-31-16-249"} 1 0.0 0.0 0.0 0.0 0.0 4
stats: {recvpackets,"tsung_controller@ip-172-31-16-249"} 1 535.0 0.0 846 91 441.3333333333333 3
stats: {sentpackets,"tsung_controller@ip-172-31-16-249"} 1 481.0 0.0 668 90 364.0 3
stats: {cpu,"tsung_controller@ip-172-31-16-249"} 1 0.8999999999999999 0.0 4.909819639278557 0.1002004008016032 2.1901191989623343 4
stats: {freemem,"tsung_controller@ip-172-31-16-249"} 1 3521.78515625 0.0 3523.1328125 3514.04296875 3520.2265625 4
stats: session 26 19.492615384615387 0.946976446661977 58.61 17.343 21.934830188679243 53
stats: users_count 27 80
stats: finish_users_count 26 79
stats: request 81 5.815518518518516 1.384820040999321 34.555 3.572 6.637384615384614 156
stats: connect 27 1.573888888888889 0.12609647492160247 26.461 1.291 2.077 52
stats: page 27 17.558407407407405 0.9458478171875551 54.841 15.362 20.055346153846155 52
stats: 200 54 158
stats: size_rcv 143748 420596
stats: 422 27 79
stats: newphase 0 1
stats: size_sent 39991 116923
stats: connected 0 0
# stats: dump at 1573854597
stats: users 0 2
stats: {load,"tsung_controller@ip-172-31-16-249"} 1 0.0 0.0 0.0 0.0 0.0 5
stats: {recvpackets,"tsung_controller@ip-172-31-16-249"} 1 352.0 0.0 846 91 464.75 4
stats: {sentpackets,"tsung_controller@ip-172-31-16-249"} 1 335.0 0.0 668 90 393.25 4
stats: {cpu,"tsung_controller@ip-172-31-16-249"} 1 0.2008032128514056 0.0 4.909819639278557 0.1002004008016032 1.9320953591698675 5
stats: {freemem,"tsung_controller@ip-172-31-16-249"} 1 3521.81640625 0.0 3523.1328125 3514.04296875 3520.53828125 5
stats: session 11 23.301363636363636 4.009909322772712 58.61 17.343 21.131063291139238 79
stats: users_count 10 90
stats: finish_users_count 11 90
stats: request 33 7.089666666666665 2.270506079838999 34.555 3.572 6.356493670886074 237
stats: connect 11 1.6052727272727274 0.19603946305369277 26.461 1.239 1.9050506329113923 79
stats: page 11 21.381545454545456 4.018495022758381 54.841 15.362 19.20196202531646 79
stats: 200 22 180
stats: size_rcv 58564 479160
stats: 422 11 90
stats: newphase 0 1
stats: size_sent 16197 133120
stats: connected 0 0
# stats: dump at 1573854607
stats: users 0 2
stats: {load,"tsung_controller@ip-172-31-16-249"} 1 0.0 0.0 0.0 0.0 0.0 6
stats: {recvpackets,"tsung_controller@ip-172-31-16-249"} 1 323.0 0.0 846 91 442.2 5
stats: {sentpackets,"tsung_controller@ip-172-31-16-249"} 1 267.0 0.0 668 90 381.6 5
stats: {cpu,"tsung_controller@ip-172-31-16-249"} 1 1.7017017017017018 0.0 4.909819639278557 0.1002004008016032 1.6435466681167907 6
stats: {freemem,"tsung_controller@ip-172-31-16-249"} 1 3521.67578125 0.0 3523.1328125 3514.04296875 3520.7513020833335 6
stats: session 32 22.363656250000005 6.778608460671408 58.61 17.343 21.39632222222222 90
stats: users_count 32 122
stats: finish_users_count 32 122
stats: request 90 6.8463222222222235 3.238820350504102 34.555 3.479 6.4461037037037014 270
stats: connect 30 2.2735333333333334 2.3061483290446767 26.461 1.226 1.868411111111111 90
stats: page 30 20.66203333333333 6.958175610907087 54.841 15.362 19.468355555555558 90
stats: 200 60 240
stats: size_rcv 159720 638880
stats: 422 30 120
stats: newphase 1 2
stats: size_sent 44332 177452
stats: connected 0 0
# stats: dump at 1573854617
stats: users 0 2
stats: {load,"tsung_controller@ip-172-31-16-249"} 1 0.0 0.0 0.0 0.0 0.0 7
stats: {recvpackets,"tsung_controller@ip-172-31-16-249"} 1 468.0 0.0 846 91 422.3333333333333 6
stats: {sentpackets,"tsung_controller@ip-172-31-16-249"} 1 448.0 0.0 668 90 362.5 6
stats: {cpu,"tsung_controller@ip-172-31-16-249"} 1 0.6012024048096193 0.0 4.909819639278557 0.1002004008016032 1.651854530057492 7
stats: {freemem,"tsung_controller@ip-172-31-16-249"} 1 3521.703125 0.0 3523.1328125 3514.04296875 3520.883370535714 7
stats: session 44 22.239159090909094 6.0449348328812444 58.61 17.343 21.65004918032787 122
stats: users_count 44 166
stats: finish_users_count 44 166
stats: request 132 6.457696969696974 2.5618064292408804 34.555 3.479 6.546158333333332 360
stats: connect 44 1.5816818181818184 0.11902287265427616 26.461 1.226 1.9696916666666666 120
stats: page 44 19.49127272727273 4.755447724660998 54.841 15.362 19.766775 120
stats: 200 88 328
stats: size_rcv 234256 873136
stats: 422 44 164
stats: newphase 0 2
stats: size_sent 65136 242588
stats: connected 0 0
# stats: dump at 1573854627
stats: users 0 2
stats: {load,"tsung_controller@ip-172-31-16-249"} 1 0.078125 0.0 0.078125 0.0 0.0 8
stats: {recvpackets,"tsung_controller@ip-172-31-16-249"} 1 768.0 0.0 846 91 428.85714285714283 7
stats: {sentpackets,"tsung_controller@ip-172-31-16-249"} 1 734.0 0.0 734 90 374.7142857142857 7
stats: {cpu,"tsung_controller@ip-172-31-16-249"} 1 2.3023023023023024 0.0 4.909819639278557 0.1002004008016032 1.520523014401508 8
stats: {freemem,"tsung_controller@ip-172-31-16-249"} 1 3521.47265625 0.0 3523.1328125 3514.04296875 3520.98583984375 8
stats: session 44 21.751886363636363 4.008493262696942 58.61 17.343 21.806198795180723 166
stats: users_count 44 210
stats: finish_users_count 44 210
stats: request 138 6.660166666666668 2.506471738055607 34.555 3.479 6.522424796747967 492
stats: connect 46 1.591304347826087 0.20909233133851338 26.461 1.213 1.865591463414634 164
stats: page 46 20.10236956521738 4.592427208761112 54.841 15.362 19.692859756097562 164
stats: 200 92 420
stats: size_rcv 244904 1118040
stats: 422 46 210
stats: newphase 0 2
stats: size_sent 68072 310660
stats: connected 0 0
# stats: dump at 1573854637
stats: users 0 2
stats: {load,"tsung_controller@ip-172-31-16-249"} 1 0.0703125 0.0 0.078125 0.0 0.008680555555555556 9
stats: {recvpackets,"tsung_controller@ip-172-31-16-249"} 1 668.0 0.0 846 91 471.25 8
stats: {sentpackets,"tsung_controller@ip-172-31-16-249"} 1 657.0 0.0 734 90 419.625 8
stats: {cpu,"tsung_controller@ip-172-31-16-249"} 1 1.8072289156626504 0.0 4.909819639278557 0.1002004008016032 1.6073873797238187 9
stats: {freemem,"tsung_controller@ip-172-31-16-249"} 1 3521.33984375 0.0 3523.1328125 3514.04296875 3521.0399305555557 9
stats: session 69 21.455971014492754 4.604556766253685 58.61 16.962 21.79481904761905 210
stats: users_count 69 279
stats: finish_users_count 69 279
stats: request 198 6.508863636363637 2.634193345678153 34.555 3.479 6.552596825396826 630
stats: connect 66 1.6469090909090904 0.4590633985156617 26.461 1.213 1.8055095238095238 210
stats: page 66 19.639924242424247 4.6754896302034075 54.841 14.952 19.782561904761902 210
stats: 200 132 552
stats: size_rcv 351384 1469424
stats: 422 66 276
stats: newphase 1 3
stats: size_sent 97564 408224
stats: connected 0 0
# stats: dump at 1573854647
stats: users 0 3
stats: {load,"tsung_controller@ip-172-31-16-249"} 1 0.05859375 0.0 0.078125 0.0 0.01484375 10
stats: {recvpackets,"tsung_controller@ip-172-31-16-249"} 1 1001.0 0.0 1001 91 493.1111111111111 9
stats: {sentpackets,"tsung_controller@ip-172-31-16-249"} 1 946.0 0.0 946 90 446.0 9
stats: {cpu,"tsung_controller@ip-172-31-16-249"} 1 0.9045226130653266 0.0 4.909819639278557 0.1002004008016032 1.627371533317702 10
stats: {freemem,"tsung_controller@ip-172-31-16-249"} 1 3521.3359375 0.0 3523.1328125 3514.04296875 3521.069921875 10
stats: session 85 21.429082352941183 3.8949570811250567 58.61 16.962 21.711017921146954 279
stats: users_count 85 364
stats: finish_users_count 85 364
stats: request 255 6.399690196078423 2.2824160303051855 34.555 3.479 6.542138888888889 828
stats: connect 85 1.5690705882352942 0.28000268016512625 26.461 1.171 1.767583333333333 276
stats: page 85 19.31174117647058 3.7647609756262903 54.841 14.952 19.748452898550727 276
stats: 200 170 722
stats: size_rcv 452540 1921964
stats: 422 85 361
stats: newphase 0 3
stats: size_sent 125789 534013
stats: connected 0 0
# stats: dump at 1573854657
stats: users 0 3
stats: {load,"tsung_controller@ip-172-31-16-249"} 1 0.05078125 0.0 0.078125 0.0 0.018821022727272728 11
stats: {recvpackets,"tsung_controller@ip-172-31-16-249"} 1 1284.0 0.0 1284 91 543.9 10
stats: {sentpackets,"tsung_controller@ip-172-31-16-249"} 1 1241.0 0.0 1241 90 496.0 10
stats: {cpu,"tsung_controller@ip-172-31-16-249"} 1 2.6052104208416833 0.0 4.909819639278557 0.1002004008016032 1.5616579951129408 11
stats: {freemem,"tsung_controller@ip-172-31-16-249"} 1 3521.04296875 0.0 3523.1328125 3514.04296875 3521.0941051136365 11
stats: session 72 22.08006944444445 5.395761763557242 58.61 16.962 21.64518131868132 364
stats: users_count 72 436
stats: finish_users_count 72 436
stats: request 221 6.696330316742076 2.8110244689612705 34.555 3.409 6.508598337950136 1083
stats: connect 74 1.5480540540540537 0.30762243846268245 26.461 1.171 1.7208421052631577 361
stats: page 73 20.169904109589048 5.4628629058206615 54.841 14.952 19.645626038781167 361
stats: 200 148 870
stats: size_rcv 392016 2313980
stats: 422 73 434
stats: newphase 0 3
stats: size_sent 109438 643451
stats: connected 1 1
# stats: dump at 1573854664
stats: users 0 3
stats: {load,"tsung_controller@ip-172-31-16-249"} 1 0.0390625 0.0 0.078125 0.0 0.021484375 12
stats: {recvpackets,"tsung_controller@ip-172-31-16-249"} 1 987.0 0.0 1284 91 611.1818181818181 11
stats: {sentpackets,"tsung_controller@ip-172-31-16-249"} 1 937.0 0.0 1241 90 563.7272727272727 11
stats: {cpu,"tsung_controller@ip-172-31-16-249"} 1 0.9036144578313252 0.0 4.909819639278557 0.1002004008016032 1.6486206972570026 12
stats: {freemem,"tsung_controller@ip-172-31-16-249"} 1 3521.04296875 0.0 3523.1328125 3514.04296875 3521.08984375 12
stats: session 12 27.355083333333337 7.930148290525356 58.61 16.962 21.71699770642202 436
stats: users_count 12 448
stats: finish_users_count 12 448
stats: request 40 8.324449999999997 4.153548603002016 34.555 3.409 6.540414877300611 1304
stats: connect 13 2.197538461538461 1.8988211571873346 26.461 1.171 1.6914482758620686 435
stats: page 14 25.002928571428573 7.411186423858441 54.841 14.952 19.73381105990784 434
stats: 200 26 896
stats: size_rcv 71172 2385152
stats: 422 14 448
stats: newphase 0 3
stats: size_sent 19213 662664
stats: connected -1 0
EndMonitor:{1573,854664,642347}
